Build log F:\Dropbox\회사\JDS_PRO\해외 프로젝트\DENVER\Program\2012_06_04(케나다 출장 완료)\Lon-Program\Ver1.1.02\Denver\Release\Denver.log
Created Tuesday, January 26, 2016, at 13:32:55

C:\PROGRAM FILES\LONWORKS\NEURONC\INCLUDE\BPLATE.NS
C:\PROGRAM FILES\LONWORKS\NEURONC\INCLUDE\ECHELON.H
C:\PROGRAM FILES\LONWORKS\NEURONC\INCLUDE\MODNVLEN.H
C:\PROGRAM FILES\LONWORKS\NEURONC\INCLUDE\STRING.H
C:\PROGRAM FILES\LONWORKS\NEURONC\INCLUDE\ADDRDEFS.H
C:\PROGRAM FILES\LONWORKS\NEURONC\INCLUDE\ACCESS.H
C:\PROGRAM FILES\LONWORKS\NEURONC\INCLUDE\MSG_ADDR.H
C:\PROGRAM FILES\LONWORKS\NEURONC\INCLUDE\S32.H
C:\PROGRAM FILES\LONWORKS\NEURONC\INCLUDE\NM_STE.H
C:\PROGRAM FILES\LONWORKS\NEURONC\INCLUDE\CONTROL.H
C:\PROGRAM FILES\LONWORKS\NEURONC\INCLUDE\IO_TYPES.H
C:\PROGRAM FILES\LONWORKS\NEURONC\INCLUDE\NETMGMT.H
C:\PROGRAM FILES\LONWORKS\NEURONC\INCLUDE\NM_CKM.H
C:\PROGRAM FILES\LONWORKS\NEURONC\INCLUDE\NM_ERR.H
C:\PROGRAM FILES\LONWORKS\NEURONC\INCLUDE\NM_FM.H
C:\PROGRAM FILES\LONWORKS\NEURONC\INCLUDE\NM_INST.H
C:\PROGRAM FILES\LONWORKS\NEURONC\INCLUDE\NM_MOD.H
C:\PROGRAM FILES\LONWORKS\NEURONC\INCLUDE\NM_NMO.H
C:\PROGRAM FILES\LONWORKS\NEURONC\INCLUDE\NM_RQR.H
C:\PROGRAM FILES\LONWORKS\NEURONC\INCLUDE\NM_SEL.H
C:\PROGRAM FILES\LONWORKS\NEURONC\INCLUDE\NM_SUB.H
C:\PROGRAM FILES\LONWORKS\NEURONC\INCLUDE\NM_WCH.H
C:\PROGRAM FILES\LONWORKS\NEURONC\INCLUDE\NM_MODEL.H
C:\PROGRAM FILES\LONWORKS\NEURONC\INCLUDE\STATUS.H
C:\PROGRAM FILES\LONWORKS\NEURONC\INCLUDE\SNVT_FR.H
C:\PROGRAM FILES\LONWORKS\NEURONC\INCLUDE\SNVT_FS.H
F:\DROPBOX\회사\JDS_PRO\해외 프로젝트\DENVER\PROGRAM\2012_06_04(케나다 출장 완료)\LON-PROGRAM\VER1.1.02\DENVER\COMM.H
F:\DROPBOX\회사\JDS_PRO\해외 프로젝트\DENVER\PROGRAM\2012_06_04(케나다 출장 완료)\LON-PROGRAM\VER1.1.02\DENVER\FILE.H
F:\DROPBOX\회사\JDS_PRO\해외 프로젝트\DENVER\PROGRAM\2012_06_04(케나다 출장 완료)\LON-PROGRAM\VER1.1.02\DENVER\FSYS.H
