Build log D:\Users\JDS_SSD\Desktop\JDS_PRO\SEPTA\프로그램\LIC\Lon_SW\WJ_LIC (20101210)\LIC\Release\LIC.log
Created Thursday, November 01, 2012, at 16:53:19

C:\PROGRAM FILES\LONWORKS\NEURONC\INCLUDE\BPLATE.NS
C:\PROGRAM FILES\LONWORKS\NEURONC\INCLUDE\ECHELON.H
C:\PROGRAM FILES\LONWORKS\NEURONC\INCLUDE\MODNVLEN.H
C:\PROGRAM FILES\LONWORKS\NEURONC\INCLUDE\ADDRDEFS.H
C:\PROGRAM FILES\LONWORKS\NEURONC\INCLUDE\ACCESS.H
C:\PROGRAM FILES\LONWORKS\NEURONC\INCLUDE\MSG_ADDR.H
C:\PROGRAM FILES\LONWORKS\NEURONC\INCLUDE\S32.H
C:\PROGRAM FILES\LONWORKS\NEURONC\INCLUDE\STDLIB.H
C:\PROGRAM FILES\LONWORKS\NEURONC\INCLUDE\CONTROL.H
C:\PROGRAM FILES\LONWORKS\NEURONC\INCLUDE\IO_TYPES.H
C:\PROGRAM FILES\LONWORKS\NEURONC\INCLUDE\NETMGMT.H
C:\PROGRAM FILES\LONWORKS\NEURONC\INCLUDE\NM_CKM.H
C:\PROGRAM FILES\LONWORKS\NEURONC\INCLUDE\NM_ERR.H
C:\PROGRAM FILES\LONWORKS\NEURONC\INCLUDE\NM_FM.H
C:\PROGRAM FILES\LONWORKS\NEURONC\INCLUDE\NM_INST.H
C:\PROGRAM FILES\LONWORKS\NEURONC\INCLUDE\NM_MOD.H
C:\PROGRAM FILES\LONWORKS\NEURONC\INCLUDE\NM_NMO.H
C:\PROGRAM FILES\LONWORKS\NEURONC\INCLUDE\NM_RQR.H
C:\PROGRAM FILES\LONWORKS\NEURONC\INCLUDE\NM_SEL.H
C:\PROGRAM FILES\LONWORKS\NEURONC\INCLUDE\NM_STE.H
C:\PROGRAM FILES\LONWORKS\NEURONC\INCLUDE\NM_SUB.H
C:\PROGRAM FILES\LONWORKS\NEURONC\INCLUDE\NM_WCH.H
C:\PROGRAM FILES\LONWORKS\NEURONC\INCLUDE\NM_MODEL.H
C:\PROGRAM FILES\LONWORKS\NEURONC\INCLUDE\STATUS.H
C:\PROGRAM FILES\LONWORKS\NEURONC\INCLUDE\STRING.H
C:\PROGRAM FILES\LONWORKS\NEURONC\INCLUDE\BYTE.H
C:\PROGRAM FILES\LONWORKS\NEURONC\INCLUDE\SNVT_FR.H
C:\PROGRAM FILES\LONWORKS\NEURONC\INCLUDE\SNVT_FS.H
C:\PROGRAM FILES\LONWORKS\NEURONC\INCLUDE\MEM.H
D:\USERS\JDS_SSD\DESKTOP\JDS_PRO\SEPTA\프로그램\LIC\LON_SW\WJ_LIC (20101210)\LIC\COMM.H
D:\USERS\JDS_SSD\DESKTOP\JDS_PRO\SEPTA\프로그램\LIC\LON_SW\WJ_LIC (20101210)\LIC\FILE.H
D:\USERS\JDS_SSD\DESKTOP\JDS_PRO\SEPTA\프로그램\LIC\LON_SW\WJ_LIC (20101210)\LIC\FSYS.H
