###############################################################################
#                                                                             #
# IAR ANSI C/C++ Compiler V6.30.6.53336/W32 for ARM     02/Sep/2014  08:11:48 #
# Copyright 1999-2012 IAR Systems AB.                                         #
#                                                                             #
#    Cpu mode     =  arm                                                      #
#    Endian       =  little                                                   #
#    Source file  =  C:\Users\JDS_Retina\Dropbox\회사\JDS_PRO\국내            #
#                    프로젝트\대구 모노레일\프로그램\ARM_AT91sam7se512_Dagu_L #
#                    ED\at91lib\memories\spi-flash\at45.c                     #
#    Command line =  "C:\Users\JDS_Retina\Dropbox\회사\JDS_PRO\국내           #
#                    프로젝트\대구 모노레일\프로그램\ARM_AT91sam7se512_Dagu_L #
#                    ED\at91lib\memories\spi-flash\at45.c" -D at91sam7se512   #
#                    -D sram -D TRACE_LEVEL=4 -lC                             #
#                    "C:\Users\JDS_Retina\Dropbox\회사\JDS_PRO\국내           #
#                    프로젝트\대구 모노레일\프로그램\ARM_AT91sam7se512_Dagu_L #
#                    ED\at91sam7se-ek\basic-usart-hw-handshaking-project\ewp\ #
#                    at91sam7se512_sram\List\" --remarks --diag_suppress      #
#                    Pe826,Pe1375 -o "C:\Users\JDS_Retina\Dropbox\회사\JDS_PR #
#                    O\국내 프로젝트\대구 모노레일\프로그램\ARM_AT91sam7se512 #
#                    _Dagu_LED\at91sam7se-ek\basic-usart-hw-handshaking-proje #
#                    ct\ewp\at91sam7se512_sram\Obj\" --no_cse --no_unroll     #
#                    --no_inline --no_code_motion --no_tbaa --no_clustering   #
#                    --no_scheduling --debug --endian=little --cpu=ARM7TDMI   #
#                    -e --fpu=None --dlib_config "C:\Program Files\IAR        #
#                    Systems\Embedded Workbench 6.0\arm\INC\c\DLib_Config_Ful #
#                    l.h" -I "C:\Users\JDS_Retina\Dropbox\회사\JDS_PRO\국내   #
#                    프로젝트\대구 모노레일\프로그램\ARM_AT91sam7se512_Dagu_L #
#                    ED\at91sam7se-ek\basic-usart-hw-handshaking-project\ewp\ #
#                    ..\..\..\at91lib/peripherals\" -I                        #
#                    "C:\Users\JDS_Retina\Dropbox\회사\JDS_PRO\국내           #
#                    프로젝트\대구 모노레일\프로그램\ARM_AT91sam7se512_Dagu_L #
#                    ED\at91sam7se-ek\basic-usart-hw-handshaking-project\ewp\ #
#                    ..\..\..\at91lib\" -I "C:\Users\JDS_Retina\Dropbox\회사\ #
#                    JDS_PRO\국내 프로젝트\대구 모노레일\프로그램\ARM_AT91sam #
#                    7se512_Dagu_LED\at91sam7se-ek\basic-usart-hw-handshaking #
#                    -project\ewp\..\..\..\at91lib/components\" -I            #
#                    "C:\Users\JDS_Retina\Dropbox\회사\JDS_PRO\국내           #
#                    프로젝트\대구 모노레일\프로그램\ARM_AT91sam7se512_Dagu_L #
#                    ED\at91sam7se-ek\basic-usart-hw-handshaking-project\ewp\ #
#                    ..\..\..\at91lib/boards/at91sam7se-ek\" --interwork      #
#                    --cpu_mode arm -Oh --use_c++_inline                      #
#    List file    =  C:\Users\JDS_Retina\Dropbox\회사\JDS_PRO\국내            #
#                    프로젝트\대구 모노레일\프로그램\ARM_AT91sam7se512_Dagu_L #
#                    ED\at91sam7se-ek\basic-usart-hw-handshaking-project\ewp\ #
#                    at91sam7se512_sram\List\at45.lst                         #
#    Object file  =  C:\Users\JDS_Retina\Dropbox\회사\JDS_PRO\국내            #
#                    프로젝트\대구 모노레일\프로그램\ARM_AT91sam7se512_Dagu_L #
#                    ED\at91sam7se-ek\basic-usart-hw-handshaking-project\ewp\ #
#                    at91sam7se512_sram\Obj\at45.o                            #
#                                                                             #
#                                                                             #
###############################################################################

C:\Users\JDS_Retina\Dropbox\회사\JDS_PRO\국내 프로젝트\대구 모노레일\프로그램\ARM_AT91sam7se512_Dagu_LED\at91lib\memories\spi-flash\at45.c
      1          /* ----------------------------------------------------------------------------
      2           *         ATMEL Microcontroller Software Support 
      3           * ----------------------------------------------------------------------------
      4           * Copyright (c) 2008, Atmel Corporation
      5           *
      6           * All rights reserved.
      7           *
      8           * Redistribution and use in source and binary forms, with or without
      9           * modification, are permitted provided that the following conditions are met:
     10           *
     11           * - Redistributions of source code must retain the above copyright notice,
     12           * this list of conditions and the disclaimer below.
     13           *
     14           * Atmel's name may not be used to endorse or promote products derived from
     15           * this software without specific prior written permission.
     16           *
     17           * DISCLAIMER: THIS SOFTWARE IS PROVIDED BY ATMEL "AS IS" AND ANY EXPRESS OR
     18           * IMPLIED WARRANTIES, INCLUDING, BUT NOT LIMITED TO, THE IMPLIED WARRANTIES OF
     19           * MERCHANTABILITY, FITNESS FOR A PARTICULAR PURPOSE AND NON-INFRINGEMENT ARE
     20           * DISCLAIMED. IN NO EVENT SHALL ATMEL BE LIABLE FOR ANY DIRECT, INDIRECT,
     21           * INCIDENTAL, SPECIAL, EXEMPLARY, OR CONSEQUENTIAL DAMAGES (INCLUDING, BUT NOT
     22           * LIMITED TO, PROCUREMENT OF SUBSTITUTE GOODS OR SERVICES; LOSS OF USE, DATA,
     23           * OR PROFITS; OR BUSINESS INTERRUPTION) HOWEVER CAUSED AND ON ANY THEORY OF
     24           * LIABILITY, WHETHER IN CONTRACT, STRICT LIABILITY, OR TORT (INCLUDING
     25           * NEGLIGENCE OR OTHERWISE) ARISING IN ANY WAY OUT OF THE USE OF THIS SOFTWARE,
     26           * EVEN IF ADVISED OF THE POSSIBILITY OF SUCH DAMAGE.
     27           * ----------------------------------------------------------------------------
     28           */
     29          
     30          //------------------------------------------------------------------------------
     31          //         Headers
     32          //------------------------------------------------------------------------------
     33          
     34          #include "at45.h"
     35          #include <board.h>
     36          #include <utility/assert.h>
     37          
     38          #include <string.h>

   \                                 In section .text, align 4
   \   __intrinsic __nounwind __interwork __softfp void *memset(void *, int, size_t)
   \                     memset:
   \   00000000   0xE92D4010         PUSH     {R4,LR}
   \   00000004   0xE1A04000         MOV      R4,R0
   \   00000008   0xE1A00002         MOV      R0,R2
   \   0000000C   0xE1A02001         MOV      R2,R1
   \   00000010   0xE1A01000         MOV      R1,R0
   \   00000014   0xE1A00004         MOV      R0,R4
   \   00000018   0x........         BL       __aeabi_memset
   \   0000001C   0xE1A00004         MOV      R0,R4
   \   00000020   0xE8BD4010         POP      {R4,LR}
   \   00000024   0xE12FFF1E         BX       LR               ;; return
     39          
     40          //------------------------------------------------------------------------------
     41          //         Internal definitions
     42          //------------------------------------------------------------------------------
     43          
     44          /// Number of dataflash which can be recognized.
     45          #define NUMDATAFLASH    (sizeof(at45Devices) / sizeof(At45Desc))
     46          
     47          //------------------------------------------------------------------------------
     48          //         Local variables
     49          //------------------------------------------------------------------------------
     50          
     51          /// indicate if the device is configured as binary page or not.

   \                                 In section .bss, align 1
     52          static unsigned char configuredBinaryPage;
   \                     configuredBinaryPage:
   \   00000000                      DS8 1
     53          
     54          //------------------------------------------------------------------------------
     55          //         Internal variables
     56          //------------------------------------------------------------------------------
     57          

   \                                 In section .rodata, align 4
     58          static const At45Desc at45Devices[] = {
   \                     at45Devices:
   \   00000000   0x00000200         DC32 512, 1, 264, 9
   \              0x00000001   
   \              0x00000108   
   \              0x00000009   
   \   00000010   0x0C 0x00          DC8 12, 0, 0, 0
   \              0x00 0x00    
   \   00000014   0x........         DC32 `?<Constant "AT45DB011D">`, 1024, 1, 264, 9
   \              0x00000400   
   \              0x00000001   
   \              0x00000108   
   \              0x00000009   
   \   00000028   0x14 0x00          DC8 20, 0, 0, 0
   \              0x00 0x00    
   \   0000002C   0x........         DC32 `?<Constant "AT45DB021D">`, 2048, 1, 264, 9
   \              0x00000800   
   \              0x00000001   
   \              0x00000108   
   \              0x00000009   
   \   00000040   0x1C 0x00          DC8 28, 0, 0, 0
   \              0x00 0x00    
   \   00000044   0x........         DC32 `?<Constant "AT45DB041D">`, 4096, 1, 264, 9
   \              0x00001000   
   \              0x00000001   
   \              0x00000108   
   \              0x00000009   
   \   00000058   0x24 0x00          DC8 36, 0, 0, 0
   \              0x00 0x00    
   \   0000005C   0x........         DC32 `?<Constant "AT45DB081D">`, 4096, 1, 528, 10
   \              0x00001000   
   \              0x00000001   
   \              0x00000210   
   \              0x0000000A   
   \   00000070   0x2C 0x00          DC8 44, 0, 0, 0
   \              0x00 0x00    
   \   00000074   0x........         DC32 `?<Constant "AT45DB161D">`, 8192, 1, 528, 10
   \              0x00002000   
   \              0x00000001   
   \              0x00000210   
   \              0x0000000A   
   \   00000088   0x34 0x00          DC8 52, 0, 0, 0
   \              0x00 0x00    
   \   0000008C   0x........         DC32 `?<Constant "AT45DB321D">`, 8192, 1, 1056, 11
   \              0x00002000   
   \              0x00000001   
   \              0x00000420   
   \              0x0000000B   
   \   000000A0   0x3C 0x00          DC8 60, 0, 0, 0
   \              0x00 0x00    
   \   000000A4   0x........         DC32 `?<Constant "AT45DB642D">`, 16384, 1, 1056, 11
   \              0x00004000   
   \              0x00000001   
   \              0x00000420   
   \              0x0000000B   
   \   000000B8   0x10 0x00          DC8 16, 0, 0, 0
   \              0x00 0x00    
   \   000000BC   0x........         DC32 `?<Constant "AT45DB1282">`, 16384, 1, 2112, 12
   \              0x00004000   
   \              0x00000001   
   \              0x00000840   
   \              0x0000000C   
   \   000000D0   0x18 0x00          DC8 24, 0, 0, 0
   \              0x00 0x00    
   \   000000D4   0x........         DC32 `?<Constant "AT45DB2562">`, 32768, 1, 2112, 12
   \              0x00008000   
   \              0x00000001   
   \              0x00000840   
   \              0x0000000C   
   \   000000E8   0x20 0x00          DC8 32, 0, 0, 0
   \              0x00 0x00    
   \   000000EC   0x........         DC32 `?<Constant "AT45DB5122">`
     59              {  512,  1, 264,   9, 0x0C, "AT45DB011D"},
     60              { 1024,  1, 264,   9, 0x14, "AT45DB021D"},
     61              { 2048,  1, 264,   9, 0x1C, "AT45DB041D"},
     62              { 4096,  1, 264,   9, 0x24, "AT45DB081D"},
     63              { 4096,  1, 528,  10, 0x2C, "AT45DB161D"},
     64              { 8192,  1, 528,  10, 0x34, "AT45DB321D"},
     65              { 8192,  1, 1056, 11, 0x3C, "AT45DB642D"},
     66              {16384,  1, 1056, 11, 0x10, "AT45DB1282"},
     67              {16384,  1, 2112, 12, 0x18, "AT45DB2562"},
     68              {32768,  1, 2112, 12, 0x20, "AT45DB5122"}
     69          };
     70          
     71          //------------------------------------------------------------------------------
     72          //         Exported functions
     73          //------------------------------------------------------------------------------
     74          
     75          //------------------------------------------------------------------------------
     76          /// Initializes an AT45 instance and configures SPI chip select register.
     77          /// Always returns 0.
     78          /// \param pAt45  Pointer to the At45 instance to initialize.
     79          /// \param pSpid  Pointer to the underlying SPI driver.
     80          /// \param spiCs  Chip select value to connect to the At45.
     81          //------------------------------------------------------------------------------

   \                                 In section .text, align 4, keep-with-next
     82          unsigned char AT45_Configure(At45 *pAt45, Spid *pSpid, unsigned char spiCs)
     83          {
   \                     AT45_Configure:
   \   00000000   0xE92D4038         PUSH     {R3-R5,LR}
   \   00000004   0xE1A04000         MOV      R4,R0
   \   00000008   0xE1A05002         MOV      R5,R2
     84              SpidCmd *pCommand;
     85          
     86              // Sanity checks
     87              ASSERT(pSpid, "AT45_Configure: pSpid is 0.\n\r");
   \   0000000C   0xE3510000         CMP      R1,#+0
   \   00000010   0x1A000004         BNE      ??AT45_Configure_0
   \   00000014   0x........         LDR      R0,??DataTable3
   \   00000018   0x........         BL       printf
   \   0000001C   0x........         LDR      R0,??DataTable3_1
   \   00000020   0x........         BL       printf
   \                     ??AT45_Configure_1:
   \   00000024   0xEAFFFFFE         B        ??AT45_Configure_1
     88              ASSERT(pAt45, "AT45_Configure: pAt45 is 0.\n\r");
   \                     ??AT45_Configure_0:
   \   00000028   0xE3540000         CMP      R4,#+0
   \   0000002C   0x1A000004         BNE      ??AT45_Configure_2
   \   00000030   0x........         LDR      R0,??DataTable3
   \   00000034   0x........         BL       printf
   \   00000038   0x........         LDR      R0,??DataTable3_2
   \   0000003C   0x........         BL       printf
   \                     ??AT45_Configure_3:
   \   00000040   0xEAFFFFFE         B        ??AT45_Configure_3
     89          
     90              // Initialize the At45 instance
     91              pAt45->pSpid = pSpid;
   \                     ??AT45_Configure_2:
   \   00000044   0xE5841000         STR      R1,[R4, #+0]
     92              pAt45->pDesc = 0;
   \   00000048   0xE3A00000         MOV      R0,#+0
   \   0000004C   0xE584001C         STR      R0,[R4, #+28]
     93              memset(pAt45->pCmdBuffer, 0, 8);
   \   00000050   0xE3A02008         MOV      R2,#+8
   \   00000054   0xE3A01000         MOV      R1,#+0
   \   00000058   0xE2840020         ADD      R0,R4,#+32
   \   0000005C   0x........         BL       memset
     94          
     95              // Initialize the spidCmd structure
     96              pCommand = &(pAt45->command);
   \   00000060   0xE2840004         ADD      R0,R4,#+4
     97              pCommand->pCmd = pAt45->pCmdBuffer;
   \   00000064   0xE2841020         ADD      R1,R4,#+32
   \   00000068   0xE5801000         STR      R1,[R0, #+0]
     98              pCommand->callback = 0;
   \   0000006C   0xE3A01000         MOV      R1,#+0
   \   00000070   0xE5801010         STR      R1,[R0, #+16]
     99              pCommand->pArgument = 0;
   \   00000074   0xE5801014         STR      R1,[R0, #+20]
    100              pCommand->spiCs = spiCs;
   \   00000078   0xE5C0500E         STRB     R5,[R0, #+14]
    101          
    102              return 0;
   \   0000007C   0xE3A00000         MOV      R0,#+0
   \   00000080   0xE8BD4032         POP      {R1,R4,R5,LR}
   \   00000084   0xE12FFF1E         BX       LR               ;; return
    103          }
    104          
    105          //------------------------------------------------------------------------------
    106          /// This function returns 1 if the At45 driver is not executing any command;
    107          /// otherwise it returns 0.
    108          /// \param pAt45  Pointer to an At45 instance.
    109          //------------------------------------------------------------------------------

   \                                 In section .text, align 4, keep-with-next
    110          unsigned char AT45_IsBusy(At45 *pAt45)
    111          {
    112              return SPID_IsBusy(pAt45->pSpid);
   \                     AT45_IsBusy:
   \   00000000   0xE5900000         LDR      R0,[R0, #+0]
   \   00000004   0x........         B        SPID_IsBusy      ;; tailcall
    113          }
    114          
    115          //------------------------------------------------------------------------------
    116          /// Sends a command to the dataflash through the SPI. The command is identified
    117          /// by its command code and the number of bytes to transfer (1 + number of
    118          /// address bytes + number of dummy bytes). If data needs to be received, then
    119          /// a data buffer must be provided.
    120          /// This function does not block; its optional callback will be invoked when
    121          /// the transfer completes.
    122          /// \param pAt45  Pointer to an At45 driver instance.
    123          /// \param cmd  Command code.
    124          /// \param cmdSize  Size of command code + address bytes + dummy bytes.
    125          /// \param pData  Data buffer.
    126          /// \param dataSize  Number of data bytes to send/receive.
    127          /// \param address  Address at which the command is performed if meaningful.
    128          /// \param callback  Optional callback to invoke at end of transfer.
    129          /// \param pArgument  Optional parameter to the callback function.
    130          //------------------------------------------------------------------------------

   \                                 In section .text, align 4, keep-with-next
    131          unsigned char AT45_SendCommand(
    132              At45 *pAt45,
    133              unsigned char cmd,
    134              unsigned char cmdSize,
    135              unsigned char *pData,
    136              unsigned int dataSize,
    137              unsigned int address,
    138              SpidCallback callback,
    139              void *pArgument)
    140          {
   \                     AT45_SendCommand:
   \   00000000   0xE92D4FFE         PUSH     {R1-R11,LR}
   \   00000004   0xE1A04000         MOV      R4,R0
   \   00000008   0xE1A05001         MOV      R5,R1
   \   0000000C   0xE1A06002         MOV      R6,R2
   \   00000010   0xE59D7030         LDR      R7,[SP, #+48]
   \   00000014   0xE59D8034         LDR      R8,[SP, #+52]
   \   00000018   0xE59D9038         LDR      R9,[SP, #+56]
   \   0000001C   0xE59DA03C         LDR      R10,[SP, #+60]
    141              SpidCmd *pCommand;
    142              const At45Desc *pDesc = pAt45->pDesc;
   \   00000020   0xE594B01C         LDR      R11,[R4, #+28]
    143              unsigned int dfAddress = 0;
    144          
    145              // Sanity checks
    146              ASSERT(pAt45, "AT45_Command: pAt45 is 0.\n\r");
   \   00000024   0xE3540000         CMP      R4,#+0
   \   00000028   0x1A000004         BNE      ??AT45_SendCommand_0
   \   0000002C   0x........         LDR      R0,??DataTable3
   \   00000030   0x........         BL       printf
   \   00000034   0x........         LDR      R0,??DataTable3_3
   \   00000038   0x........         BL       printf
   \                     ??AT45_SendCommand_1:
   \   0000003C   0xEAFFFFFE         B        ??AT45_SendCommand_1
    147              ASSERT(pDesc || (cmd == AT45_STATUS_READ),
    148                     "AT45_Command: Device has no descriptor, only STATUS_READ command allowed\n\r");
   \                     ??AT45_SendCommand_0:
   \   00000040   0xE35B0000         CMP      R11,#+0
   \   00000044   0x1A000006         BNE      ??AT45_SendCommand_2
   \   00000048   0xE35500D7         CMP      R5,#+215
   \   0000004C   0x0A000004         BEQ      ??AT45_SendCommand_2
   \   00000050   0x........         LDR      R0,??DataTable3
   \   00000054   0x........         BL       printf
   \   00000058   0x........         LDR      R0,??DataTable3_4
   \   0000005C   0x........         BL       printf
   \                     ??AT45_SendCommand_3:
   \   00000060   0xEAFFFFFE         B        ??AT45_SendCommand_3
    149          
    150              // Check if the SPI driver is available
    151              if (AT45_IsBusy(pAt45)) {
   \                     ??AT45_SendCommand_2:
   \   00000064   0x........         BL       AT45_IsBusy
   \   00000068   0xE3500000         CMP      R0,#+0
    152          
    153                  return AT45_ERROR_LOCK;
   \   0000006C   0x13A00001         MOVNE    R0,#+1
   \   00000070   0x1A000039         BNE      ??AT45_SendCommand_4
    154              }
    155          
    156              // Compute command pattern
    157              pAt45->pCmdBuffer[0] = cmd;
   \   00000074   0xE5C45020         STRB     R5,[R4, #+32]
    158          
    159              // Add address bytes if necessary
    160              if (cmdSize > 1) {
   \   00000078   0xE3560002         CMP      R6,#+2
   \   0000007C   0x3A00002B         BCC      ??AT45_SendCommand_5
    161          
    162                  ASSERT(pDesc, "AT45_Command: No descriptor for dataflash.\n\r");
   \   00000080   0xE35B0000         CMP      R11,#+0
   \   00000084   0x1A000004         BNE      ??AT45_SendCommand_6
   \   00000088   0x........         LDR      R0,??DataTable3
   \   0000008C   0x........         BL       printf
   \   00000090   0x........         LDR      R0,??DataTable3_5
   \   00000094   0x........         BL       printf
   \                     ??AT45_SendCommand_7:
   \   00000098   0xEAFFFFFE         B        ??AT45_SendCommand_7
    163                  if (!configuredBinaryPage) {
   \                     ??AT45_SendCommand_6:
   \   0000009C   0x........         LDR      R0,??DataTable3_6
   \   000000A0   0xE5D00000         LDRB     R0,[R0, #+0]
   \   000000A4   0xE3500000         CMP      R0,#+0
   \   000000A8   0x1A00000B         BNE      ??AT45_SendCommand_8
    164                      dfAddress =
    165                          ((address / (pDesc->pageSize)) << pDesc->pageOffset)
    166                           + (address % (pDesc->pageSize));
   \   000000AC   0xE1A00008         MOV      R0,R8
   \   000000B0   0xE59B1008         LDR      R1,[R11, #+8]
   \   000000B4   0x........         BL       __aeabi_uidiv
   \   000000B8   0xE59B100C         LDR      R1,[R11, #+12]
   \   000000BC   0xE58D1000         STR      R1,[SP, #+0]
   \   000000C0   0xE58D0004         STR      R0,[SP, #+4]
   \   000000C4   0xE1A00008         MOV      R0,R8
   \   000000C8   0xE59B1008         LDR      R1,[R11, #+8]
   \   000000CC   0x........         BL       __aeabi_uidivmod
   \   000000D0   0xE59D0004         LDR      R0,[SP, #+4]
   \   000000D4   0xE59D2000         LDR      R2,[SP, #+0]
   \   000000D8   0xE0818210         ADD      R8,R1,R0, LSL R2
    167                  }
    168                  else {
    169                      dfAddress = address;
    170                  }
    171                  // Write address bytes
    172                  if (pDesc->pageNumber >= 16384) {
   \                     ??AT45_SendCommand_8:
   \   000000DC   0xE59B0000         LDR      R0,[R11, #+0]
   \   000000E0   0xE3500C40         CMP      R0,#+16384
   \   000000E4   0x3A00000C         BCC      ??AT45_SendCommand_9
    173          
    174                      pAt45->pCmdBuffer[1] = ((dfAddress & 0x0F000000) >> 24);
   \   000000E8   0xE1A00C28         LSR      R0,R8,#+24
   \   000000EC   0xE200000F         AND      R0,R0,#0xF
   \   000000F0   0xE5C40021         STRB     R0,[R4, #+33]
    175                      pAt45->pCmdBuffer[2] = ((dfAddress & 0x00FF0000) >> 16);
   \   000000F4   0xE1A00828         LSR      R0,R8,#+16
   \   000000F8   0xE5C40022         STRB     R0,[R4, #+34]
    176                      pAt45->pCmdBuffer[3] = ((dfAddress & 0x0000FF00) >> 8);
   \   000000FC   0xE1A00428         LSR      R0,R8,#+8
   \   00000100   0xE5C40023         STRB     R0,[R4, #+35]
    177                      pAt45->pCmdBuffer[4] = ((dfAddress & 0x000000FF) >> 0);
   \   00000104   0xE5C48024         STRB     R8,[R4, #+36]
    178              
    179                      if ((cmd != AT45_CONTINUOUS_READ) && (cmd != AT45_PAGE_READ)) {
   \   00000108   0xE355000B         CMP      R5,#+11
   \   0000010C   0x135500D2         CMPNE    R5,#+210
   \   00000110   0x0A000006         BEQ      ??AT45_SendCommand_5
    180              
    181                          cmdSize++;
   \   00000114   0xE2866001         ADD      R6,R6,#+1
   \   00000118   0xEA000004         B        ??AT45_SendCommand_5
    182                      }
    183                  }
    184                  else {
    185          
    186                      pAt45->pCmdBuffer[1] = ((dfAddress & 0x00FF0000) >> 16);
   \                     ??AT45_SendCommand_9:
   \   0000011C   0xE1A00828         LSR      R0,R8,#+16
   \   00000120   0xE5C40021         STRB     R0,[R4, #+33]
    187                      pAt45->pCmdBuffer[2] = ((dfAddress & 0x0000FF00) >> 8);
   \   00000124   0xE1A00428         LSR      R0,R8,#+8
   \   00000128   0xE5C40022         STRB     R0,[R4, #+34]
    188                      pAt45->pCmdBuffer[3] = ((dfAddress & 0x000000FF) >> 0);
   \   0000012C   0xE5C48023         STRB     R8,[R4, #+35]
    189                  }
    190              }
    191          
    192              // Update the SPI Transfer descriptors
    193              pCommand = &(pAt45->command);
   \                     ??AT45_SendCommand_5:
   \   00000130   0xE2841004         ADD      R1,R4,#+4
    194              pCommand->cmdSize = cmdSize;
   \   00000134   0xE5C16004         STRB     R6,[R1, #+4]
    195              pCommand->pData = pData;
   \   00000138   0xE59D0008         LDR      R0,[SP, #+8]
   \   0000013C   0xE5810008         STR      R0,[R1, #+8]
    196              pCommand->dataSize = dataSize;
   \   00000140   0xE1C170BC         STRH     R7,[R1, #+12]
    197              pCommand->callback = callback;
   \   00000144   0xE5819010         STR      R9,[R1, #+16]
    198              pCommand->pArgument = pArgument;
   \   00000148   0xE581A014         STR      R10,[R1, #+20]
    199          
    200              // Send Command and data through the SPI
    201              if (SPID_SendCommand(pAt45->pSpid, pCommand)) {
   \   0000014C   0xE5940000         LDR      R0,[R4, #+0]
   \   00000150   0x........         BL       SPID_SendCommand
   \   00000154   0xE3500000         CMP      R0,#+0
    202          
    203                  return AT45_ERROR_SPI;
   \   00000158   0x13A00002         MOVNE    R0,#+2
    204              }
    205          
    206              return 0;
   \                     ??AT45_SendCommand_4:
   \   0000015C   0xE28DD00C         ADD      SP,SP,#+12       ;; stack cleaning
   \   00000160   0xE8BD4FF0         POP      {R4-R11,LR}
   \   00000164   0xE12FFF1E         BX       LR               ;; return
    207          }
    208          
    209          //------------------------------------------------------------------------------
    210          /// This function returns the At45Desc structure corresponding to the device
    211          /// connected
    212          /// It automatically initializes pAt45->pDesc field structure.
    213          /// This function shall be called by the application before AT45_SendCommand.
    214          /// Returns 0 if successful; Otherwise, returns AT45_ERROR_LOCK if the At45
    215          /// driver is in use or AT45_ERROR_SPI if there was an error with the SPI driver.
    216          /// \param pAt45  Pointer to an AT45 driver instance.
    217          /// \param status  Device status register value.
    218          //------------------------------------------------------------------------------

   \                                 In section .text, align 4, keep-with-next
    219          const At45Desc * AT45_FindDevice(At45 *pAt45, unsigned char status)
    220          {
   \                     AT45_FindDevice:
   \   00000000   0xE92D4010         PUSH     {R4,LR}
    221              unsigned int i;
    222              unsigned char id = AT45_STATUS_ID(status);
   \   00000004   0xE201403C         AND      R4,R1,#0x3C
    223          
    224              // Check if status is all one; in which case, it is assumed that no device
    225              // is connected
    226              if (status == 0xFF) {
   \   00000008   0xE35100FF         CMP      R1,#+255
    227          
    228                  return 0;
   \   0000000C   0x03A00000         MOVEQ    R0,#+0
   \   00000010   0x0A000010         BEQ      ??AT45_FindDevice_0
    229              }
    230          
    231              // Look in device array
    232              i = 0;
    233              pAt45->pDesc = 0;
   \   00000014   0xE3A03000         MOV      R3,#+0
   \   00000018   0xE580301C         STR      R3,[R0, #+28]
   \   0000001C   0x........         LDR      R3,??DataTable3_7
   \   00000020   0xE3A0C00A         MOV      R12,#+10
    234              while ((i < NUMDATAFLASH) && !(pAt45->pDesc)) {
    235          
    236                  if (at45Devices[i].id == id) {
   \                     ??AT45_FindDevice_1:
   \   00000024   0xE5D3E010         LDRB     LR,[R3, #+16]
   \   00000028   0xE15E0004         CMP      LR,R4
    237          
    238                      pAt45->pDesc = &(at45Devices[i]);
   \   0000002C   0x0580301C         STREQ    R3,[R0, #+28]
    239                  }
    240                  i++;
   \   00000030   0xE2833018         ADD      R3,R3,#+24
   \   00000034   0xE25CC001         SUBS     R12,R12,#+1
    241              }
   \   00000038   0x0A000002         BEQ      ??AT45_FindDevice_2
   \   0000003C   0xE590E01C         LDR      LR,[R0, #+28]
   \   00000040   0xE35E0000         CMP      LR,#+0
   \   00000044   0x0AFFFFF6         BEQ      ??AT45_FindDevice_1
    242              configuredBinaryPage = AT45_STATUS_BINARY(status);
   \                     ??AT45_FindDevice_2:
   \   00000048   0xE2011001         AND      R1,R1,#0x1
   \   0000004C   0x........         LDR      R2,??DataTable3_6
   \   00000050   0xE5C21000         STRB     R1,[R2, #+0]
    243              return pAt45->pDesc;
   \   00000054   0xE590001C         LDR      R0,[R0, #+28]
   \                     ??AT45_FindDevice_0:
   \   00000058   0xE8BD4010         POP      {R4,LR}
   \   0000005C   0xE12FFF1E         BX       LR               ;; return
    244          }
    245          
    246          //------------------------------------------------------------------------------
    247          /// This function returns the pagesize corresponding to the device connected
    248          /// \param pAt45  Pointer to an AT45 driver instance.
    249          //------------------------------------------------------------------------------

   \                                 In section .text, align 4, keep-with-next
    250          unsigned int  AT45_PageSize(At45 *pAt45)
    251          {
    252              unsigned int pagesize = pAt45->pDesc->pageSize;
   \                     AT45_PageSize:
   \   00000000   0xE590101C         LDR      R1,[R0, #+28]
   \   00000004   0xE5911008         LDR      R1,[R1, #+8]
    253              if(((pAt45->pDesc->hasBinaryPage) == 0) || !configuredBinaryPage){
   \   00000008   0xE590001C         LDR      R0,[R0, #+28]
   \   0000000C   0xE5900004         LDR      R0,[R0, #+4]
   \   00000010   0xE3500000         CMP      R0,#+0
   \   00000014   0x........         LDRNE    R0,??DataTable3_6
   \   00000018   0x15D00000         LDRBNE   R0,[R0, #+0]
   \   0000001C   0x13500000         CMPNE    R0,#+0
    254                  return pagesize;
   \   00000020   0x01A00001         MOVEQ    R0,R1
    255              }
    256              return ((pagesize >> 8) << 8);
   \   00000024   0x13C100FF         BICNE    R0,R1,#0xFF
   \   00000028   0xE12FFF1E         BX       LR               ;; return
    257          }

   \                                 In section .text, align 4, keep-with-next
   \                     ??DataTable3:
   \   00000000   0x........         DC32     `?<Constant "-F- ASSERT: ">`

   \                                 In section .text, align 4, keep-with-next
   \                     ??DataTable3_1:
   \   00000000   0x........         DC32     `?<Constant "AT45_Configure: pSpid...">`

   \                                 In section .text, align 4, keep-with-next
   \                     ??DataTable3_2:
   \   00000000   0x........         DC32     `?<Constant "AT45_Configure: pAt45...">`

   \                                 In section .text, align 4, keep-with-next
   \                     ??DataTable3_3:
   \   00000000   0x........         DC32     `?<Constant "AT45_Command: pAt45 i...">`

   \                                 In section .text, align 4, keep-with-next
   \                     ??DataTable3_4:
   \   00000000   0x........         DC32     `?<Constant "AT45_Command: Device ...">`

   \                                 In section .text, align 4, keep-with-next
   \                     ??DataTable3_5:
   \   00000000   0x........         DC32     `?<Constant "AT45_Command: No desc...">`

   \                                 In section .text, align 4, keep-with-next
   \                     ??DataTable3_6:
   \   00000000   0x........         DC32     configuredBinaryPage

   \                                 In section .text, align 4, keep-with-next
   \                     ??DataTable3_7:
   \   00000000   0x........         DC32     at45Devices

   \                                 In section .rodata, align 4
   \                     `?<Constant "AT45DB011D">`:
   \   00000000   0x41 0x54          DC8 "AT45DB011D"
   \              0x34 0x35    
   \              0x44 0x42    
   \              0x30 0x31    
   \              0x31 0x44    
   \              0x00         
   \   0000000B   0x00               DC8 0

   \                                 In section .rodata, align 4
   \                     `?<Constant "AT45DB021D">`:
   \   00000000   0x41 0x54          DC8 "AT45DB021D"
   \              0x34 0x35    
   \              0x44 0x42    
   \              0x30 0x32    
   \              0x31 0x44    
   \              0x00         
   \   0000000B   0x00               DC8 0

   \                                 In section .rodata, align 4
   \                     `?<Constant "AT45DB041D">`:
   \   00000000   0x41 0x54          DC8 "AT45DB041D"
   \              0x34 0x35    
   \              0x44 0x42    
   \              0x30 0x34    
   \              0x31 0x44    
   \              0x00         
   \   0000000B   0x00               DC8 0

   \                                 In section .rodata, align 4
   \                     `?<Constant "AT45DB081D">`:
   \   00000000   0x41 0x54          DC8 "AT45DB081D"
   \              0x34 0x35    
   \              0x44 0x42    
   \              0x30 0x38    
   \              0x31 0x44    
   \              0x00         
   \   0000000B   0x00               DC8 0

   \                                 In section .rodata, align 4
   \                     `?<Constant "AT45DB161D">`:
   \   00000000   0x41 0x54          DC8 "AT45DB161D"
   \              0x34 0x35    
   \              0x44 0x42    
   \              0x31 0x36    
   \              0x31 0x44    
   \              0x00         
   \   0000000B   0x00               DC8 0

   \                                 In section .rodata, align 4
   \                     `?<Constant "AT45DB321D">`:
   \   00000000   0x41 0x54          DC8 "AT45DB321D"
   \              0x34 0x35    
   \              0x44 0x42    
   \              0x33 0x32    
   \              0x31 0x44    
   \              0x00         
   \   0000000B   0x00               DC8 0

   \                                 In section .rodata, align 4
   \                     `?<Constant "AT45DB642D">`:
   \   00000000   0x41 0x54          DC8 "AT45DB642D"
   \              0x34 0x35    
   \              0x44 0x42    
   \              0x36 0x34    
   \              0x32 0x44    
   \              0x00         
   \   0000000B   0x00               DC8 0

   \                                 In section .rodata, align 4
   \                     `?<Constant "AT45DB1282">`:
   \   00000000   0x41 0x54          DC8 "AT45DB1282"
   \              0x34 0x35    
   \              0x44 0x42    
   \              0x31 0x32    
   \              0x38 0x32    
   \              0x00         
   \   0000000B   0x00               DC8 0

   \                                 In section .rodata, align 4
   \                     `?<Constant "AT45DB2562">`:
   \   00000000   0x41 0x54          DC8 "AT45DB2562"
   \              0x34 0x35    
   \              0x44 0x42    
   \              0x32 0x35    
   \              0x36 0x32    
   \              0x00         
   \   0000000B   0x00               DC8 0

   \                                 In section .rodata, align 4
   \                     `?<Constant "AT45DB5122">`:
   \   00000000   0x41 0x54          DC8 "AT45DB5122"
   \              0x34 0x35    
   \              0x44 0x42    
   \              0x35 0x31    
   \              0x32 0x32    
   \              0x00         
   \   0000000B   0x00               DC8 0

   \                                 In section .rodata, align 4
   \                     `?<Constant "-F- ASSERT: ">`:
   \   00000000   0x2D 0x46          DC8 "-F- ASSERT: "
   \              0x2D 0x20    
   \              0x41 0x53    
   \              0x53 0x45    
   \              0x52 0x54    
   \              0x3A 0x20    
   \              0x00         
   \   0000000D   0x00 0x00          DC8 0, 0, 0
   \              0x00         

   \                                 In section .rodata, align 4
   \                     `?<Constant "AT45_Configure: pSpid...">`:
   \   00000000   0x41 0x54          DC8 "AT45_Configure: pSpid is 0.\012\015"
   \              0x34 0x35    
   \              0x5F 0x43    
   \              0x6F 0x6E    
   \              0x66 0x69    
   \              0x67 0x75    
   \              0x72 0x65    
   \              0x3A 0x20    
   \              0x70 0x53    
   \              0x70 0x69    
   \              0x64 0x20    
   \              0x69 0x73    
   \              0x20 0x30    
   \              0x2E 0x0A    
   \              0x0D 0x00    
   \   0000001E   0x00 0x00          DC8 0, 0

   \                                 In section .rodata, align 4
   \                     `?<Constant "AT45_Configure: pAt45...">`:
   \   00000000   0x41 0x54          DC8 "AT45_Configure: pAt45 is 0.\012\015"
   \              0x34 0x35    
   \              0x5F 0x43    
   \              0x6F 0x6E    
   \              0x66 0x69    
   \              0x67 0x75    
   \              0x72 0x65    
   \              0x3A 0x20    
   \              0x70 0x41    
   \              0x74 0x34    
   \              0x35 0x20    
   \              0x69 0x73    
   \              0x20 0x30    
   \              0x2E 0x0A    
   \              0x0D 0x00    
   \   0000001E   0x00 0x00          DC8 0, 0

   \                                 In section .rodata, align 4
   \                     `?<Constant "AT45_Command: pAt45 i...">`:
   \   00000000   0x41 0x54          DC8 "AT45_Command: pAt45 is 0.\012\015"
   \              0x34 0x35    
   \              0x5F 0x43    
   \              0x6F 0x6D    
   \              0x6D 0x61    
   \              0x6E 0x64    
   \              0x3A 0x20    
   \              0x70 0x41    
   \              0x74 0x34    
   \              0x35 0x20    
   \              0x69 0x73    
   \              0x20 0x30    
   \              0x2E 0x0A    
   \              0x0D 0x00    

   \                                 In section .rodata, align 4
   \                     `?<Constant "AT45_Command: Device ...">`:
   \   00000000   0x41 0x54          DC8 41H, 54H, 34H, 35H, 5FH, 43H, 6FH, 6DH
   \              0x34 0x35    
   \              0x5F 0x43    
   \              0x6F 0x6D    
   \   00000008   0x6D 0x61          DC8 6DH, 61H, 6EH, 64H, 3AH, 20H, 44H, 65H
   \              0x6E 0x64    
   \              0x3A 0x20    
   \              0x44 0x65    
   \   00000010   0x76 0x69          DC8 76H, 69H, 63H, 65H, 20H, 68H, 61H, 73H
   \              0x63 0x65    
   \              0x20 0x68    
   \              0x61 0x73    
   \   00000018   0x20 0x6E          DC8 20H, 6EH, 6FH, 20H, 64H, 65H, 73H, 63H
   \              0x6F 0x20    
   \              0x64 0x65    
   \              0x73 0x63    
   \   00000020   0x72 0x69          DC8 72H, 69H, 70H, 74H, 6FH, 72H, 2CH, 20H
   \              0x70 0x74    
   \              0x6F 0x72    
   \              0x2C 0x20    
   \   00000028   0x6F 0x6E          DC8 6FH, 6EH, 6CH, 79H, 20H, 53H, 54H, 41H
   \              0x6C 0x79    
   \              0x20 0x53    
   \              0x54 0x41    
   \   00000030   0x54 0x55          DC8 54H, 55H, 53H, 5FH, 52H, 45H, 41H, 44H
   \              0x53 0x5F    
   \              0x52 0x45    
   \              0x41 0x44    
   \   00000038   0x20 0x63          DC8 20H, 63H, 6FH, 6DH, 6DH, 61H, 6EH, 64H
   \              0x6F 0x6D    
   \              0x6D 0x61    
   \              0x6E 0x64    
   \   00000040   0x20 0x61          DC8 20H, 61H, 6CH, 6CH, 6FH, 77H, 65H, 64H
   \              0x6C 0x6C    
   \              0x6F 0x77    
   \              0x65 0x64    
   \   00000048   0x0A 0x0D          DC8 0AH, 0DH, 0
   \              0x00         
   \   0000004B   0x00               DC8 0

   \                                 In section .rodata, align 4
   \                     `?<Constant "AT45_Command: No desc...">`:
   \   00000000   0x41 0x54          DC8 "AT45_Command: No descriptor for dataflash.\012\015"
   \              0x34 0x35    
   \              0x5F 0x43    
   \              0x6F 0x6D    
   \              0x6D 0x61    
   \              0x6E 0x64    
   \              0x3A 0x20    
   \              0x4E 0x6F    
   \              0x20 0x64    
   \              0x65 0x73    
   \              0x63 0x72    
   \              0x69 0x70    
   \              0x74 0x6F    
   \              0x72 0x20    
   \              0x66 0x6F    
   \              0x72 0x20    
   \              0x64 0x61    
   \              0x74 0x61    
   \              0x66 0x6C    
   \              0x61 0x73    
   \              0x68 0x2E    
   \              0x0A 0x0D    
   \              0x00         
   \   0000002D   0x00 0x00          DC8 0, 0, 0
   \              0x00         

   Maximum stack usage in bytes:

   .cstack Function
   ------- --------
       16  AT45_Configure
             16 -> memset
             16 -> printf
        8  AT45_FindDevice
        0  AT45_IsBusy
              0 -> SPID_IsBusy
        0  AT45_PageSize
       48  AT45_SendCommand
             48 -> AT45_IsBusy
             48 -> SPID_SendCommand
             48 -> __aeabi_uidiv
             48 -> __aeabi_uidivmod
             48 -> printf
        8  memset
              8 -> __aeabi_memset


   Section sizes:

   Bytes  Function/Label
   -----  --------------
      16  ?<Constant "-F- ASSERT: ">
      12  ?<Constant "AT45DB011D">
      12  ?<Constant "AT45DB021D">
      12  ?<Constant "AT45DB041D">
      12  ?<Constant "AT45DB081D">
      12  ?<Constant "AT45DB1282">
      12  ?<Constant "AT45DB161D">
      12  ?<Constant "AT45DB2562">
      12  ?<Constant "AT45DB321D">
      12  ?<Constant "AT45DB5122">
      12  ?<Constant "AT45DB642D">
      76  ?<Constant "AT45_Command: Device ...">
      48  ?<Constant "AT45_Command: No desc...">
      28  ?<Constant "AT45_Command: pAt45 i...">
      32  ?<Constant "AT45_Configure: pAt45...">
      32  ?<Constant "AT45_Configure: pSpid...">
       4  ??DataTable3
       4  ??DataTable3_1
       4  ??DataTable3_2
       4  ??DataTable3_3
       4  ??DataTable3_4
       4  ??DataTable3_5
       4  ??DataTable3_6
       4  ??DataTable3_7
     136  AT45_Configure
      96  AT45_FindDevice
       8  AT45_IsBusy
      44  AT45_PageSize
     360  AT45_SendCommand
     240  at45Devices
       1  configuredBinaryPage
      40  memset

 
   1 byte  in section .bss
 592 bytes in section .rodata
 716 bytes in section .text
 
 676 bytes of CODE  memory (+ 40 bytes shared)
 592 bytes of CONST memory
   1 byte  of DATA  memory

Errors: none
Warnings: none
