###############################################################################
#                                                                             #
# IAR ANSI C/C++ Compiler V6.30.6.53336/W32 for ARM     15/Apr/2013  10:54:34 #
# Copyright 1999-2012 IAR Systems AB.                                         #
#                                                                             #
#    Cpu mode     =  arm                                                      #
#    Endian       =  little                                                   #
#    Source file  =  C:\Users\JDS\Desktop\JDS_PRO\국내 프로젝트\대구          #
#                    모노레일\프로그램\basic-usart-hw-handshaking-project-at9 #
#                    1sam7se-ek\at91lib\memories\nandflash\NandFlashModelList #
#                    .c                                                       #
#    Command line =  "C:\Users\JDS\Desktop\JDS_PRO\국내 프로젝트\대구         #
#                    모노레일\프로그램\basic-usart-hw-handshaking-project-at9 #
#                    1sam7se-ek\at91lib\memories\nandflash\NandFlashModelList #
#                    .c" -D at91sam7se512 -D sram -D TRACE_LEVEL=4 -lC        #
#                    "C:\Users\JDS\Desktop\JDS_PRO\국내 프로젝트\대구         #
#                    모노레일\프로그램\basic-usart-hw-handshaking-project-at9 #
#                    1sam7se-ek\at91sam7se-ek\basic-usart-hw-handshaking-proj #
#                    ect\ewp\at91sam7se512_sram\List\" --remarks              #
#                    --diag_suppress Pe826,Pe1375 -o                          #
#                    "C:\Users\JDS\Desktop\JDS_PRO\국내 프로젝트\대구         #
#                    모노레일\프로그램\basic-usart-hw-handshaking-project-at9 #
#                    1sam7se-ek\at91sam7se-ek\basic-usart-hw-handshaking-proj #
#                    ect\ewp\at91sam7se512_sram\Obj\" --no_cse --no_unroll    #
#                    --no_inline --no_code_motion --no_tbaa --no_clustering   #
#                    --no_scheduling --debug --endian=little --cpu=ARM7TDMI   #
#                    -e --fpu=None --dlib_config "C:\Program Files\IAR        #
#                    Systems\Embedded Workbench 6.0\arm\INC\c\DLib_Config_Ful #
#                    l.h" -I "C:\Users\JDS\Desktop\JDS_PRO\국내               #
#                    프로젝트\대구 모노레일\프로그램\basic-usart-hw-handshaki #
#                    ng-project-at91sam7se-ek\at91sam7se-ek\basic-usart-hw-ha #
#                    ndshaking-project\ewp\..\..\..\at91lib/peripherals\" -I  #
#                    "C:\Users\JDS\Desktop\JDS_PRO\국내 프로젝트\대구         #
#                    모노레일\프로그램\basic-usart-hw-handshaking-project-at9 #
#                    1sam7se-ek\at91sam7se-ek\basic-usart-hw-handshaking-proj #
#                    ect\ewp\..\..\..\at91lib\" -I                            #
#                    "C:\Users\JDS\Desktop\JDS_PRO\국내 프로젝트\대구         #
#                    모노레일\프로그램\basic-usart-hw-handshaking-project-at9 #
#                    1sam7se-ek\at91sam7se-ek\basic-usart-hw-handshaking-proj #
#                    ect\ewp\..\..\..\at91lib/components\" -I                 #
#                    "C:\Users\JDS\Desktop\JDS_PRO\국내 프로젝트\대구         #
#                    모노레일\프로그램\basic-usart-hw-handshaking-project-at9 #
#                    1sam7se-ek\at91sam7se-ek\basic-usart-hw-handshaking-proj #
#                    ect\ewp\..\..\..\at91lib/boards/at91sam7se-ek\"          #
#                    --interwork --cpu_mode arm -Oh --use_c++_inline          #
#    List file    =  C:\Users\JDS\Desktop\JDS_PRO\국내 프로젝트\대구          #
#                    모노레일\프로그램\basic-usart-hw-handshaking-project-at9 #
#                    1sam7se-ek\at91sam7se-ek\basic-usart-hw-handshaking-proj #
#                    ect\ewp\at91sam7se512_sram\List\NandFlashModelList.lst   #
#    Object file  =  C:\Users\JDS\Desktop\JDS_PRO\국내 프로젝트\대구          #
#                    모노레일\프로그램\basic-usart-hw-handshaking-project-at9 #
#                    1sam7se-ek\at91sam7se-ek\basic-usart-hw-handshaking-proj #
#                    ect\ewp\at91sam7se512_sram\Obj\NandFlashModelList.o      #
#                                                                             #
#                                                                             #
###############################################################################

C:\Users\JDS\Desktop\JDS_PRO\국내 프로젝트\대구 모노레일\프로그램\basic-usart-hw-handshaking-project-at91sam7se-ek\at91lib\memories\nandflash\NandFlashModelList.c
      1          /* ----------------------------------------------------------------------------
      2           *         ATMEL Microcontroller Software Support 
      3           * ----------------------------------------------------------------------------
      4           * Copyright (c) 2008, Atmel Corporation
      5           *
      6           * All rights reserved.
      7           *
      8           * Redistribution and use in source and binary forms, with or without
      9           * modification, are permitted provided that the following conditions are met:
     10           *
     11           * - Redistributions of source code must retain the above copyright notice,
     12           * this list of conditions and the disclaimer below.
     13           *
     14           * Atmel's name may not be used to endorse or promote products derived from
     15           * this software without specific prior written permission.
     16           *
     17           * DISCLAIMER: THIS SOFTWARE IS PROVIDED BY ATMEL "AS IS" AND ANY EXPRESS OR
     18           * IMPLIED WARRANTIES, INCLUDING, BUT NOT LIMITED TO, THE IMPLIED WARRANTIES OF
     19           * MERCHANTABILITY, FITNESS FOR A PARTICULAR PURPOSE AND NON-INFRINGEMENT ARE
     20           * DISCLAIMED. IN NO EVENT SHALL ATMEL BE LIABLE FOR ANY DIRECT, INDIRECT,
     21           * INCIDENTAL, SPECIAL, EXEMPLARY, OR CONSEQUENTIAL DAMAGES (INCLUDING, BUT NOT
     22           * LIMITED TO, PROCUREMENT OF SUBSTITUTE GOODS OR SERVICES; LOSS OF USE, DATA,
     23           * OR PROFITS; OR BUSINESS INTERRUPTION) HOWEVER CAUSED AND ON ANY THEORY OF
     24           * LIABILITY, WHETHER IN CONTRACT, STRICT LIABILITY, OR TORT (INCLUDING
     25           * NEGLIGENCE OR OTHERWISE) ARISING IN ANY WAY OUT OF THE USE OF THIS SOFTWARE,
     26           * EVEN IF ADVISED OF THE POSSIBILITY OF SUCH DAMAGE.
     27           * ----------------------------------------------------------------------------
     28           */
     29          
     30          //------------------------------------------------------------------------------
     31          //         Headers
     32          //------------------------------------------------------------------------------
     33          
     34          #include "NandFlashModelList.h"
     35          #include "NandSpareScheme.h"
     36          
     37          //------------------------------------------------------------------------------
     38          //         Exported variables
     39          //------------------------------------------------------------------------------
     40          
     41          /// List of NandFlash models which can be recognized by the software.

   \                                 In section .rodata, align 4
     42          const struct NandFlashModel nandFlashModelList[NandFlashModelList_SIZE] = {
   \                     nandFlashModelList:
   \   00000000   0x6E 0x00          DC8 110, 0
   \   00000002   0x0100 0x0001      DC16 256, 1, 4
   \              0x0004       
   \   00000008   0x........         DC32 nandSpareScheme256
   \   0000000C   0x64 0x00          DC8 100, 0
   \   0000000E   0x0100 0x0002      DC16 256, 2, 4
   \              0x0004       
   \   00000014   0x........         DC32 nandSpareScheme256
   \   00000018   0x6B 0x00          DC8 107, 0
   \   0000001A   0x0200 0x0004      DC16 512, 4, 8
   \              0x0008       
   \   00000020   0x........         DC32 nandSpareScheme512
   \   00000024   0xE8 0x00          DC8 232, 0
   \   00000026   0x0100 0x0001      DC16 256, 1, 4
   \              0x0004       
   \   0000002C   0x........         DC32 nandSpareScheme256
   \   00000030   0xEC 0x00          DC8 236, 0
   \   00000032   0x0100 0x0001      DC16 256, 1, 4
   \              0x0004       
   \   00000038   0x........         DC32 nandSpareScheme256
   \   0000003C   0xEA 0x00          DC8 234, 0
   \   0000003E   0x0100 0x0002      DC16 256, 2, 4
   \              0x0004       
   \   00000044   0x........         DC32 nandSpareScheme256
   \   00000048   0xD5 0x00          DC8 213, 0
   \   0000004A   0x0200 0x0004      DC16 512, 4, 8
   \              0x0008       
   \   00000050   0x........         DC32 nandSpareScheme512
   \   00000054   0xE3 0x00          DC8 227, 0
   \   00000056   0x0200 0x0004      DC16 512, 4, 8
   \              0x0008       
   \   0000005C   0x........         DC32 nandSpareScheme512
   \   00000060   0xE5 0x00          DC8 229, 0
   \   00000062   0x0200 0x0004      DC16 512, 4, 8
   \              0x0008       
   \   00000068   0x........         DC32 nandSpareScheme512
   \   0000006C   0xD6 0x00          DC8 214, 0
   \   0000006E   0x0200 0x0008      DC16 512, 8, 8
   \              0x0008       
   \   00000074   0x........         DC32 nandSpareScheme512
   \   00000078   0x39 0x00          DC8 57, 0
   \   0000007A   0x0200 0x0008      DC16 512, 8, 8
   \              0x0008       
   \   00000080   0x........         DC32 nandSpareScheme512
   \   00000084   0xE6 0x00          DC8 230, 0
   \   00000086   0x0200 0x0008      DC16 512, 8, 8
   \              0x0008       
   \   0000008C   0x........         DC32 nandSpareScheme512
   \   00000090   0x49 0x01          DC8 73, 1
   \   00000092   0x0200 0x0008      DC16 512, 8, 8
   \              0x0008       
   \   00000098   0x........         DC32 nandSpareScheme512
   \   0000009C   0x59 0x01          DC8 89, 1
   \   0000009E   0x0200 0x0008      DC16 512, 8, 8
   \              0x0008       
   \   000000A4   0x........         DC32 nandSpareScheme512
   \   000000A8   0x33 0x00          DC8 51, 0
   \   000000AA   0x0200 0x0010      DC16 512, 16, 16
   \              0x0010       
   \   000000B0   0x........         DC32 nandSpareScheme512
   \   000000B4   0x73 0x00          DC8 115, 0
   \   000000B6   0x0200 0x0010      DC16 512, 16, 16
   \              0x0010       
   \   000000BC   0x........         DC32 nandSpareScheme512
   \   000000C0   0x43 0x01          DC8 67, 1
   \   000000C2   0x0200 0x0010      DC16 512, 16, 16
   \              0x0010       
   \   000000C8   0x........         DC32 nandSpareScheme512
   \   000000CC   0x53 0x01          DC8 83, 1
   \   000000CE   0x0200 0x0010      DC16 512, 16, 16
   \              0x0010       
   \   000000D4   0x........         DC32 nandSpareScheme512
   \   000000D8   0x35 0x00          DC8 53, 0
   \   000000DA   0x0200 0x0020      DC16 512, 32, 16
   \              0x0010       
   \   000000E0   0x........         DC32 nandSpareScheme512
   \   000000E4   0x75 0x00          DC8 117, 0
   \   000000E6   0x0200 0x0020      DC16 512, 32, 16
   \              0x0010       
   \   000000EC   0x........         DC32 nandSpareScheme512
   \   000000F0   0x45 0x01          DC8 69, 1
   \   000000F2   0x0200 0x0020      DC16 512, 32, 16
   \              0x0010       
   \   000000F8   0x........         DC32 nandSpareScheme512
   \   000000FC   0x55 0x01          DC8 85, 1
   \   000000FE   0x0200 0x0020      DC16 512, 32, 16
   \              0x0010       
   \   00000104   0x........         DC32 nandSpareScheme512
   \   00000108   0x36 0x00          DC8 54, 0
   \   0000010A   0x0200 0x0040      DC16 512, 64, 16
   \              0x0010       
   \   00000110   0x........         DC32 nandSpareScheme512
   \   00000114   0x76 0x00          DC8 118, 0
   \   00000116   0x0200 0x0040      DC16 512, 64, 16
   \              0x0010       
   \   0000011C   0x........         DC32 nandSpareScheme512
   \   00000120   0x46 0x01          DC8 70, 1
   \   00000122   0x0200 0x0040      DC16 512, 64, 16
   \              0x0010       
   \   00000128   0x........         DC32 nandSpareScheme512
   \   0000012C   0x56 0x01          DC8 86, 1
   \   0000012E   0x0200 0x0040      DC16 512, 64, 16
   \              0x0010       
   \   00000134   0x........         DC32 nandSpareScheme512
   \   00000138   0x78 0x00          DC8 120, 0
   \   0000013A   0x0200 0x0080      DC16 512, 128, 16
   \              0x0010       
   \   00000140   0x........         DC32 nandSpareScheme512
   \   00000144   0x39 0x00          DC8 57, 0
   \   00000146   0x0200 0x0080      DC16 512, 128, 16
   \              0x0010       
   \   0000014C   0x........         DC32 nandSpareScheme512
   \   00000150   0x79 0x00          DC8 121, 0
   \   00000152   0x0200 0x0080      DC16 512, 128, 16
   \              0x0010       
   \   00000158   0x........         DC32 nandSpareScheme512
   \   0000015C   0x72 0x01          DC8 114, 1
   \   0000015E   0x0200 0x0080      DC16 512, 128, 16
   \              0x0010       
   \   00000164   0x........         DC32 nandSpareScheme512
   \   00000168   0x49 0x01          DC8 73, 1
   \   0000016A   0x0200 0x0080      DC16 512, 128, 16
   \              0x0010       
   \   00000170   0x........         DC32 nandSpareScheme512
   \   00000174   0x74 0x01          DC8 116, 1
   \   00000176   0x0200 0x0080      DC16 512, 128, 16
   \              0x0010       
   \   0000017C   0x........         DC32 nandSpareScheme512
   \   00000180   0x59 0x01          DC8 89, 1
   \   00000182   0x0200 0x0080      DC16 512, 128, 16
   \              0x0010       
   \   00000188   0x........         DC32 nandSpareScheme512
   \   0000018C   0x71 0x00          DC8 113, 0
   \   0000018E   0x0200 0x0100      DC16 512, 256, 16
   \              0x0010       
   \   00000194   0x........         DC32 nandSpareScheme512
   \   00000198   0xA2 0x02          DC8 162, 2
   \   0000019A   0x0000 0x0040      DC16 0, 64, 0
   \              0x0000       
   \   000001A0   0x........         DC32 nandSpareScheme2048
   \   000001A4   0xF2 0x02          DC8 242, 2
   \   000001A6   0x0000 0x0040      DC16 0, 64, 0
   \              0x0000       
   \   000001AC   0x........         DC32 nandSpareScheme2048
   \   000001B0   0xB2 0x03          DC8 178, 3
   \   000001B2   0x0000 0x0040      DC16 0, 64, 0
   \              0x0000       
   \   000001B8   0x........         DC32 nandSpareScheme2048
   \   000001BC   0xC2 0x03          DC8 194, 3
   \   000001BE   0x0000 0x0040      DC16 0, 64, 0
   \              0x0000       
   \   000001C4   0x........         DC32 nandSpareScheme2048
   \   000001C8   0xA1 0x02          DC8 161, 2
   \   000001CA   0x0000 0x0080      DC16 0, 128, 0
   \              0x0000       
   \   000001D0   0x........         DC32 nandSpareScheme2048
   \   000001D4   0xF1 0x02          DC8 241, 2
   \   000001D6   0x0000 0x0080      DC16 0, 128, 0
   \              0x0000       
   \   000001DC   0x........         DC32 nandSpareScheme2048
   \   000001E0   0xB1 0x03          DC8 177, 3
   \   000001E2   0x0000 0x0080      DC16 0, 128, 0
   \              0x0000       
   \   000001E8   0x........         DC32 nandSpareScheme2048
   \   000001EC   0xC1 0x03          DC8 193, 3
   \   000001EE   0x0000 0x0080      DC16 0, 128, 0
   \              0x0000       
   \   000001F4   0x........         DC32 nandSpareScheme2048
   \   000001F8   0xAA 0x02          DC8 170, 2
   \   000001FA   0x0000 0x0100      DC16 0, 256, 0
   \              0x0000       
   \   00000200   0x........         DC32 nandSpareScheme2048
   \   00000204   0xDA 0x02          DC8 218, 2
   \   00000206   0x0000 0x0100      DC16 0, 256, 0
   \              0x0000       
   \   0000020C   0x........         DC32 nandSpareScheme2048
   \   00000210   0xBA 0x03          DC8 186, 3
   \   00000212   0x0000 0x0100      DC16 0, 256, 0
   \              0x0000       
   \   00000218   0x........         DC32 nandSpareScheme2048
   \   0000021C   0xCA 0x03          DC8 202, 3
   \   0000021E   0x0000 0x0100      DC16 0, 256, 0
   \              0x0000       
   \   00000224   0x........         DC32 nandSpareScheme2048
   \   00000228   0xAC 0x02          DC8 172, 2
   \   0000022A   0x0000 0x0200      DC16 0, 512, 0
   \              0x0000       
   \   00000230   0x........         DC32 nandSpareScheme2048
   \   00000234   0xDC 0x02          DC8 220, 2
   \   00000236   0x0000 0x0200      DC16 0, 512, 0
   \              0x0000       
   \   0000023C   0x........         DC32 nandSpareScheme2048
   \   00000240   0xBC 0x03          DC8 188, 3
   \   00000242   0x0000 0x0200      DC16 0, 512, 0
   \              0x0000       
   \   00000248   0x........         DC32 nandSpareScheme2048
   \   0000024C   0xCC 0x03          DC8 204, 3
   \   0000024E   0x0000 0x0200      DC16 0, 512, 0
   \              0x0000       
   \   00000254   0x........         DC32 nandSpareScheme2048
   \   00000258   0xA3 0x02          DC8 163, 2
   \   0000025A   0x0000 0x0400      DC16 0, 1024, 0
   \              0x0000       
   \   00000260   0x........         DC32 nandSpareScheme2048
   \   00000264   0xD3 0x02          DC8 211, 2
   \   00000266   0x0000 0x0400      DC16 0, 1024, 0
   \              0x0000       
   \   0000026C   0x........         DC32 nandSpareScheme2048
   \   00000270   0xB3 0x03          DC8 179, 3
   \   00000272   0x0000 0x0400      DC16 0, 1024, 0
   \              0x0000       
   \   00000278   0x........         DC32 nandSpareScheme2048
   \   0000027C   0xC3 0x03          DC8 195, 3
   \   0000027E   0x0000 0x0400      DC16 0, 1024, 0
   \              0x0000       
   \   00000284   0x........         DC32 nandSpareScheme2048
   \   00000288   0xA5 0x02          DC8 165, 2
   \   0000028A   0x0000 0x0800      DC16 0, 2048, 0
   \              0x0000       
   \   00000290   0x........         DC32 nandSpareScheme2048
   \   00000294   0xD5 0x02          DC8 213, 2
   \   00000296   0x0000 0x0800      DC16 0, 2048, 0
   \              0x0000       
   \   0000029C   0x........         DC32 nandSpareScheme2048
   \   000002A0   0xB5 0x03          DC8 181, 3
   \   000002A2   0x0000 0x0800      DC16 0, 2048, 0
   \              0x0000       
   \   000002A8   0x........         DC32 nandSpareScheme2048
   \   000002AC   0xC5 0x03          DC8 197, 3
   \   000002AE   0x0000 0x0800      DC16 0, 2048, 0
   \              0x0000       
   \   000002B4   0x........         DC32 nandSpareScheme2048
     43          
     44          // |  ID    | Options                 | Page    | Mo  | Block   |BlkPg   |DevBlk
     45            {0x6e,   NandFlashModel_DATABUS8,    256,      1,    4,    &nandSpareScheme256},
     46          	{0x64,   NandFlashModel_DATABUS8,    256,      2,    4,    &nandSpareScheme256},
     47          	{0x6b,   NandFlashModel_DATABUS8,    512,      4,    8,    &nandSpareScheme512},
     48          	{0xe8,   NandFlashModel_DATABUS8,    256,      1,    4,    &nandSpareScheme256},
     49          	{0xec,   NandFlashModel_DATABUS8,    256,      1,    4,    &nandSpareScheme256},
     50          	{0xea,   NandFlashModel_DATABUS8,    256,      2,    4,    &nandSpareScheme256},
     51          	{0xd5,   NandFlashModel_DATABUS8,    512,      4,    8,    &nandSpareScheme512},
     52          	{0xe3,   NandFlashModel_DATABUS8,    512,      4,    8,    &nandSpareScheme512},
     53          	{0xe5,   NandFlashModel_DATABUS8,    512,      4,    8,    &nandSpareScheme512},
     54          	{0xd6,   NandFlashModel_DATABUS8,    512,      8,    8,    &nandSpareScheme512},
     55                                                                        
     56          	{0x39,   NandFlashModel_DATABUS8,    512,      8,    8,    &nandSpareScheme512},
     57          	{0xe6,   NandFlashModel_DATABUS8,    512,      8,    8,    &nandSpareScheme512},
     58          	{0x49,   NandFlashModel_DATABUS16,   512,      8,    8,    &nandSpareScheme512},
     59          	{0x59,   NandFlashModel_DATABUS16,   512,      8,    8,    &nandSpareScheme512},
     60                                                                           
     61          	{0x33,   NandFlashModel_DATABUS8,    512,     16,   16,    &nandSpareScheme512},
     62          	{0x73,   NandFlashModel_DATABUS8,    512,     16,   16,    &nandSpareScheme512},
     63          	{0x43,   NandFlashModel_DATABUS16,   512,     16,   16,    &nandSpareScheme512},
     64          	{0x53,   NandFlashModel_DATABUS16,   512,     16,   16,    &nandSpareScheme512},
     65                                                                       
     66          	{0x35,   NandFlashModel_DATABUS8,    512,     32,   16,    &nandSpareScheme512},
     67          	{0x75,   NandFlashModel_DATABUS8,    512,     32,   16,    &nandSpareScheme512},
     68          	{0x45,   NandFlashModel_DATABUS16,   512,     32,   16,    &nandSpareScheme512},
     69          	{0x55,   NandFlashModel_DATABUS16,   512,     32,   16,    &nandSpareScheme512},
     70                                                                       
     71          	{0x36,   NandFlashModel_DATABUS8,    512,     64,   16,    &nandSpareScheme512},
     72          	{0x76,   NandFlashModel_DATABUS8,    512,     64,   16,    &nandSpareScheme512},
     73          	{0x46,   NandFlashModel_DATABUS16,   512,     64,   16,    &nandSpareScheme512},
     74          	{0x56,   NandFlashModel_DATABUS16,   512,     64,   16,    &nandSpareScheme512},
     75                                                                       
     76          	{0x78,   NandFlashModel_DATABUS8,    512,    128,   16,    &nandSpareScheme512},
     77          	{0x39,   NandFlashModel_DATABUS8,    512,    128,   16,    &nandSpareScheme512},
     78          	{0x79,   NandFlashModel_DATABUS8,    512,    128,   16,    &nandSpareScheme512},
     79          	{0x72,   NandFlashModel_DATABUS16,   512,    128,   16,    &nandSpareScheme512},
     80          	{0x49,   NandFlashModel_DATABUS16,   512,    128,   16,    &nandSpareScheme512},
     81          	{0x74,   NandFlashModel_DATABUS16,   512,    128,   16,    &nandSpareScheme512},
     82          	{0x59,   NandFlashModel_DATABUS16,   512,    128,   16,    &nandSpareScheme512},
     83                                                                       
     84          	{0x71,   NandFlashModel_DATABUS8,    512,    256,   16,    &nandSpareScheme512},
     85          	
     86          // Large blocks devices. Parameters must be fetched from the extended I
     87          #define OPTIONS     NandFlashModel_COPYBACK                   
     88                                                                                                    
     89          	{0xA2,   NandFlashModel_DATABUS8  | OPTIONS,   0,     64, 0,  &nandSpareScheme2048},
     90          	{0xF2,   NandFlashModel_DATABUS8  | OPTIONS,   0,     64, 0,  &nandSpareScheme2048},
     91          	{0xB2,   NandFlashModel_DATABUS16 | OPTIONS,   0,     64, 0,  &nandSpareScheme2048},
     92          	{0xC2,   NandFlashModel_DATABUS16 | OPTIONS,   0,     64, 0,  &nandSpareScheme2048},
     93                                                                            
     94          	{0xA1,   NandFlashModel_DATABUS8  | OPTIONS,   0,    128, 0,  &nandSpareScheme2048}, 
     95          	{0xF1,   NandFlashModel_DATABUS8  | OPTIONS,   0,    128, 0,  &nandSpareScheme2048}, 
     96          	{0xB1,   NandFlashModel_DATABUS16 | OPTIONS,   0,    128, 0,  &nandSpareScheme2048},
     97          	{0xC1,   NandFlashModel_DATABUS16 | OPTIONS,   0,    128, 0,  &nandSpareScheme2048},
     98                                                                            
     99          	{0xAA,   NandFlashModel_DATABUS8  | OPTIONS,   0,    256, 0,  &nandSpareScheme2048},
    100          	{0xDA,   NandFlashModel_DATABUS8  | OPTIONS,   0,    256, 0,   &nandSpareScheme2048},                                              
    101          	{0xBA,   NandFlashModel_DATABUS16 | OPTIONS,   0,    256, 0,  &nandSpareScheme2048},
    102          	{0xCA,   NandFlashModel_DATABUS16 | OPTIONS,   0,    256, 0,  &nandSpareScheme2048},
    103          	                                                                
    104          	{0xAC,   NandFlashModel_DATABUS8  | OPTIONS,   0,    512, 0,  &nandSpareScheme2048}, 
    105          	{0xDC,   NandFlashModel_DATABUS8  | OPTIONS,   0,    512, 0,  &nandSpareScheme2048}, 
    106          	{0xBC,   NandFlashModel_DATABUS16 | OPTIONS,   0,    512, 0,  &nandSpareScheme2048},
    107          	{0xCC,   NandFlashModel_DATABUS16 | OPTIONS,   0,    512, 0,  &nandSpareScheme2048},
    108                                                                            
    109          	{0xA3,   NandFlashModel_DATABUS8  | OPTIONS,   0,   1024, 0,  &nandSpareScheme2048}, 
    110          	{0xD3,   NandFlashModel_DATABUS8  | OPTIONS,   0,   1024, 0,  &nandSpareScheme2048}, 
    111          	{0xB3,   NandFlashModel_DATABUS16 | OPTIONS,   0,   1024, 0,  &nandSpareScheme2048},
    112          	{0xC3,   NandFlashModel_DATABUS16 | OPTIONS,   0,   1024, 0,  &nandSpareScheme2048},
    113                                                                            
    114          	{0xA5,   NandFlashModel_DATABUS8  | OPTIONS,   0,   2048, 0,  &nandSpareScheme2048}, 
    115          	{0xD5,   NandFlashModel_DATABUS8  | OPTIONS,   0,   2048, 0,  &nandSpareScheme2048}, 
    116          	{0xB5,   NandFlashModel_DATABUS16 | OPTIONS,   0,   2048, 0,  &nandSpareScheme2048},
    117          	{0xC5,   NandFlashModel_DATABUS16 | OPTIONS,   0,   2048, 0,  &nandSpareScheme2048},
    118          };


   Section sizes:

   Bytes  Function/Label
   -----  --------------
     696  nandFlashModelList

 
 696 bytes in section .rodata
 
 696 bytes of CONST memory

Errors: none
Warnings: none
