###############################################################################
#                                                                             #
# IAR ANSI C/C++ Compiler V6.30.6.53336/W32 for ARM     02/Sep/2014  08:11:47 #
# Copyright 1999-2012 IAR Systems AB.                                         #
#                                                                             #
#    Cpu mode     =  arm                                                      #
#    Endian       =  little                                                   #
#    Source file  =  C:\Users\JDS_Retina\Dropbox\회사\JDS_PRO\국내            #
#                    프로젝트\대구 모노레일\프로그램\ARM_AT91sam7se512_Dagu_L #
#                    ED\at91lib\memories\norflash\NorFlashApi.c               #
#    Command line =  "C:\Users\JDS_Retina\Dropbox\회사\JDS_PRO\국내           #
#                    프로젝트\대구 모노레일\프로그램\ARM_AT91sam7se512_Dagu_L #
#                    ED\at91lib\memories\norflash\NorFlashApi.c" -D           #
#                    at91sam7se512 -D sram -D TRACE_LEVEL=4 -lC               #
#                    "C:\Users\JDS_Retina\Dropbox\회사\JDS_PRO\국내           #
#                    프로젝트\대구 모노레일\프로그램\ARM_AT91sam7se512_Dagu_L #
#                    ED\at91sam7se-ek\basic-usart-hw-handshaking-project\ewp\ #
#                    at91sam7se512_sram\List\" --remarks --diag_suppress      #
#                    Pe826,Pe1375 -o "C:\Users\JDS_Retina\Dropbox\회사\JDS_PR #
#                    O\국내 프로젝트\대구 모노레일\프로그램\ARM_AT91sam7se512 #
#                    _Dagu_LED\at91sam7se-ek\basic-usart-hw-handshaking-proje #
#                    ct\ewp\at91sam7se512_sram\Obj\" --no_cse --no_unroll     #
#                    --no_inline --no_code_motion --no_tbaa --no_clustering   #
#                    --no_scheduling --debug --endian=little --cpu=ARM7TDMI   #
#                    -e --fpu=None --dlib_config "C:\Program Files\IAR        #
#                    Systems\Embedded Workbench 6.0\arm\INC\c\DLib_Config_Ful #
#                    l.h" -I "C:\Users\JDS_Retina\Dropbox\회사\JDS_PRO\국내   #
#                    프로젝트\대구 모노레일\프로그램\ARM_AT91sam7se512_Dagu_L #
#                    ED\at91sam7se-ek\basic-usart-hw-handshaking-project\ewp\ #
#                    ..\..\..\at91lib/peripherals\" -I                        #
#                    "C:\Users\JDS_Retina\Dropbox\회사\JDS_PRO\국내           #
#                    프로젝트\대구 모노레일\프로그램\ARM_AT91sam7se512_Dagu_L #
#                    ED\at91sam7se-ek\basic-usart-hw-handshaking-project\ewp\ #
#                    ..\..\..\at91lib\" -I "C:\Users\JDS_Retina\Dropbox\회사\ #
#                    JDS_PRO\국내 프로젝트\대구 모노레일\프로그램\ARM_AT91sam #
#                    7se512_Dagu_LED\at91sam7se-ek\basic-usart-hw-handshaking #
#                    -project\ewp\..\..\..\at91lib/components\" -I            #
#                    "C:\Users\JDS_Retina\Dropbox\회사\JDS_PRO\국내           #
#                    프로젝트\대구 모노레일\프로그램\ARM_AT91sam7se512_Dagu_L #
#                    ED\at91sam7se-ek\basic-usart-hw-handshaking-project\ewp\ #
#                    ..\..\..\at91lib/boards/at91sam7se-ek\" --interwork      #
#                    --cpu_mode arm -Oh --use_c++_inline                      #
#    List file    =  C:\Users\JDS_Retina\Dropbox\회사\JDS_PRO\국내            #
#                    프로젝트\대구 모노레일\프로그램\ARM_AT91sam7se512_Dagu_L #
#                    ED\at91sam7se-ek\basic-usart-hw-handshaking-project\ewp\ #
#                    at91sam7se512_sram\List\NorFlashApi.lst                  #
#    Object file  =  C:\Users\JDS_Retina\Dropbox\회사\JDS_PRO\국내            #
#                    프로젝트\대구 모노레일\프로그램\ARM_AT91sam7se512_Dagu_L #
#                    ED\at91sam7se-ek\basic-usart-hw-handshaking-project\ewp\ #
#                    at91sam7se512_sram\Obj\NorFlashApi.o                     #
#                                                                             #
#                                                                             #
###############################################################################

C:\Users\JDS_Retina\Dropbox\회사\JDS_PRO\국내 프로젝트\대구 모노레일\프로그램\ARM_AT91sam7se512_Dagu_LED\at91lib\memories\norflash\NorFlashApi.c
      1          /* ----------------------------------------------------------------------------
      2           *         ATMEL Microcontroller Software Support 
      3           * ----------------------------------------------------------------------------
      4           * Copyright (c) 2008, Atmel Corporation
      5           *
      6           * All rights reserved.
      7           *
      8           * Redistribution and use in source and binary forms, with or without
      9           * modification, are permitted provided that the following conditions are met:
     10           *
     11           * - Redistributions of source code must retain the above copyright notice,
     12           * this list of conditions and the disclaimer below.
     13           *
     14           * Atmel's name may not be used to endorse or promote products derived from
     15           * this software without specific prior written permission.
     16           *
     17           * DISCLAIMER: THIS SOFTWARE IS PROVIDED BY ATMEL "AS IS" AND ANY EXPRESS OR
     18           * IMPLIED WARRANTIES, INCLUDING, BUT NOT LIMITED TO, THE IMPLIED WARRANTIES OF
     19           * MERCHANTABILITY, FITNESS FOR A PARTICULAR PURPOSE AND NON-INFRINGEMENT ARE
     20           * DISCLAIMED. IN NO EVENT SHALL ATMEL BE LIABLE FOR ANY DIRECT, INDIRECT,
     21           * INCIDENTAL, SPECIAL, EXEMPLARY, OR CONSEQUENTIAL DAMAGES (INCLUDING, BUT NOT
     22           * LIMITED TO, PROCUREMENT OF SUBSTITUTE GOODS OR SERVICES; LOSS OF USE, DATA,
     23           * OR PROFITS; OR BUSINESS INTERRUPTION) HOWEVER CAUSED AND ON ANY THEORY OF
     24           * LIABILITY, WHETHER IN CONTRACT, STRICT LIABILITY, OR TORT (INCLUDING
     25           * NEGLIGENCE OR OTHERWISE) ARISING IN ANY WAY OUT OF THE USE OF THIS SOFTWARE,
     26           * EVEN IF ADVISED OF THE POSSIBILITY OF SUCH DAMAGE.
     27           * ----------------------------------------------------------------------------
     28           */
     29          
     30          //------------------------------------------------------------------------------
     31          //         Headers
     32          //------------------------------------------------------------------------------
     33          #include "NorFlashApi.h"
     34          #include "NorFlashCommon.h"
     35          #include <utility/math.h>
     36          #include <utility/trace.h>
     37          #include <string.h>
     38          
     39          //------------------------------------------------------------------------------
     40          //         Exported functions
     41          //------------------------------------------------------------------------------
     42          
     43          //------------------------------------------------------------------------------
     44          /// It will invokes different associate function to implement a RESET command.
     45          /// \param pNorFlash  Pointer to a NorFlash instance.
     46          /// \param address  Address offset.
     47          //------------------------------------------------------------------------------

   \                                 In section .text, align 4, keep-with-next
     48          void NORFLASH_Reset(struct NorFlash *pNorFlash, unsigned int address)
     49          {
   \                     NORFLASH_Reset:
   \   00000000   0xE1A02000         MOV      R2,R0
     50              ((pNorFlash->pOperations)->_fReset)(&(pNorFlash->norFlashInfo), address);
   \   00000004   0xE2820004         ADD      R0,R2,#+4
   \   00000008   0xE5922000         LDR      R2,[R2, #+0]
   \   0000000C   0xE5922000         LDR      R2,[R2, #+0]
   \   00000010   0xE12FFF12         BX       R2               ;; tailcall
     51          }
     52          
     53          //------------------------------------------------------------------------------
     54          /// It will invokes associate function to implement a read manufactory ID command.
     55          /// \param pNorFlash  Pointer to a NorFlash instance.
     56          //------------------------------------------------------------------------------

   \                                 In section .text, align 4, keep-with-next
     57          unsigned int NORFLASH_ReadManufactoryID(struct NorFlash *pNorFlash)
     58          { 
   \                     NORFLASH_ReadManufactoryID:
   \   00000000   0xE1A01000         MOV      R1,R0
     59              return ((pNorFlash->pOperations)->_fReadManufactoryID)(&(pNorFlash->norFlashInfo));
   \   00000004   0xE2810004         ADD      R0,R1,#+4
   \   00000008   0xE5911000         LDR      R1,[R1, #+0]
   \   0000000C   0xE5911008         LDR      R1,[R1, #+8]
   \   00000010   0xE12FFF11         BX       R1               ;; tailcall
     60          }
     61          
     62          //------------------------------------------------------------------------------
     63          /// It will invokes associate function to implement a read device ID command.
     64          /// ID command.
     65          /// \param pNorFlash  Pointer to a NorFlash instance.
     66          //------------------------------------------------------------------------------

   \                                 In section .text, align 4, keep-with-next
     67          unsigned int NORFLASH_ReadDeviceID(struct NorFlash *pNorFlash)
     68          {
   \                     NORFLASH_ReadDeviceID:
   \   00000000   0xE1A01000         MOV      R1,R0
     69              return ((pNorFlash->pOperations)->_fReadDeviceID)(&(pNorFlash->norFlashInfo));
   \   00000004   0xE2810004         ADD      R0,R1,#+4
   \   00000008   0xE5911000         LDR      R1,[R1, #+0]
   \   0000000C   0xE591100C         LDR      R1,[R1, #+12]
   \   00000010   0xE12FFF11         BX       R1               ;; tailcall
     70          }
     71          
     72          //------------------------------------------------------------------------------
     73          /// Erases the specified block of the device. Returns 0 if the operation was
     74          /// successful; otherwise returns an error code.
     75          /// \param pNorFlash  Pointer to a NorFlash instance.
     76          /// \param address Address offset to be erase.
     77          //------------------------------------------------------------------------------

   \                                 In section .text, align 4, keep-with-next
     78          unsigned char NORFLASH_EraseSector(
     79              struct NorFlash *pNorFlash, 
     80              unsigned int address)
     81          {
   \                     NORFLASH_EraseSector:
   \   00000000   0xE1A02000         MOV      R2,R0
     82              return ((pNorFlash->pOperations)->_fEraseSector)(&(pNorFlash->norFlashInfo), address);
   \   00000004   0xE2820004         ADD      R0,R2,#+4
   \   00000008   0xE5922000         LDR      R2,[R2, #+0]
   \   0000000C   0xE5922014         LDR      R2,[R2, #+20]
   \   00000010   0xE12FFF12         BX       R2               ;; tailcall
     83          }
     84          
     85          //------------------------------------------------------------------------------
     86          /// Erases all the block of the device. Returns 0 if the operation was successful;
     87          /// otherwise returns an error code.
     88          /// \param pNorFlash  Pointer to a NorFlash instance.
     89          //------------------------------------------------------------------------------

   \                                 In section .text, align 4, keep-with-next
     90          unsigned char NORFLASH_EraseChip(
     91              struct NorFlash *pNorFlash)
     92          {
   \                     NORFLASH_EraseChip:
   \   00000000   0xE1A01000         MOV      R1,R0
     93              return ((pNorFlash->pOperations)->_fEraseChip)(&(pNorFlash->norFlashInfo));
   \   00000004   0xE2810004         ADD      R0,R1,#+4
   \   00000008   0xE5911000         LDR      R1,[R1, #+0]
   \   0000000C   0xE5911010         LDR      R1,[R1, #+16]
   \   00000010   0xE12FFF11         BX       R1               ;; tailcall
     94          }
     95          
     96          //------------------------------------------------------------------------------
     97          /// Sends data to the pNorFlash chip from the provided buffer.
     98          /// \param pNorFlash  Pointer to a NorFlash instance.
     99          /// \param address Start address offset to be wrote.
    100          /// \param buffer Buffer where the data is stored.
    101          /// \param size Number of bytes that will be written.
    102          //------------------------------------------------------------------------------

   \                                 In section .text, align 4, keep-with-next
    103          unsigned char NORFLASH_WriteData(
    104              struct NorFlash *pNorFlash,
    105              unsigned int address,
    106              unsigned char *buffer,
    107              unsigned int size)
    108          {
   \                     NORFLASH_WriteData:
   \   00000000   0xE1A0C000         MOV      R12,R0
    109              return ((pNorFlash->pOperations)->_fWriteData)(&(pNorFlash->norFlashInfo), address, buffer, size);
   \   00000004   0xE28C0004         ADD      R0,R12,#+4
   \   00000008   0xE59CC000         LDR      R12,[R12, #+0]
   \   0000000C   0xE59CC004         LDR      R12,[R12, #+4]
   \   00000010   0xE12FFF1C         BX       R12              ;; tailcall
    110          }
    111          
    112          //------------------------------------------------------------------------------
    113          /// Reads data from the NandFlash chip into the provided buffer.
    114          /// \param pNorFlash  Pointer to a NorFlash instance.
    115          /// \param buffer  Buffer where the data will be stored.
    116          /// \param size  Number of bytes that will be read.
    117          //------------------------------------------------------------------------------

   \                                 In section .text, align 4, keep-with-next
    118          unsigned char NORFLASH_ReadData(
    119              struct NorFlash *pNorFlash,
    120              unsigned int  address,
    121              unsigned char *buffer,
    122              unsigned int size)
    123          {
   \                     NORFLASH_ReadData:
   \   00000000   0xE92D41F0         PUSH     {R4-R8,LR}
   \   00000004   0xE1A06000         MOV      R6,R0
   \   00000008   0xE1A07001         MOV      R7,R1
   \   0000000C   0xE1A04002         MOV      R4,R2
   \   00000010   0xE1A08003         MOV      R8,R3
    124              unsigned int busAddress;
    125              unsigned char busWidth;
    126              unsigned int i;
    127              busWidth = NorFlash_GetDataBusWidth(&(pNorFlash->norFlashInfo));
   \   00000014   0xE2860004         ADD      R0,R6,#+4
   \   00000018   0x........         BL       NorFlash_GetDataBusWidth
   \   0000001C   0xE1A05000         MOV      R5,R0
    128              
    129              busAddress = NorFlash_GetAddressInChip(&(pNorFlash->norFlashInfo), address);
   \   00000020   0xE1A01007         MOV      R1,R7
   \   00000024   0xE2860004         ADD      R0,R6,#+4
   \   00000028   0x........         BL       NorFlash_GetAddressInChip
   \   0000002C   0xE1A06000         MOV      R6,R0
    130              
    131              size /= (busWidth / 8);
   \   00000030   0xE1A00008         MOV      R0,R8
   \   00000034   0xE1A01145         ASR      R1,R5,#+2
   \   00000038   0xE0851EA1         ADD      R1,R5,R1, LSR #+29
   \   0000003C   0xE1A011C1         ASR      R1,R1,#+3
   \   00000040   0x........         BL       __aeabi_uidiv
   \   00000044   0xE1B07000         MOVS     R7,R0
    132              for(i=0; i < size; i++) {
   \   00000048   0x0A00000B         BEQ      ??NORFLASH_ReadData_0
    133                  ReadRawData(busWidth, busAddress, buffer);
   \                     ??NORFLASH_ReadData_1:
   \   0000004C   0xE1A02004         MOV      R2,R4
   \   00000050   0xE1A01006         MOV      R1,R6
   \   00000054   0xE1A00005         MOV      R0,R5
   \   00000058   0x........         BL       ReadRawData
    134                  buffer+= (busWidth / 8);
   \   0000005C   0xE1A00145         ASR      R0,R5,#+2
   \   00000060   0xE0850EA0         ADD      R0,R5,R0, LSR #+29
   \   00000064   0xE08441C0         ADD      R4,R4,R0, ASR #+3
    135                  busAddress+= (busWidth / 8);
   \   00000068   0xE1A00145         ASR      R0,R5,#+2
   \   0000006C   0xE0850EA0         ADD      R0,R5,R0, LSR #+29
   \   00000070   0xE08661C0         ADD      R6,R6,R0, ASR #+3
    136              }
   \   00000074   0xE2577001         SUBS     R7,R7,#+1
   \   00000078   0x1AFFFFF3         BNE      ??NORFLASH_ReadData_1
    137              return 0;
   \                     ??NORFLASH_ReadData_0:
   \   0000007C   0xE3A00000         MOV      R0,#+0
   \   00000080   0xE8BD41F0         POP      {R4-R8,LR}
   \   00000084   0xE12FFF1E         BX       LR               ;; return
    138              
    139              /*
    140              if ((busWidth / 8 ) == FLASH_CHIP_WIDTH_8BITS ){ 
    141                  size = (size);
    142              }
    143          
    144              if ((busWidth / 8 ) == FLASH_CHIP_WIDTH_16BITS ){ 
    145                  size = (size + 1) >> 1;
    146              }
    147              if ((busWidth/8) == FLASH_CHIP_WIDTH_32BITS ){ 
    148                  size = (size + 3) >> 2;
    149              }
    150              
    151              for(i = 0; i < size; i++) {
    152                  ReadRawData(busWidth, busAddress, buffer);
    153                  buffer+= (busWidth / 8);
    154                  busAddress+= (busWidth / 8);
    155          
    156              }
    157              return 0;
    158              
    159              */
    160          }

   Maximum stack usage in bytes:

   .cstack Function
   ------- --------
        0  NORFLASH_EraseChip
              0 -- Indirect call
        0  NORFLASH_EraseSector
              0 -- Indirect call
       24  NORFLASH_ReadData
             24 -> NorFlash_GetAddressInChip
             24 -> NorFlash_GetDataBusWidth
             24 -> ReadRawData
             24 -> __aeabi_uidiv
        0  NORFLASH_ReadDeviceID
              0 -- Indirect call
        0  NORFLASH_ReadManufactoryID
              0 -- Indirect call
        0  NORFLASH_Reset
              0 -- Indirect call
        0  NORFLASH_WriteData
              0 -- Indirect call


   Section sizes:

   Bytes  Function/Label
   -----  --------------
      20  NORFLASH_EraseChip
      20  NORFLASH_EraseSector
     136  NORFLASH_ReadData
      20  NORFLASH_ReadDeviceID
      20  NORFLASH_ReadManufactoryID
      20  NORFLASH_Reset
      20  NORFLASH_WriteData

 
 256 bytes in section .text
 
 256 bytes of CODE memory

Errors: none
Warnings: none
