###############################################################################
#                                                                             #
# IAR ANSI C/C++ Compiler V6.30.6.53336/W32 for ARM     15/Apr/2013  10:54:45 #
# Copyright 1999-2012 IAR Systems AB.                                         #
#                                                                             #
#    Cpu mode     =  arm                                                      #
#    Endian       =  little                                                   #
#    Source file  =  C:\Users\JDS\Desktop\JDS_PRO\국내 프로젝트\대구          #
#                    모노레일\프로그램\basic-usart-hw-handshaking-project-at9 #
#                    1sam7se-ek\at91lib\peripherals\pmc\pmc.c                 #
#    Command line =  "C:\Users\JDS\Desktop\JDS_PRO\국내 프로젝트\대구         #
#                    모노레일\프로그램\basic-usart-hw-handshaking-project-at9 #
#                    1sam7se-ek\at91lib\peripherals\pmc\pmc.c" -D             #
#                    at91sam7se512 -D sram -D TRACE_LEVEL=4 -lC               #
#                    "C:\Users\JDS\Desktop\JDS_PRO\국내 프로젝트\대구         #
#                    모노레일\프로그램\basic-usart-hw-handshaking-project-at9 #
#                    1sam7se-ek\at91sam7se-ek\basic-usart-hw-handshaking-proj #
#                    ect\ewp\at91sam7se512_sram\List\" --remarks              #
#                    --diag_suppress Pe826,Pe1375 -o                          #
#                    "C:\Users\JDS\Desktop\JDS_PRO\국내 프로젝트\대구         #
#                    모노레일\프로그램\basic-usart-hw-handshaking-project-at9 #
#                    1sam7se-ek\at91sam7se-ek\basic-usart-hw-handshaking-proj #
#                    ect\ewp\at91sam7se512_sram\Obj\" --no_cse --no_unroll    #
#                    --no_inline --no_code_motion --no_tbaa --no_clustering   #
#                    --no_scheduling --debug --endian=little --cpu=ARM7TDMI   #
#                    -e --fpu=None --dlib_config "C:\Program Files\IAR        #
#                    Systems\Embedded Workbench 6.0\arm\INC\c\DLib_Config_Ful #
#                    l.h" -I "C:\Users\JDS\Desktop\JDS_PRO\국내               #
#                    프로젝트\대구 모노레일\프로그램\basic-usart-hw-handshaki #
#                    ng-project-at91sam7se-ek\at91sam7se-ek\basic-usart-hw-ha #
#                    ndshaking-project\ewp\..\..\..\at91lib/peripherals\" -I  #
#                    "C:\Users\JDS\Desktop\JDS_PRO\국내 프로젝트\대구         #
#                    모노레일\프로그램\basic-usart-hw-handshaking-project-at9 #
#                    1sam7se-ek\at91sam7se-ek\basic-usart-hw-handshaking-proj #
#                    ect\ewp\..\..\..\at91lib\" -I                            #
#                    "C:\Users\JDS\Desktop\JDS_PRO\국내 프로젝트\대구         #
#                    모노레일\프로그램\basic-usart-hw-handshaking-project-at9 #
#                    1sam7se-ek\at91sam7se-ek\basic-usart-hw-handshaking-proj #
#                    ect\ewp\..\..\..\at91lib/components\" -I                 #
#                    "C:\Users\JDS\Desktop\JDS_PRO\국내 프로젝트\대구         #
#                    모노레일\프로그램\basic-usart-hw-handshaking-project-at9 #
#                    1sam7se-ek\at91sam7se-ek\basic-usart-hw-handshaking-proj #
#                    ect\ewp\..\..\..\at91lib/boards/at91sam7se-ek\"          #
#                    --interwork --cpu_mode arm -Oh --use_c++_inline          #
#    List file    =  C:\Users\JDS\Desktop\JDS_PRO\국내 프로젝트\대구          #
#                    모노레일\프로그램\basic-usart-hw-handshaking-project-at9 #
#                    1sam7se-ek\at91sam7se-ek\basic-usart-hw-handshaking-proj #
#                    ect\ewp\at91sam7se512_sram\List\pmc.lst                  #
#    Object file  =  C:\Users\JDS\Desktop\JDS_PRO\국내 프로젝트\대구          #
#                    모노레일\프로그램\basic-usart-hw-handshaking-project-at9 #
#                    1sam7se-ek\at91sam7se-ek\basic-usart-hw-handshaking-proj #
#                    ect\ewp\at91sam7se512_sram\Obj\pmc.o                     #
#                                                                             #
#                                                                             #
###############################################################################

C:\Users\JDS\Desktop\JDS_PRO\국내 프로젝트\대구 모노레일\프로그램\basic-usart-hw-handshaking-project-at91sam7se-ek\at91lib\peripherals\pmc\pmc.c
      1          /* ----------------------------------------------------------------------------
      2           *         ATMEL Microcontroller Software Support 
      3           * ----------------------------------------------------------------------------
      4           * Copyright (c) 2008, Atmel Corporation
      5           *
      6           * All rights reserved.
      7           *
      8           * Redistribution and use in source and binary forms, with or without
      9           * modification, are permitted provided that the following conditions are met:
     10           *
     11           * - Redistributions of source code must retain the above copyright notice,
     12           * this list of conditions and the disclaimer below.
     13           *
     14           * Atmel's name may not be used to endorse or promote products derived from
     15           * this software without specific prior written permission.
     16           *
     17           * DISCLAIMER: THIS SOFTWARE IS PROVIDED BY ATMEL "AS IS" AND ANY EXPRESS OR
     18           * IMPLIED WARRANTIES, INCLUDING, BUT NOT LIMITED TO, THE IMPLIED WARRANTIES OF
     19           * MERCHANTABILITY, FITNESS FOR A PARTICULAR PURPOSE AND NON-INFRINGEMENT ARE
     20           * DISCLAIMED. IN NO EVENT SHALL ATMEL BE LIABLE FOR ANY DIRECT, INDIRECT,
     21           * INCIDENTAL, SPECIAL, EXEMPLARY, OR CONSEQUENTIAL DAMAGES (INCLUDING, BUT NOT
     22           * LIMITED TO, PROCUREMENT OF SUBSTITUTE GOODS OR SERVICES; LOSS OF USE, DATA,
     23           * OR PROFITS; OR BUSINESS INTERRUPTION) HOWEVER CAUSED AND ON ANY THEORY OF
     24           * LIABILITY, WHETHER IN CONTRACT, STRICT LIABILITY, OR TORT (INCLUDING
     25           * NEGLIGENCE OR OTHERWISE) ARISING IN ANY WAY OUT OF THE USE OF THIS SOFTWARE,
     26           * EVEN IF ADVISED OF THE POSSIBILITY OF SUCH DAMAGE.
     27           * ----------------------------------------------------------------------------
     28           */
     29          
     30          //------------------------------------------------------------------------------
     31          //         Headers
     32          //------------------------------------------------------------------------------
     33          
     34          #include "pmc.h"
     35          #include <board.h>
     36          #include <utility/assert.h>
     37          #include <utility/trace.h>
     38          
     39          #ifdef CP15_PRESENT
     40          #include <cp15/cp15.h>
     41          #endif
     42          
     43          #define MASK_STATUS 0x3FFFFFFC
     44          
     45          //------------------------------------------------------------------------------
     46          //         Global functions
     47          //------------------------------------------------------------------------------
     48          
     49          #if defined(at91sam7l64) || defined(at91sam7l128)
     50          //------------------------------------------------------------------------------
     51          /// Sets the fast wake-up inputs that can get the device out of Wait mode.
     52          /// \param inputs  Fast wake-up inputs to enable.
     53          //------------------------------------------------------------------------------
     54          void PMC_SetFastWakeUpInputs(unsigned int inputs)
     55          {
     56              SANITY_CHECK((inputs & ~0xFF) == 0);
     57              AT91C_BASE_PMC->PMC_FSMR = inputs;
     58          }
     59          
     60          #if !defined(__ICCARM__)
     61          __attribute__ ((section (".ramfunc"))) // GCC
     62          #endif
     63          //------------------------------------------------------------------------------
     64          /// Disables the main oscillator, making the device enter Wait mode.
     65          //------------------------------------------------------------------------------
     66          void PMC_DisableMainOscillatorForWaitMode(void)
     67          {
     68              AT91C_BASE_PMC->PMC_MOR = 0x37 << 16;
     69              while ((AT91C_BASE_PMC->PMC_MOR & AT91C_PMC_MAINSELS) != AT91C_PMC_MAINSELS);
     70          }
     71          
     72          #endif
     73          
     74          #if defined(at91sam7l)
     75          //------------------------------------------------------------------------------
     76          /// Disables the main oscillator when NOT running on it.
     77          //------------------------------------------------------------------------------
     78          void PMC_DisableMainOscillator(void)
     79          {
     80              AT91C_BASE_PMC->PMC_MOR = 0x37 << 16;
     81              while ((AT91C_BASE_PMC->PMC_SR & AT91C_PMC_MAINSELS) == AT91C_PMC_MAINSELS);
     82          }
     83          #endif
     84          
     85          //------------------------------------------------------------------------------
     86          /// Disables the processor clock
     87          //------------------------------------------------------------------------------

   \                                 In section .text, align 4, keep-with-next
     88          void PMC_DisableProcessorClock(void)
     89          {    
     90              AT91C_BASE_PMC->PMC_SCDR = AT91C_PMC_PCK;   
   \                     PMC_DisableProcessorClock:
   \   00000000   0xE3E000FB         MVN      R0,#+251
   \   00000004   0xE3C00FC0         BIC      R0,R0,#0x300
   \   00000008   0xE3A01001         MOV      R1,#+1
   \   0000000C   0xE5801000         STR      R1,[R0, #+0]
     91              while ((AT91C_BASE_PMC->PMC_SCSR & AT91C_PMC_PCK) != AT91C_PMC_PCK); 
   \                     ??PMC_DisableProcessorClock_0:
   \   00000010   0xE3E000F7         MVN      R0,#+247
   \   00000014   0xE3C00FC0         BIC      R0,R0,#0x300
   \   00000018   0xE5900000         LDR      R0,[R0, #+0]
   \   0000001C   0xE3100001         TST      R0,#0x1
   \   00000020   0x0AFFFFFA         BEQ      ??PMC_DisableProcessorClock_0
     92          }
   \   00000024   0xE12FFF1E         BX       LR               ;; return
     93          
     94          //------------------------------------------------------------------------------
     95          /// Enables the clock of a peripheral. The peripheral ID (AT91C_ID_xxx) is used
     96          /// to identify which peripheral is targetted.
     97          /// Note that the ID must NOT be shifted (i.e. 1 << AT91C_ID_xxx).
     98          /// \param id  Peripheral ID (AT91C_ID_xxx).
     99          //------------------------------------------------------------------------------

   \                                 In section .text, align 4, keep-with-next
    100          void PMC_EnablePeripheral(unsigned int id)
    101          {
   \                     PMC_EnablePeripheral:
   \   00000000   0xE92D5000         PUSH     {R12,LR}
    102              SANITY_CHECK(id < 32);
   \   00000004   0xE3500020         CMP      R0,#+32
   \   00000008   0x3A000006         BCC      ??PMC_EnablePeripheral_0
   \   0000000C   0x........         LDR      R0,??DataTable2
   \   00000010   0x........         BL       printf
   \   00000014   0xE3A02066         MOV      R2,#+102
   \   00000018   0x........         LDR      R1,??DataTable2_1
   \   0000001C   0x........         LDR      R0,??DataTable2_2
   \   00000020   0x........         BL       printf
   \                     ??PMC_EnablePeripheral_1:
   \   00000024   0xEAFFFFFE         B        ??PMC_EnablePeripheral_1
    103          
    104              if ((AT91C_BASE_PMC->PMC_PCSR & (1 << id)) == (1 << id)) {
   \                     ??PMC_EnablePeripheral_0:
   \   00000028   0xE3E010E7         MVN      R1,#+231
   \   0000002C   0xE3C11FC0         BIC      R1,R1,#0x300
   \   00000030   0xE5911000         LDR      R1,[R1, #+0]
   \   00000034   0xE3A02001         MOV      R2,#+1
   \   00000038   0xE0011012         AND      R1,R1,R2, LSL R0
   \   0000003C   0xE1510012         CMP      R1,R2, LSL R0
    105          
    106                  TRACE_INFO("PMC_EnablePeripheral: clock of peripheral"
    107                             " %u is already enabled\n\r",
    108                             id);
   \   00000040   0x01A01000         MOVEQ    R1,R0
   \   00000044   0x........         LDREQ    R0,??DataTable2_3
   \   00000048   0x08BD4004         POPEQ    {R2,LR}
   \   0000004C   0x........         BEQ      printf           ;; tailcall
    109              }
    110              else {
    111          
    112                  AT91C_BASE_PMC->PMC_PCER = 1 << id;
   \   00000050   0xE1A00012         LSL      R0,R2,R0
   \   00000054   0xE3E010EF         MVN      R1,#+239
   \   00000058   0x........         B        ?Subroutine0
    113              }
    114          }

   \                                 In section .text, align 4, keep-with-next
   \                     ?Subroutine0:
   \   00000000   0xE3C11FC0         BIC      R1,R1,#0x300
   \   00000004   0xE5810000         STR      R0,[R1, #+0]
   \   00000008   0xE8BD4001         POP      {R0,LR}
   \   0000000C   0xE12FFF1E         BX       LR               ;; return
    115          
    116          //------------------------------------------------------------------------------
    117          /// Disables the clock of a peripheral. The peripheral ID (AT91C_ID_xxx) is used
    118          /// to identify which peripheral is targetted.
    119          /// Note that the ID must NOT be shifted (i.e. 1 << AT91C_ID_xxx).
    120          /// \param id  Peripheral ID (AT91C_ID_xxx).
    121          //------------------------------------------------------------------------------

   \                                 In section .text, align 4, keep-with-next
    122          void PMC_DisablePeripheral(unsigned int id)
    123          {
   \                     PMC_DisablePeripheral:
   \   00000000   0xE92D5000         PUSH     {R12,LR}
    124              SANITY_CHECK(id < 32);
   \   00000004   0xE3500020         CMP      R0,#+32
   \   00000008   0x3A000006         BCC      ??PMC_DisablePeripheral_0
   \   0000000C   0x........         LDR      R0,??DataTable2
   \   00000010   0x........         BL       printf
   \   00000014   0xE3A0207C         MOV      R2,#+124
   \   00000018   0x........         LDR      R1,??DataTable2_1
   \   0000001C   0x........         LDR      R0,??DataTable2_2
   \   00000020   0x........         BL       printf
   \                     ??PMC_DisablePeripheral_1:
   \   00000024   0xEAFFFFFE         B        ??PMC_DisablePeripheral_1
    125          
    126              if ((AT91C_BASE_PMC->PMC_PCSR & (1 << id)) != (1 << id)) {
   \                     ??PMC_DisablePeripheral_0:
   \   00000028   0xE3E010E7         MVN      R1,#+231
   \   0000002C   0xE3C11FC0         BIC      R1,R1,#0x300
   \   00000030   0xE5911000         LDR      R1,[R1, #+0]
   \   00000034   0xE3A02001         MOV      R2,#+1
   \   00000038   0xE0011012         AND      R1,R1,R2, LSL R0
   \   0000003C   0xE1510012         CMP      R1,R2, LSL R0
    127          
    128                  TRACE_INFO("PMC_DisablePeripheral: clock of peripheral"
    129                             " %u is not enabled\n\r",
    130                             id);
   \   00000040   0x11A01000         MOVNE    R1,R0
   \   00000044   0x........         LDRNE    R0,??DataTable2_4
   \   00000048   0x18BD4004         POPNE    {R2,LR}
   \   0000004C   0x........         BNE      printf           ;; tailcall
    131              }
    132              else {
    133          
    134                  AT91C_BASE_PMC->PMC_PCDR = 1 << id;
   \   00000050   0xE1A00012         LSL      R0,R2,R0
   \   00000054   0xE3E010EB         MVN      R1,#+235
   \   00000058                      REQUIRE ?Subroutine0
   \   00000058                      ;; // Fall through to label ?Subroutine0
    135              }
    136          }
    137          
    138          //------------------------------------------------------------------------------
    139          /// Enable all the periph clock via PMC
    140          /// (Becareful of the last 2 bits, it is not periph clock)
    141          //------------------------------------------------------------------------------

   \                                 In section .text, align 4, keep-with-next
    142          void PMC_EnableAllPeripherals(void)
    143          {
    144              AT91C_BASE_PMC->PMC_PCER = MASK_STATUS;
   \                     PMC_EnableAllPeripherals:
   \   00000000   0xE3E000EF         MVN      R0,#+239
   \   00000004   0xE3C00FC0         BIC      R0,R0,#0x300
   \   00000008   0xE3E013F0         MVN      R1,#-1073741821
   \   0000000C   0xE5801000         STR      R1,[R0, #+0]
    145              while( (AT91C_BASE_PMC->PMC_PCSR & MASK_STATUS) != MASK_STATUS);
   \                     ??PMC_EnableAllPeripherals_0:
   \   00000010   0xE3E000E7         MVN      R0,#+231
   \   00000014   0xE3C00FC0         BIC      R0,R0,#0x300
   \   00000018   0xE5900000         LDR      R0,[R0, #+0]
   \   0000001C   0xE3C003F0         BIC      R0,R0,#0xC0000003
   \   00000020   0xE1500001         CMP      R0,R1
   \   00000024   0x1AFFFFF9         BNE      ??PMC_EnableAllPeripherals_0
    146              TRACE_INFO("Enable all periph clocks\n\r"); 
   \   00000028   0x........         LDR      R0,??DataTable2_5
   \   0000002C   0x........         B        printf           ;; tailcall
    147          }
    148          
    149          //------------------------------------------------------------------------------
    150          /// Disable all the periph clock via PMC
    151          /// (Becareful of the last 2 bits, it is not periph clock)
    152          //------------------------------------------------------------------------------

   \                                 In section .text, align 4, keep-with-next
    153          void PMC_DisableAllPeripherals(void)
    154          {
    155              AT91C_BASE_PMC->PMC_PCDR = MASK_STATUS;
   \                     PMC_DisableAllPeripherals:
   \   00000000   0xE3E000EB         MVN      R0,#+235
   \   00000004   0xE3C00FC0         BIC      R0,R0,#0x300
   \   00000008   0xE3E013F0         MVN      R1,#-1073741821
   \   0000000C   0xE5801000         STR      R1,[R0, #+0]
    156              while((AT91C_BASE_PMC->PMC_PCSR & MASK_STATUS) != 0);
   \                     ??PMC_DisableAllPeripherals_0:
   \   00000010   0xE3E000E7         MVN      R0,#+231
   \   00000014   0xE3C00FC0         BIC      R0,R0,#0x300
   \   00000018   0xE5900000         LDR      R0,[R0, #+0]
   \   0000001C   0xE3D003F0         BICS     R0,R0,#0xC0000003
   \   00000020   0x1AFFFFFA         BNE      ??PMC_DisableAllPeripherals_0
    157              TRACE_INFO("Disable all periph clocks\n\r");
   \   00000024   0x........         LDR      R0,??DataTable2_6
   \   00000028   0x........         B        printf           ;; tailcall
    158          }
    159          
    160          //-----------------------------------------------------------------------------
    161          /// Get Periph Status
    162          //-----------------------------------------------------------------------------

   \                                 In section .text, align 4, keep-with-next
    163          unsigned int PMC_IsAllPeriphEnabled(void)
    164          {
    165              return (AT91C_BASE_PMC->PMC_PCSR == MASK_STATUS);
   \                     PMC_IsAllPeriphEnabled:
   \   00000000   0xE3E000E7         MVN      R0,#+231
   \   00000004   0xE3C00FC0         BIC      R0,R0,#0x300
   \   00000008   0xE5900000         LDR      R0,[R0, #+0]
   \   0000000C   0xE3E013F0         MVN      R1,#-1073741821
   \   00000010   0xE1500001         CMP      R0,R1
   \   00000014   0x03A00001         MOVEQ    R0,#+1
   \   00000018   0x13A00000         MOVNE    R0,#+0
   \   0000001C   0xE12FFF1E         BX       LR               ;; return
    166          }
    167          
    168          //-----------------------------------------------------------------------------
    169          /// Get Periph Status
    170          //-----------------------------------------------------------------------------

   \                                 In section .text, align 4, keep-with-next
    171          unsigned int PMC_IsPeriphEnabled(unsigned int id)
    172          {
    173              return (AT91C_BASE_PMC->PMC_PCSR & (1 << id));  
   \                     PMC_IsPeriphEnabled:
   \   00000000   0xE3E010E7         MVN      R1,#+231
   \   00000004   0xE3C11FC0         BIC      R1,R1,#0x300
   \   00000008   0xE5911000         LDR      R1,[R1, #+0]
   \   0000000C   0xE3A02001         MOV      R2,#+1
   \   00000010   0xE0010012         AND      R0,R1,R2, LSL R0
   \   00000014   0xE12FFF1E         BX       LR               ;; return
    174          }
    175          //------------------------------------------------------------------------------
    176          /// Put the CPU in Idle Mode for lower consumption
    177          //------------------------------------------------------------------------------

   \                                 In section .text, align 4, keep-with-next
    178          void PMC_CPUInIdleMode(void)
    179          {
    180              PMC_DisableProcessorClock();
   \                     PMC_CPUInIdleMode:
   \   00000000   0x........         B        PMC_DisableProcessorClock  ;; tailcall
    181          #ifdef CP15_PRESENT
    182              _waitForInterrupt();
    183          #endif
    184          }

   \                                 In section .text, align 4, keep-with-next
   \                     ??DataTable2:
   \   00000000   0x........         DC32     `?<Constant "-F- ASSERT: ">`

   \                                 In section .text, align 4, keep-with-next
   \                     ??DataTable2_1:
   \   00000000   0x........         DC32     `?<Constant "C:\\\\Users\\\\JDS\\\\Desktop\\\\...">`

   \                                 In section .text, align 4, keep-with-next
   \                     ??DataTable2_2:
   \   00000000   0x........         DC32     `?<Constant "Sanity check failed a...">`

   \                                 In section .text, align 4, keep-with-next
   \                     ??DataTable2_3:
   \   00000000   0x........         DC32     `?<Constant "-I- PMC_EnablePeriphe...">`

   \                                 In section .text, align 4, keep-with-next
   \                     ??DataTable2_4:
   \   00000000   0x........         DC32     `?<Constant "-I- PMC_DisablePeriph...">`

   \                                 In section .text, align 4, keep-with-next
   \                     ??DataTable2_5:
   \   00000000   0x........         DC32     `?<Constant "-I- Enable all periph...">`

   \                                 In section .text, align 4, keep-with-next
   \                     ??DataTable2_6:
   \   00000000   0x........         DC32     `?<Constant "-I- Disable all perip...">`

   \                                 In section .rodata, align 4
   \                     `?<Constant "-F- ASSERT: ">`:
   \   00000000   0x2D 0x46          DC8 "-F- ASSERT: "
   \              0x2D 0x20    
   \              0x41 0x53    
   \              0x53 0x45    
   \              0x52 0x54    
   \              0x3A 0x20    
   \              0x00         
   \   0000000D   0x00 0x00          DC8 0, 0, 0
   \              0x00         

   \                                 In section .rodata, align 4
   \                     `?<Constant "Sanity check failed a...">`:
   \   00000000   0x53 0x61          DC8 "Sanity check failed at %s:%d\012\015"
   \              0x6E 0x69    
   \              0x74 0x79    
   \              0x20 0x63    
   \              0x68 0x65    
   \              0x63 0x6B    
   \              0x20 0x66    
   \              0x61 0x69    
   \              0x6C 0x65    
   \              0x64 0x20    
   \              0x61 0x74    
   \              0x20 0x25    
   \              0x73 0x3A    
   \              0x25 0x64    
   \              0x0A 0x0D    
   \              0x00         
   \   0000001F   0x00               DC8 0

   \                                 In section .rodata, align 4
   \                     `?<Constant "C:\\\\Users\\\\JDS\\\\Desktop\\\\...">`:
   \   00000000   0x43 0x3A          DC8 43H, 3AH, 5CH, 55H, 73H, 65H, 72H, 73H
   \              0x5C 0x55    
   \              0x73 0x65    
   \              0x72 0x73    
   \   00000008   0x5C 0x4A          DC8 5CH, 4AH, 44H, 53H, 5CH, 44H, 65H, 73H
   \              0x44 0x53    
   \              0x5C 0x44    
   \              0x65 0x73    
   \   00000010   0x6B 0x74          DC8 6BH, 74H, 6FH, 70H, 5CH, 4AH, 44H, 53H
   \              0x6F 0x70    
   \              0x5C 0x4A    
   \              0x44 0x53    
   \   00000018   0x5F 0x50          DC8 5FH, 50H, 52H, 4FH, 5CH, 0B1H, 0B9H, 0B3H
   \              0x52 0x4F    
   \              0x5C 0xB1    
   \              0xB9 0xB3    
   \   00000020   0xBB 0x20          DC8 0BBH, 20H, 0C7H, 0C1H, 0B7H, 0CEH, 0C1H, 0A7H
   \              0xC7 0xC1    
   \              0xB7 0xCE    
   \              0xC1 0xA7    
   \   00000028   0xC6 0xAE          DC8 0C6H, 0AEH, 5CH, 0B4H, 0EBH, 0B1H, 0B8H, 20H
   \              0x5C 0xB4    
   \              0xEB 0xB1    
   \              0xB8 0x20    
   \   00000030   0xB8 0xF0          DC8 0B8H, 0F0H, 0B3H, 0EBH, 0B7H, 0B9H, 0C0H, 0CFH
   \              0xB3 0xEB    
   \              0xB7 0xB9    
   \              0xC0 0xCF    
   \   00000038   0x5C 0xC7          DC8 5CH, 0C7H, 0C1H, 0B7H, 0CEH, 0B1H, 0D7H, 0B7H
   \              0xC1 0xB7    
   \              0xCE 0xB1    
   \              0xD7 0xB7    
   \   00000040   0xA5 0x5C          DC8 0A5H, 5CH, 62H, 61H, 73H, 69H, 63H, 2DH
   \              0x62 0x61    
   \              0x73 0x69    
   \              0x63 0x2D    
   \   00000048   0x75 0x73          DC8 75H, 73H, 61H, 72H, 74H, 2DH, 68H, 77H
   \              0x61 0x72    
   \              0x74 0x2D    
   \              0x68 0x77    
   \   00000050   0x2D 0x68          DC8 2DH, 68H, 61H, 6EH, 64H, 73H, 68H, 61H
   \              0x61 0x6E    
   \              0x64 0x73    
   \              0x68 0x61    
   \   00000058   0x6B 0x69          DC8 6BH, 69H, 6EH, 67H, 2DH, 70H, 72H, 6FH
   \              0x6E 0x67    
   \              0x2D 0x70    
   \              0x72 0x6F    
   \   00000060   0x6A 0x65          DC8 6AH, 65H, 63H, 74H, 2DH, 61H, 74H, 39H
   \              0x63 0x74    
   \              0x2D 0x61    
   \              0x74 0x39    
   \   00000068   0x31 0x73          DC8 31H, 73H, 61H, 6DH, 37H, 73H, 65H, 2DH
   \              0x61 0x6D    
   \              0x37 0x73    
   \              0x65 0x2D    
   \   00000070   0x65 0x6B          DC8 65H, 6BH, 5CH, 61H, 74H, 39H, 31H, 6CH
   \              0x5C 0x61    
   \              0x74 0x39    
   \              0x31 0x6C    
   \   00000078   0x69 0x62          DC8 69H, 62H, 5CH, 70H, 65H, 72H, 69H, 70H
   \              0x5C 0x70    
   \              0x65 0x72    
   \              0x69 0x70    
   \   00000080   0x68 0x65          DC8 68H, 65H, 72H, 61H, 6CH, 73H, 5CH, 70H
   \              0x72 0x61    
   \              0x6C 0x73    
   \              0x5C 0x70    
   \   00000088   0x6D 0x63          DC8 6DH, 63H, 5CH, 70H, 6DH, 63H, 2EH, 63H
   \              0x5C 0x70    
   \              0x6D 0x63    
   \              0x2E 0x63    
   \   00000090   0x00               DC8 0
   \   00000091   0x00 0x00          DC8 0, 0, 0
   \              0x00         

   \                                 In section .rodata, align 4
   \                     `?<Constant "-I- PMC_EnablePeriphe...">`:
   \   00000000   0x2D 0x49          DC8 2DH, 49H, 2DH, 20H, 50H, 4DH, 43H, 5FH
   \              0x2D 0x20    
   \              0x50 0x4D    
   \              0x43 0x5F    
   \   00000008   0x45 0x6E          DC8 45H, 6EH, 61H, 62H, 6CH, 65H, 50H, 65H
   \              0x61 0x62    
   \              0x6C 0x65    
   \              0x50 0x65    
   \   00000010   0x72 0x69          DC8 72H, 69H, 70H, 68H, 65H, 72H, 61H, 6CH
   \              0x70 0x68    
   \              0x65 0x72    
   \              0x61 0x6C    
   \   00000018   0x3A 0x20          DC8 3AH, 20H, 63H, 6CH, 6FH, 63H, 6BH, 20H
   \              0x63 0x6C    
   \              0x6F 0x63    
   \              0x6B 0x20    
   \   00000020   0x6F 0x66          DC8 6FH, 66H, 20H, 70H, 65H, 72H, 69H, 70H
   \              0x20 0x70    
   \              0x65 0x72    
   \              0x69 0x70    
   \   00000028   0x68 0x65          DC8 68H, 65H, 72H, 61H, 6CH, 20H, 25H, 75H
   \              0x72 0x61    
   \              0x6C 0x20    
   \              0x25 0x75    
   \   00000030   0x20 0x69          DC8 20H, 69H, 73H, 20H, 61H, 6CH, 72H, 65H
   \              0x73 0x20    
   \              0x61 0x6C    
   \              0x72 0x65    
   \   00000038   0x61 0x64          DC8 61H, 64H, 79H, 20H, 65H, 6EH, 61H, 62H
   \              0x79 0x20    
   \              0x65 0x6E    
   \              0x61 0x62    
   \   00000040   0x6C 0x65          DC8 6CH, 65H, 64H, 0AH, 0DH, 0
   \              0x64 0x0A    
   \              0x0D 0x00    
   \   00000046   0x00 0x00          DC8 0, 0

   \                                 In section .rodata, align 4
   \                     `?<Constant "-I- PMC_DisablePeriph...">`:
   \   00000000   0x2D 0x49          DC8 2DH, 49H, 2DH, 20H, 50H, 4DH, 43H, 5FH
   \              0x2D 0x20    
   \              0x50 0x4D    
   \              0x43 0x5F    
   \   00000008   0x44 0x69          DC8 44H, 69H, 73H, 61H, 62H, 6CH, 65H, 50H
   \              0x73 0x61    
   \              0x62 0x6C    
   \              0x65 0x50    
   \   00000010   0x65 0x72          DC8 65H, 72H, 69H, 70H, 68H, 65H, 72H, 61H
   \              0x69 0x70    
   \              0x68 0x65    
   \              0x72 0x61    
   \   00000018   0x6C 0x3A          DC8 6CH, 3AH, 20H, 63H, 6CH, 6FH, 63H, 6BH
   \              0x20 0x63    
   \              0x6C 0x6F    
   \              0x63 0x6B    
   \   00000020   0x20 0x6F          DC8 20H, 6FH, 66H, 20H, 70H, 65H, 72H, 69H
   \              0x66 0x20    
   \              0x70 0x65    
   \              0x72 0x69    
   \   00000028   0x70 0x68          DC8 70H, 68H, 65H, 72H, 61H, 6CH, 20H, 25H
   \              0x65 0x72    
   \              0x61 0x6C    
   \              0x20 0x25    
   \   00000030   0x75 0x20          DC8 75H, 20H, 69H, 73H, 20H, 6EH, 6FH, 74H
   \              0x69 0x73    
   \              0x20 0x6E    
   \              0x6F 0x74    
   \   00000038   0x20 0x65          DC8 20H, 65H, 6EH, 61H, 62H, 6CH, 65H, 64H
   \              0x6E 0x61    
   \              0x62 0x6C    
   \              0x65 0x64    
   \   00000040   0x0A 0x0D          DC8 0AH, 0DH, 0
   \              0x00         
   \   00000043   0x00               DC8 0

   \                                 In section .rodata, align 4
   \                     `?<Constant "-I- Enable all periph...">`:
   \   00000000   0x2D 0x49          DC8 "-I- Enable all periph clocks\012\015"
   \              0x2D 0x20    
   \              0x45 0x6E    
   \              0x61 0x62    
   \              0x6C 0x65    
   \              0x20 0x61    
   \              0x6C 0x6C    
   \              0x20 0x70    
   \              0x65 0x72    
   \              0x69 0x70    
   \              0x68 0x20    
   \              0x63 0x6C    
   \              0x6F 0x63    
   \              0x6B 0x73    
   \              0x0A 0x0D    
   \              0x00         
   \   0000001F   0x00               DC8 0

   \                                 In section .rodata, align 4
   \                     `?<Constant "-I- Disable all perip...">`:
   \   00000000   0x2D 0x49          DC8 "-I- Disable all periph clocks\012\015"
   \              0x2D 0x20    
   \              0x44 0x69    
   \              0x73 0x61    
   \              0x62 0x6C    
   \              0x65 0x20    
   \              0x61 0x6C    
   \              0x6C 0x20    
   \              0x70 0x65    
   \              0x72 0x69    
   \              0x70 0x68    
   \              0x20 0x63    
   \              0x6C 0x6F    
   \              0x63 0x6B    
   \              0x73 0x0A    
   \              0x0D 0x00    
    185          
    186          

   Maximum stack usage in bytes:

   .cstack Function
   ------- --------
        0  PMC_CPUInIdleMode
             0 -> PMC_DisableProcessorClock
        0  PMC_DisableAllPeripherals
             0 -> printf
        8  PMC_DisablePeripheral
             8 -> printf
        0  PMC_DisableProcessorClock
        0  PMC_EnableAllPeripherals
             0 -> printf
        8  PMC_EnablePeripheral
             8 -> printf
        0  PMC_IsAllPeriphEnabled
        0  PMC_IsPeriphEnabled


   Section sizes:

   Bytes  Function/Label
   -----  --------------
      16  ?<Constant "-F- ASSERT: ">
      32  ?<Constant "-I- Disable all perip...">
      32  ?<Constant "-I- Enable all periph...">
      68  ?<Constant "-I- PMC_DisablePeriph...">
      72  ?<Constant "-I- PMC_EnablePeriphe...">
     148  ?<Constant "C:\\Users\\JDS\\Desktop\\...">
      32  ?<Constant "Sanity check failed a...">
       4  ??DataTable2
       4  ??DataTable2_1
       4  ??DataTable2_2
       4  ??DataTable2_3
       4  ??DataTable2_4
       4  ??DataTable2_5
       4  ??DataTable2_6
      16  ?Subroutine0
       4  PMC_CPUInIdleMode
      44  PMC_DisableAllPeripherals
      88  PMC_DisablePeripheral
      40  PMC_DisableProcessorClock
      48  PMC_EnableAllPeripherals
      92  PMC_EnablePeripheral
      32  PMC_IsAllPeriphEnabled
      24  PMC_IsPeriphEnabled

 
 400 bytes in section .rodata
 416 bytes in section .text
 
 416 bytes of CODE  memory
 400 bytes of CONST memory

Errors: none
Warnings: none
