###############################################################################
#                                                                             #
# IAR ANSI C/C++ Compiler V6.30.6.53336/W32 for ARM     30/Apr/2013  20:42:26 #
# Copyright 1999-2012 IAR Systems AB.                                         #
#                                                                             #
#    Cpu mode     =  arm                                                      #
#    Endian       =  little                                                   #
#    Source file  =  C:\Users\JDS\Desktop\JDS_PRO\국내 프로젝트\대구          #
#                    모노레일\프로그램\basic-usart-hw-handshaking-project-at9 #
#                    1sam7se-ek\at91lib\memories\norflash\NorFlashCFI.c       #
#    Command line =  "C:\Users\JDS\Desktop\JDS_PRO\국내 프로젝트\대구         #
#                    모노레일\프로그램\basic-usart-hw-handshaking-project-at9 #
#                    1sam7se-ek\at91lib\memories\norflash\NorFlashCFI.c" -D   #
#                    at91sam7se512 -D sram -D TRACE_LEVEL=4 -lC               #
#                    "C:\Users\JDS\Desktop\JDS_PRO\국내 프로젝트\대구         #
#                    모노레일\프로그램\basic-usart-hw-handshaking-project-at9 #
#                    1sam7se-ek\at91sam7se-ek\basic-usart-hw-handshaking-proj #
#                    ect\ewp\at91sam7se512_sram\List\" --remarks              #
#                    --diag_suppress Pe826,Pe1375 -o                          #
#                    "C:\Users\JDS\Desktop\JDS_PRO\국내 프로젝트\대구         #
#                    모노레일\프로그램\basic-usart-hw-handshaking-project-at9 #
#                    1sam7se-ek\at91sam7se-ek\basic-usart-hw-handshaking-proj #
#                    ect\ewp\at91sam7se512_sram\Obj\" --no_cse --no_unroll    #
#                    --no_inline --no_code_motion --no_tbaa --no_clustering   #
#                    --no_scheduling --debug --endian=little --cpu=ARM7TDMI   #
#                    -e --fpu=None --dlib_config "C:\Program Files\IAR        #
#                    Systems\Embedded Workbench 6.0\arm\INC\c\DLib_Config_Ful #
#                    l.h" -I "C:\Users\JDS\Desktop\JDS_PRO\국내               #
#                    프로젝트\대구 모노레일\프로그램\basic-usart-hw-handshaki #
#                    ng-project-at91sam7se-ek\at91sam7se-ek\basic-usart-hw-ha #
#                    ndshaking-project\ewp\..\..\..\at91lib/peripherals\" -I  #
#                    "C:\Users\JDS\Desktop\JDS_PRO\국내 프로젝트\대구         #
#                    모노레일\프로그램\basic-usart-hw-handshaking-project-at9 #
#                    1sam7se-ek\at91sam7se-ek\basic-usart-hw-handshaking-proj #
#                    ect\ewp\..\..\..\at91lib\" -I                            #
#                    "C:\Users\JDS\Desktop\JDS_PRO\국내 프로젝트\대구         #
#                    모노레일\프로그램\basic-usart-hw-handshaking-project-at9 #
#                    1sam7se-ek\at91sam7se-ek\basic-usart-hw-handshaking-proj #
#                    ect\ewp\..\..\..\at91lib/components\" -I                 #
#                    "C:\Users\JDS\Desktop\JDS_PRO\국내 프로젝트\대구         #
#                    모노레일\프로그램\basic-usart-hw-handshaking-project-at9 #
#                    1sam7se-ek\at91sam7se-ek\basic-usart-hw-handshaking-proj #
#                    ect\ewp\..\..\..\at91lib/boards/at91sam7se-ek\"          #
#                    --interwork --cpu_mode arm -Oh --use_c++_inline          #
#    List file    =  C:\Users\JDS\Desktop\JDS_PRO\국내 프로젝트\대구          #
#                    모노레일\프로그램\basic-usart-hw-handshaking-project-at9 #
#                    1sam7se-ek\at91sam7se-ek\basic-usart-hw-handshaking-proj #
#                    ect\ewp\at91sam7se512_sram\List\NorFlashCFI.lst          #
#    Object file  =  C:\Users\JDS\Desktop\JDS_PRO\국내 프로젝트\대구          #
#                    모노레일\프로그램\basic-usart-hw-handshaking-project-at9 #
#                    1sam7se-ek\at91sam7se-ek\basic-usart-hw-handshaking-proj #
#                    ect\ewp\at91sam7se512_sram\Obj\NorFlashCFI.o             #
#                                                                             #
#                                                                             #
###############################################################################

C:\Users\JDS\Desktop\JDS_PRO\국내 프로젝트\대구 모노레일\프로그램\basic-usart-hw-handshaking-project-at91sam7se-ek\at91lib\memories\norflash\NorFlashCFI.c
      1          /* ----------------------------------------------------------------------------
      2           *         ATMEL Microcontroller Software Support 
      3           * ----------------------------------------------------------------------------
      4           * Copyright (c) 2008, Atmel Corporation
      5           *
      6           * All rights reserved.
      7           *
      8           * Redistribution and use in source and binary forms, with or without
      9           * modification, are permitted provided that the following conditions are met:
     10           *
     11           * - Redistributions of source code must retain the above copyright notice,
     12           * this list of conditions and the disclaimer below.
     13           *
     14           * Atmel's name may not be used to endorse or promote products derived from
     15           * this software without specific prior written permission.
     16           *
     17           * DISCLAIMER: THIS SOFTWARE IS PROVIDED BY ATMEL "AS IS" AND ANY EXPRESS OR
     18           * IMPLIED WARRANTIES, INCLUDING, BUT NOT LIMITED TO, THE IMPLIED WARRANTIES OF
     19           * MERCHANTABILITY, FITNESS FOR A PARTICULAR PURPOSE AND NON-INFRINGEMENT ARE
     20           * DISCLAIMED. IN NO EVENT SHALL ATMEL BE LIABLE FOR ANY DIRECT, INDIRECT,
     21           * INCIDENTAL, SPECIAL, EXEMPLARY, OR CONSEQUENTIAL DAMAGES (INCLUDING, BUT NOT
     22           * LIMITED TO, PROCUREMENT OF SUBSTITUTE GOODS OR SERVICES; LOSS OF USE, DATA,
     23           * OR PROFITS; OR BUSINESS INTERRUPTION) HOWEVER CAUSED AND ON ANY THEORY OF
     24           * LIABILITY, WHETHER IN CONTRACT, STRICT LIABILITY, OR TORT (INCLUDING
     25           * NEGLIGENCE OR OTHERWISE) ARISING IN ANY WAY OUT OF THE USE OF THIS SOFTWARE,
     26           * EVEN IF ADVISED OF THE POSSIBILITY OF SUCH DAMAGE.
     27           * ----------------------------------------------------------------------------
     28           */
     29          
     30          //------------------------------------------------------------------------------
     31          //         Headers
     32          //------------------------------------------------------------------------------
     33          
     34          #include "NorFlashApi.h"
     35          #include "NorFlashAmd.h"

   \                                 In section .rodata, align 4
   \   __absolute struct NorFlashOperations const amdOperations
   \                     amdOperations:
   \   00000000   0x........         DC32 AMD_Reset, AMD_Write_Data, AMD_ReadManufactoryId, AMD_ReadDeviceID
   \              0x........   
   \              0x........   
   \              0x........   
   \   00000010   0x........         DC32 AMD_EraseChip, AMD_EraseSector
   \              0x........   
     36          #include "NorFlashIntel.h"

   \                                 In section .rodata, align 4
   \   __absolute struct NorFlashOperations const intelOperations
   \                     intelOperations:
   \   00000000   0x........         DC32 INTEL_Reset, INTEL_Write_Data, INTEL_ReadManufactoryId
   \              0x........   
   \              0x........   
   \   0000000C   0x........         DC32 INTEL_ReadDeviceID, INTEL_EraseChip, INTEL_EraseSector
   \              0x........   
   \              0x........   
     37          #include "NorFlashCommon.h"
     38          #include <utility/trace.h>
     39          #include <string.h>
     40          
     41          //------------------------------------------------------------------------------
     42          //         Internal definitions
     43          //------------------------------------------------------------------------------
     44          #define DUMP_CFI
     45          
     46          //------------------------------------------------------------------------------
     47          //         Local functions
     48          //------------------------------------------------------------------------------
     49          
     50          //------------------------------------------------------------------------------
     51          /// Dump the Common Flash Interface Definition Table.
     52          /// \param pNorFlashCFI  Pointer to an NorFlashCFI instance.
     53          //------------------------------------------------------------------------------

   \                                 In section .text, align 4, keep-with-next
     54          void NorFlash_CFI_DumpConfigruation(struct NorFlashCFI *pNorFlashCFI)
     55          {
   \                     NorFlash_CFI_DumpConfigruation:
   \   00000000   0xE92D4038         PUSH     {R3-R5,LR}
   \   00000004   0xE1A04000         MOV      R4,R0
     56              unsigned char i;
     57              
     58              printf("Common Flash Interface Definition Table\n\r");
   \   00000008   0x........         LDR      R0,??DataTable1
   \   0000000C   0x........         BL       printf
     59              TRACE_DEBUG("Addr. Data   Description \n\r");
     60              printf("0x10  %04Xh  Query Unique ASCII string\n\r",
     61              pNorFlashCFI->norFlashCfiQueryInfo.queryUniqueString[0]);
   \   00000010   0xE5D41000         LDRB     R1,[R4, #+0]
   \   00000014   0x........         LDR      R0,??DataTable1_1
   \   00000018   0x........         BL       printf
     62              printf("0x11  %04Xh  \n\r",
     63              pNorFlashCFI->norFlashCfiQueryInfo.queryUniqueString[1]);
   \   0000001C   0xE5D41001         LDRB     R1,[R4, #+1]
   \   00000020   0x........         LDR      R0,??DataTable1_2
   \   00000024   0x........         BL       printf
     64              printf("0x12  %04Xh  \n\r",
     65              pNorFlashCFI->norFlashCfiQueryInfo.queryUniqueString[2]);
   \   00000028   0xE5D41002         LDRB     R1,[R4, #+2]
   \   0000002C   0x........         LDR      R0,??DataTable1_3
   \   00000030   0x........         BL       printf
     66              printf("0x13  %04Xh  Primary OEM Command Set\n\r",
     67              pNorFlashCFI->norFlashCfiQueryInfo.primaryCode);
   \   00000034   0xE5D41004         LDRB     R1,[R4, #+4]
   \   00000038   0xE5D40003         LDRB     R0,[R4, #+3]
   \   0000003C   0xE1801401         ORR      R1,R0,R1, LSL #+8
   \   00000040   0x........         LDR      R0,??DataTable1_4
   \   00000044   0x........         BL       printf
     68              printf("0x15  %04Xh  Address for Primary Extended Table\n\r",
     69              pNorFlashCFI->norFlashCfiQueryInfo.primaryAddr);
   \   00000048   0xE5D41006         LDRB     R1,[R4, #+6]
   \   0000004C   0xE5D40005         LDRB     R0,[R4, #+5]
   \   00000050   0xE1801401         ORR      R1,R0,R1, LSL #+8
   \   00000054   0x........         LDR      R0,??DataTable1_5
   \   00000058   0x........         BL       printf
     70              printf("0x17  %04Xh  Alternate OEM Command Set\n\r",
     71              pNorFlashCFI->norFlashCfiQueryInfo.alternateCode);
   \   0000005C   0xE5D41008         LDRB     R1,[R4, #+8]
   \   00000060   0xE5D40007         LDRB     R0,[R4, #+7]
   \   00000064   0xE1801401         ORR      R1,R0,R1, LSL #+8
   \   00000068   0x........         LDR      R0,??DataTable1_6
   \   0000006C   0x........         BL       printf
     72              printf("0x19  %04Xh  Address for Alternate OEM Extended Table\n\r",
     73              pNorFlashCFI->norFlashCfiQueryInfo.alternateAddr);
   \   00000070   0xE5D4100A         LDRB     R1,[R4, #+10]
   \   00000074   0xE5D40009         LDRB     R0,[R4, #+9]
   \   00000078   0xE1801401         ORR      R1,R0,R1, LSL #+8
   \   0000007C   0x........         LDR      R0,??DataTable1_7
   \   00000080   0x........         BL       printf
     74              printf("0x1B  %04Xh  VCC min write/erase\n\r",
     75              pNorFlashCFI->norFlashCfiQueryInfo.minVcc);
   \   00000084   0xE5D4100B         LDRB     R1,[R4, #+11]
   \   00000088   0x........         LDR      R0,??DataTable1_8
   \   0000008C   0x........         BL       printf
     76              printf("0x1C  %04Xh  VCC max write/erase\n\r",
     77              pNorFlashCFI->norFlashCfiQueryInfo.maxVcc);
   \   00000090   0xE5D4100C         LDRB     R1,[R4, #+12]
   \   00000094   0x........         LDR      R0,??DataTable1_9
   \   00000098   0x........         BL       printf
     78              printf("0x1D  %04Xh  VPP min voltage\n\r",
     79              pNorFlashCFI->norFlashCfiQueryInfo.minVpp);
   \   0000009C   0xE5D4100D         LDRB     R1,[R4, #+13]
   \   000000A0   0x........         LDR      R0,??DataTable1_10
   \   000000A4   0x........         BL       printf
     80              printf("0x1E  %04Xh  VPP max voltage\n\r",
     81              pNorFlashCFI->norFlashCfiQueryInfo.maxVpp);
   \   000000A8   0xE5D4100E         LDRB     R1,[R4, #+14]
   \   000000AC   0x........         LDR      R0,??DataTable1_11
   \   000000B0   0x........         BL       printf
     82              printf("0x1F  %04Xh  Typical timeout per single word write\n\r",
     83              pNorFlashCFI->norFlashCfiQueryInfo.minTimeOutWrite);
   \   000000B4   0xE5D4100F         LDRB     R1,[R4, #+15]
   \   000000B8   0x........         LDR      R0,??DataTable1_12
   \   000000BC   0x........         BL       printf
     84              printf("0x20  %04Xh  Typical timeout for Min. size buffer write\n\r",
     85              pNorFlashCFI->norFlashCfiQueryInfo.minTimeOutBuffer);
   \   000000C0   0xE5D41010         LDRB     R1,[R4, #+16]
   \   000000C4   0x........         LDR      R0,??DataTable1_13
   \   000000C8   0x........         BL       printf
     86              printf("0x21  %04Xh  Typical timeout per individual block erase\n\r",
     87              pNorFlashCFI->norFlashCfiQueryInfo.minTimeOutBlockErase);
   \   000000CC   0xE5D41011         LDRB     R1,[R4, #+17]
   \   000000D0   0x........         LDR      R0,??DataTable1_14
   \   000000D4   0x........         BL       printf
     88              printf("0x22  %04Xh  Typical timeout for full chip erase\n\r",
     89              pNorFlashCFI->norFlashCfiQueryInfo.minTimeOutChipErase);
   \   000000D8   0xE5D41012         LDRB     R1,[R4, #+18]
   \   000000DC   0x........         LDR      R0,??DataTable1_15
   \   000000E0   0x........         BL       printf
     90              printf("0x23  %04Xh  Max. timeout for word write\n\r",
     91              pNorFlashCFI->norFlashCfiQueryInfo.maxTimeOutWrite);
   \   000000E4   0xE5D41013         LDRB     R1,[R4, #+19]
   \   000000E8   0x........         LDR      R0,??DataTable1_16
   \   000000EC   0x........         BL       printf
     92              printf("0x24  %04Xh  Max. timeout for buffer write\n\r",
     93              pNorFlashCFI->norFlashCfiQueryInfo.maxTimeOutBuffer);
   \   000000F0   0xE5D41014         LDRB     R1,[R4, #+20]
   \   000000F4   0x........         LDR      R0,??DataTable1_17
   \   000000F8   0x........         BL       printf
     94              printf("0x25  %04Xh  Max. timeout per individual block erase\n\r",
     95              pNorFlashCFI->norFlashCfiQueryInfo.maxTimeOutBlockErase);
   \   000000FC   0xE5D41015         LDRB     R1,[R4, #+21]
   \   00000100   0x........         LDR      R0,??DataTable1_18
   \   00000104   0x........         BL       printf
     96              printf("0x26  %04Xh  Max. timeout for full chip erase\n\r",
     97              pNorFlashCFI->norFlashCfiQueryInfo.maxTimeOutChipErase);
   \   00000108   0xE5D41016         LDRB     R1,[R4, #+22]
   \   0000010C   0x........         LDR      R0,??DataTable1_19
   \   00000110   0x........         BL       printf
     98              
     99              printf("0x27  %04Xh  Device Size = 2N byte\n\r",
    100              pNorFlashCFI->norFlashCfiDeviceGeometry.deviceSize);
   \   00000114   0xE5D41017         LDRB     R1,[R4, #+23]
   \   00000118   0x........         LDR      R0,??DataTable1_20
   \   0000011C   0x........         BL       printf
    101              printf("0x28  %04Xh  Flash Device Interface description\n\r",
    102              pNorFlashCFI->norFlashCfiDeviceGeometry.deviceInterface);
   \   00000120   0xE5D41019         LDRB     R1,[R4, #+25]
   \   00000124   0xE5D40018         LDRB     R0,[R4, #+24]
   \   00000128   0xE1801401         ORR      R1,R0,R1, LSL #+8
   \   0000012C   0x........         LDR      R0,??DataTable1_21
   \   00000130   0x........         BL       printf
    103              printf("0x2A  %04Xh  Max. number of byte in multi-byte write\n\r",
    104              pNorFlashCFI->norFlashCfiDeviceGeometry.numMultiWrite);
   \   00000134   0xE5D4101B         LDRB     R1,[R4, #+27]
   \   00000138   0xE5D4001A         LDRB     R0,[R4, #+26]
   \   0000013C   0xE1801401         ORR      R1,R0,R1, LSL #+8
   \   00000140   0x........         LDR      R0,??DataTable1_22
   \   00000144   0x........         BL       printf
    105              printf("0x2C  %04Xh  Number of Erase Block Regions within device\n\r",
    106              pNorFlashCFI->norFlashCfiDeviceGeometry.numEraseRegion);
   \   00000148   0xE5D4101C         LDRB     R1,[R4, #+28]
   \   0000014C   0x........         LDR      R0,??DataTable1_23
   \   00000150   0x........         BL       printf
    107              for(i = 0; i < pNorFlashCFI->norFlashCfiDeviceGeometry.numEraseRegion; i++) {
   \   00000154   0xE3A05000         MOV      R5,#+0
   \   00000158   0xE5D4001C         LDRB     R0,[R4, #+28]
   \   0000015C   0xE3500001         CMP      R0,#+1
   \   00000160   0xBA000016         BLT      ??NorFlash_CFI_DumpConfigruation_0
    108                  printf("0x%2X  %04Xh  Number of Erase Blocks of identical size within region %x \n\r",
    109                      0x2D + i * 4, pNorFlashCFI->norFlashCfiDeviceGeometry.eraseRegionInfo[i].Y, i );
   \                     ??NorFlash_CFI_DumpConfigruation_1:
   \   00000164   0xE0840105         ADD      R0,R4,R5, LSL #+2
   \   00000168   0xE5D0201E         LDRB     R2,[R0, #+30]
   \   0000016C   0xE5D0101D         LDRB     R1,[R0, #+29]
   \   00000170   0xE1812402         ORR      R2,R1,R2, LSL #+8
   \   00000174   0xE1A03005         MOV      R3,R5
   \   00000178   0xE3A0002D         MOV      R0,#+45
   \   0000017C   0xE0801105         ADD      R1,R0,R5, LSL #+2
   \   00000180   0x........         LDR      R0,??DataTable1_24
   \   00000184   0x........         BL       printf
    110                  printf("0x%2X  %04Xh  (z) times 256 bytes within region %x \n\r",
    111                      0x2E + i * 4, pNorFlashCFI->norFlashCfiDeviceGeometry.eraseRegionInfo[i].Z, i );
   \   00000188   0xE0840105         ADD      R0,R4,R5, LSL #+2
   \   0000018C   0xE5D02020         LDRB     R2,[R0, #+32]
   \   00000190   0xE5D0101F         LDRB     R1,[R0, #+31]
   \   00000194   0xE1812402         ORR      R2,R1,R2, LSL #+8
   \   00000198   0xE1A03005         MOV      R3,R5
   \   0000019C   0xE3A0002E         MOV      R0,#+46
   \   000001A0   0xE0801105         ADD      R1,R0,R5, LSL #+2
   \   000001A4   0x........         LDR      R0,??DataTable1_25
   \   000001A8   0x........         BL       printf
    112              }
   \   000001AC   0xE2855001         ADD      R5,R5,#+1
   \   000001B0   0xE20550FF         AND      R5,R5,#0xFF
   \   000001B4   0xE5D4001C         LDRB     R0,[R4, #+28]
   \   000001B8   0xE1550000         CMP      R5,R0
   \   000001BC   0xBAFFFFE8         BLT      ??NorFlash_CFI_DumpConfigruation_1
    113          }
   \                     ??NorFlash_CFI_DumpConfigruation_0:
   \   000001C0   0xE8BD4031         POP      {R0,R4,R5,LR}
   \   000001C4   0xE12FFF1E         BX       LR               ;; return
    114          
    115          
    116          //------------------------------------------------------------------------------
    117          //         Exported functions
    118          //------------------------------------------------------------------------------
    119          
    120          //------------------------------------------------------------------------------
    121          /// Returns the numbers of block in all Norflash regions.
    122          /// \param pNorFlashInfo  Pointer to a NorFlashInfo instance.
    123          //------------------------------------------------------------------------------

   \                                 In section .text, align 4, keep-with-next
    124          unsigned int NorFlash_GetDeviceNumOfBlocks(
    125              struct NorFlashInfo *pNorFlashInfo)
    126          {
    127              unsigned char i;
    128              unsigned int blocks = 0;
   \                     NorFlash_GetDeviceNumOfBlocks:
   \   00000000   0xE3A01000         MOV      R1,#+0
    129              unsigned short numBlockRegion;
    130              
    131              numBlockRegion = pNorFlashInfo->cfiDescription.norFlashCfiDeviceGeometry.numEraseRegion;
   \   00000004   0xE5D02022         LDRB     R2,[R0, #+34]
    132             
    133              for (i = 0; i < numBlockRegion; i++) {
   \   00000008   0xE1B03002         MOVS     R3,R2
   \   0000000C   0x0A000007         BEQ      ??NorFlash_GetDeviceNumOfBlocks_0
    134                  blocks += (pNorFlashInfo->cfiDescription.norFlashCfiDeviceGeometry.eraseRegionInfo[i]).Y + 1;
   \                     ??NorFlash_GetDeviceNumOfBlocks_1:
   \   00000010   0xE5D0C024         LDRB     R12,[R0, #+36]
   \   00000014   0xE5D03023         LDRB     R3,[R0, #+35]
   \   00000018   0xE183C40C         ORR      R12,R3,R12, LSL #+8
   \   0000001C   0xE28C3001         ADD      R3,R12,#+1
   \   00000020   0xE0831001         ADD      R1,R3,R1
    135              }
   \   00000024   0xE2800004         ADD      R0,R0,#+4
   \   00000028   0xE2522001         SUBS     R2,R2,#+1
   \   0000002C   0x1AFFFFF7         BNE      ??NorFlash_GetDeviceNumOfBlocks_1
    136              return blocks;
   \                     ??NorFlash_GetDeviceNumOfBlocks_0:
   \   00000030   0xE1A00001         MOV      R0,R1
   \   00000034   0xE12FFF1E         BX       LR               ;; return
    137          }
    138          
    139          //------------------------------------------------------------------------------
    140          /// Returns the minimun block size in all Norflash regions.
    141          /// \param pNorFlashInfo  Pointer to a NorFlashInfo instance.
    142          //------------------------------------------------------------------------------

   \                                 In section .text, align 4, keep-with-next
    143          unsigned int NorFlash_GetDeviceMinBlockSize(
    144              struct NorFlashInfo *pNorFlashInfo)
    145          {
    146              unsigned char i;
    147              unsigned short numBlockRegion;
    148              unsigned long size ;
    149              numBlockRegion = pNorFlashInfo->cfiDescription.norFlashCfiDeviceGeometry.numEraseRegion;
   \                     NorFlash_GetDeviceMinBlockSize:
   \   00000000   0xE5D02022         LDRB     R2,[R0, #+34]
    150              
    151              size = (pNorFlashInfo->cfiDescription.norFlashCfiDeviceGeometry.eraseRegionInfo[0].Z) * 256;
   \   00000004   0xE5D03026         LDRB     R3,[R0, #+38]
   \   00000008   0xE5D01025         LDRB     R1,[R0, #+37]
   \   0000000C   0xE1813403         ORR      R3,R1,R3, LSL #+8
   \   00000010   0xE1A01403         LSL      R1,R3,#+8
    152              
    153              for (i = 1; i < numBlockRegion; i++) {
   \   00000014   0xE3520002         CMP      R2,#+2
   \   00000018   0xBA00000C         BLT      ??NorFlash_GetDeviceMinBlockSize_0
   \   0000001C   0xE2800004         ADD      R0,R0,#+4
   \   00000020   0xE2422001         SUB      R2,R2,#+1
    154                  if (size > (pNorFlashInfo->cfiDescription.norFlashCfiDeviceGeometry.eraseRegionInfo[i].Z) * 256) {
                                  ^
Remark[Pe1873]: comparison between signed and unsigned operands
   \                     ??NorFlash_GetDeviceMinBlockSize_1:
   \   00000024   0xE5D0C026         LDRB     R12,[R0, #+38]
   \   00000028   0xE5D03025         LDRB     R3,[R0, #+37]
   \   0000002C   0xE183C40C         ORR      R12,R3,R12, LSL #+8
   \   00000030   0xE151040C         CMP      R1,R12, LSL #+8
    155                      size = (pNorFlashInfo->cfiDescription.norFlashCfiDeviceGeometry.eraseRegionInfo[i].Z) * 256 ;
   \   00000034   0x85D03026         LDRBHI   R3,[R0, #+38]
   \   00000038   0x85D01025         LDRBHI   R1,[R0, #+37]
   \   0000003C   0x81813403         ORRHI    R3,R1,R3, LSL #+8
   \   00000040   0x81A01403         LSLHI    R1,R3,#+8
    156                  }
    157              }
   \   00000044   0xE2800004         ADD      R0,R0,#+4
   \   00000048   0xE2522001         SUBS     R2,R2,#+1
   \   0000004C   0x1AFFFFF4         BNE      ??NorFlash_GetDeviceMinBlockSize_1
    158              return size;
   \                     ??NorFlash_GetDeviceMinBlockSize_0:
   \   00000050   0xE1A00001         MOV      R0,R1
   \   00000054   0xE12FFF1E         BX       LR               ;; return
    159          }
    160          
    161          //------------------------------------------------------------------------------
    162          /// Returns the maximun block size in all Norflash regions.
    163          /// \param pNorFlashInfo  Pointer to a NorFlashInfo instance.
    164          //------------------------------------------------------------------------------

   \                                 In section .text, align 4, keep-with-next
    165          unsigned int NorFlash_GetDeviceMaxBlockSize(
    166              struct NorFlashInfo *pNorFlashInfo)
    167          {
    168              unsigned char i;
    169              unsigned short numBlockRegion;
    170              unsigned long size ;
    171              numBlockRegion = pNorFlashInfo->cfiDescription.norFlashCfiDeviceGeometry.numEraseRegion;
   \                     NorFlash_GetDeviceMaxBlockSize:
   \   00000000   0xE5D02022         LDRB     R2,[R0, #+34]
    172              
    173              size = (pNorFlashInfo->cfiDescription.norFlashCfiDeviceGeometry.eraseRegionInfo[0].Z) * 256;
   \   00000004   0xE5D03026         LDRB     R3,[R0, #+38]
   \   00000008   0xE5D01025         LDRB     R1,[R0, #+37]
   \   0000000C   0xE1813403         ORR      R3,R1,R3, LSL #+8
   \   00000010   0xE1A01403         LSL      R1,R3,#+8
    174              
    175              for (i = 1; i < numBlockRegion; i++) {
   \   00000014   0xE3520002         CMP      R2,#+2
   \   00000018   0xBA00000C         BLT      ??NorFlash_GetDeviceMaxBlockSize_0
   \   0000001C   0xE2800004         ADD      R0,R0,#+4
   \   00000020   0xE2422001         SUB      R2,R2,#+1
    176                  if (size < (pNorFlashInfo->cfiDescription.norFlashCfiDeviceGeometry.eraseRegionInfo[i].Z) * 256) {
                                  ^
Remark[Pe1873]: comparison between signed and unsigned operands
   \                     ??NorFlash_GetDeviceMaxBlockSize_1:
   \   00000024   0xE5D0C026         LDRB     R12,[R0, #+38]
   \   00000028   0xE5D03025         LDRB     R3,[R0, #+37]
   \   0000002C   0xE183C40C         ORR      R12,R3,R12, LSL #+8
   \   00000030   0xE151040C         CMP      R1,R12, LSL #+8
    177                      size = (pNorFlashInfo->cfiDescription.norFlashCfiDeviceGeometry.eraseRegionInfo[i].Z) * 256 ;
   \   00000034   0x35D03026         LDRBCC   R3,[R0, #+38]
   \   00000038   0x35D01025         LDRBCC   R1,[R0, #+37]
   \   0000003C   0x31813403         ORRCC    R3,R1,R3, LSL #+8
   \   00000040   0x31A01403         LSLCC    R1,R3,#+8
    178                  }
    179              }
   \   00000044   0xE2800004         ADD      R0,R0,#+4
   \   00000048   0xE2522001         SUBS     R2,R2,#+1
   \   0000004C   0x1AFFFFF4         BNE      ??NorFlash_GetDeviceMaxBlockSize_1
    180              return size;
   \                     ??NorFlash_GetDeviceMaxBlockSize_0:
   \   00000050   0xE1A00001         MOV      R0,R1
   \   00000054   0xE12FFF1E         BX       LR               ;; return
    181          }
    182          
    183          //------------------------------------------------------------------------------
    184          /// Returns the block size in giving block number.
    185          /// \param pNorFlashInfo  Pointer to a NorFlashInfo instance.
    186          /// \param sector  Sector number.
    187          //------------------------------------------------------------------------------

   \                                 In section .text, align 4, keep-with-next
    188          unsigned int NorFlash_GetDeviceBlockSize(
    189              struct NorFlashInfo *pNorFlashInfo,
    190              unsigned int sector)
    191          {
   \                     NorFlash_GetDeviceBlockSize:
   \   00000000   0xE92D4070         PUSH     {R4-R6,LR}
    192              unsigned short i;
    193              unsigned short j;
    194              unsigned short numBlockRegion,numBlockPerRegion;
    195              unsigned int block = 0;
   \   00000004   0xE3A02000         MOV      R2,#+0
    196              
    197              numBlockRegion = pNorFlashInfo->cfiDescription.norFlashCfiDeviceGeometry.numEraseRegion;
   \   00000008   0xE5D03022         LDRB     R3,[R0, #+34]
    198              for (i = 0; i < numBlockRegion; i++) {
   \   0000000C   0xE3A0C000         MOV      R12,#+0
   \   00000010   0xE1B0E003         MOVS     LR,R3
   \   00000014   0x0A00001B         BEQ      ??NorFlash_GetDeviceBlockSize_0
   \   00000018   0xE1A0E000         MOV      LR,R0
    199                  numBlockPerRegion = (pNorFlashInfo->cfiDescription.norFlashCfiDeviceGeometry.eraseRegionInfo[i]).Y + 1;
   \                     ??NorFlash_GetDeviceBlockSize_1:
   \   0000001C   0xE5DE5024         LDRB     R5,[LR, #+36]
   \   00000020   0xE5DE4023         LDRB     R4,[LR, #+35]
   \   00000024   0xE1845405         ORR      R5,R4,R5, LSL #+8
   \   00000028   0xE2854001         ADD      R4,R5,#+1
   \   0000002C   0xE1A04804         LSL      R4,R4,#+16
   \   00000030   0xE1A04824         LSR      R4,R4,#+16
    200                  for (j = 0; j < numBlockPerRegion; j++) {
   \   00000034   0xE3A05000         MOV      R5,#+0
   \   00000038   0xEA000001         B        ??NorFlash_GetDeviceBlockSize_2
    201                      if (block == sector) {
    202                          return (pNorFlashInfo->cfiDescription.norFlashCfiDeviceGeometry.eraseRegionInfo[i].Z) * 256 ;
    203                      }
    204                      block++;
   \                     ??NorFlash_GetDeviceBlockSize_3:
   \   0000003C   0xE2822001         ADD      R2,R2,#+1
   \   00000040   0xE2855001         ADD      R5,R5,#+1
   \                     ??NorFlash_GetDeviceBlockSize_2:
   \   00000044   0xE1A06805         MOV      R6,R5, LSL #+16
   \   00000048   0xE1540826         CMP      R4,R6, LSR #+16
   \   0000004C   0xDA000007         BLE      ??NorFlash_GetDeviceBlockSize_4
   \   00000050   0xE1520001         CMP      R2,R1
   \   00000054   0x1AFFFFF8         BNE      ??NorFlash_GetDeviceBlockSize_3
   \   00000058   0xE080010C         ADD      R0,R0,R12, LSL #+2
   \   0000005C   0xE5D02026         LDRB     R2,[R0, #+38]
   \   00000060   0xE5D01025         LDRB     R1,[R0, #+37]
   \   00000064   0xE1812402         ORR      R2,R1,R2, LSL #+8
   \   00000068   0xE1A00402         LSL      R0,R2,#+8
   \   0000006C   0xEA000006         B        ??NorFlash_GetDeviceBlockSize_5
    205                  }
    206              }
   \                     ??NorFlash_GetDeviceBlockSize_4:
   \   00000070   0xE28CC001         ADD      R12,R12,#+1
   \   00000074   0xE28EE004         ADD      LR,LR,#+4
   \   00000078   0xE1A0C80C         LSL      R12,R12,#+16
   \   0000007C   0xE1A0C82C         LSR      R12,R12,#+16
   \   00000080   0xE15C0003         CMP      R12,R3
   \   00000084   0x3AFFFFE4         BCC      ??NorFlash_GetDeviceBlockSize_1
    207              return 0;
   \                     ??NorFlash_GetDeviceBlockSize_0:
   \   00000088   0xE3A00000         MOV      R0,#+0
   \                     ??NorFlash_GetDeviceBlockSize_5:
   \   0000008C   0xE8BD4070         POP      {R4-R6,LR}
   \   00000090   0xE12FFF1E         BX       LR               ;; return
    208          }
    209          
    210          //------------------------------------------------------------------------------
    211          /// Returns secort number on specified memory offset.
    212          /// \param pNorFlashInfo  Pointer to a NorFlashInfo instance.
    213          /// \param memoryOffset  Memory offset.
    214          //------------------------------------------------------------------------------

   \                                 In section .text, align 4, keep-with-next
    215          unsigned short NorFlash_GetDeviceSectorInRegion(
    216              struct NorFlashInfo *pNorFlashInfo,
    217              unsigned int memoryOffset)
    218          {
   \                     NorFlash_GetDeviceSectorInRegion:
   \   00000000   0xE92D4030         PUSH     {R4,R5,LR}
    219              unsigned short numBlockRegion,numBlockPerRegion;
    220              unsigned short sectorId = 0;
   \   00000004   0xE3A02000         MOV      R2,#+0
    221              unsigned int size = 0;
   \   00000008   0xE3A03000         MOV      R3,#+0
    222              unsigned char done = 0;
    223              unsigned short i , j;
    224              
    225              numBlockRegion = pNorFlashInfo->cfiDescription.norFlashCfiDeviceGeometry.numEraseRegion;
   \   0000000C   0xE5D0C022         LDRB     R12,[R0, #+34]
    226              
    227              for (i = 0; i < numBlockRegion; i++) {
   \   00000010   0xE35C0001         CMP      R12,#+1
   \   00000014   0xBA000013         BLT      ??NorFlash_GetDeviceSectorInRegion_0
    228                  numBlockPerRegion = (pNorFlashInfo->cfiDescription.norFlashCfiDeviceGeometry.eraseRegionInfo[i]).Y + 1;
   \                     ??NorFlash_GetDeviceSectorInRegion_1:
   \   00000018   0xE5D04024         LDRB     R4,[R0, #+36]
   \   0000001C   0xE5D0E023         LDRB     LR,[R0, #+35]
   \   00000020   0xE18E4404         ORR      R4,LR,R4, LSL #+8
   \   00000024   0xE284E001         ADD      LR,R4,#+1
   \   00000028   0xE1A0E80E         LSL      LR,LR,#+16
   \   0000002C   0xE1A0E82E         LSR      LR,LR,#+16
    229                  for (j = 0; j < numBlockPerRegion; j++) {
   \   00000030   0xE35E0001         CMP      LR,#+1
   \   00000034   0xBA000008         BLT      ??NorFlash_GetDeviceSectorInRegion_2
    230                      size+= (pNorFlashInfo->cfiDescription.norFlashCfiDeviceGeometry.eraseRegionInfo[i].Z) * 256 ;
   \                     ??NorFlash_GetDeviceSectorInRegion_3:
   \   00000038   0xE5D05026         LDRB     R5,[R0, #+38]
   \   0000003C   0xE5D04025         LDRB     R4,[R0, #+37]
   \   00000040   0xE1845405         ORR      R5,R4,R5, LSL #+8
   \   00000044   0xE0833405         ADD      R3,R3,R5, LSL #+8
    231                      if(size > memoryOffset) {
   \   00000048   0xE1510003         CMP      R1,R3
   \   0000004C   0x3A000005         BCC      ??NorFlash_GetDeviceSectorInRegion_0
    232                          done = 1;
    233                          break;
    234                      }
    235                      sectorId++;
   \   00000050   0xE2822001         ADD      R2,R2,#+1
    236                  }
   \   00000054   0xE25EE001         SUBS     LR,LR,#+1
   \   00000058   0x1AFFFFF6         BNE      ??NorFlash_GetDeviceSectorInRegion_3
    237                  if (done) break;
    238              }
   \                     ??NorFlash_GetDeviceSectorInRegion_2:
   \   0000005C   0xE2800004         ADD      R0,R0,#+4
   \   00000060   0xE25CC001         SUBS     R12,R12,#+1
   \   00000064   0x1AFFFFEB         BNE      ??NorFlash_GetDeviceSectorInRegion_1
    239              
    240              return sectorId;
   \                     ??NorFlash_GetDeviceSectorInRegion_0:
   \   00000068   0xE1A00802         LSL      R0,R2,#+16
   \   0000006C   0xE1A00820         LSR      R0,R0,#+16
   \   00000070   0xE8BD4030         POP      {R4,R5,LR}
   \   00000074   0xE12FFF1E         BX       LR               ;; return
    241          }
    242          
    243          //------------------------------------------------------------------------------
    244          /// Returns start address of specified sector number.
    245          /// \param pNorFlashInfo  Pointer to a NorFlashInfo instance.
    246          /// \param sector  Sector number.
    247          //------------------------------------------------------------------------------

   \                                 In section .text, align 4, keep-with-next
    248          unsigned int NorFlash_GetDeviceSectorAddress(
    249              struct NorFlashInfo *pNorFlashInfo,
    250              unsigned int sector)
    251          {
   \                     NorFlash_GetDeviceSectorAddress:
   \   00000000   0xE92D4070         PUSH     {R4-R6,LR}
    252              unsigned short numBlockRegion,numBlockPerRegion;
    253              unsigned short sectorId = 0;
   \   00000004   0xE3A03000         MOV      R3,#+0
    254              unsigned int address = 0;
   \   00000008   0xE3A02000         MOV      R2,#+0
    255              unsigned char done = 0;
    256              unsigned short i , j;
    257              
    258              numBlockRegion = pNorFlashInfo->cfiDescription.norFlashCfiDeviceGeometry.numEraseRegion;
   \   0000000C   0xE5D0C022         LDRB     R12,[R0, #+34]
    259              for (i = 0; i < numBlockRegion; i++) {
   \   00000010   0xE35C0001         CMP      R12,#+1
   \   00000014   0xBA000016         BLT      ??NorFlash_GetDeviceSectorAddress_0
    260                  numBlockPerRegion = (pNorFlashInfo->cfiDescription.norFlashCfiDeviceGeometry.eraseRegionInfo[i]).Y + 1;
   \                     ??NorFlash_GetDeviceSectorAddress_1:
   \   00000018   0xE5D04024         LDRB     R4,[R0, #+36]
   \   0000001C   0xE5D0E023         LDRB     LR,[R0, #+35]
   \   00000020   0xE18E4404         ORR      R4,LR,R4, LSL #+8
   \   00000024   0xE284E001         ADD      LR,R4,#+1
   \   00000028   0xE1A0E80E         LSL      LR,LR,#+16
   \   0000002C   0xE1A0E82E         LSR      LR,LR,#+16
    261                  for (j = 0; j < numBlockPerRegion; j++) {
   \   00000030   0xE3A04000         MOV      R4,#+0
   \   00000034   0xEA000008         B        ??NorFlash_GetDeviceSectorAddress_2
    262                      if (sector == sectorId) {
   \                     ??NorFlash_GetDeviceSectorAddress_3:
   \   00000038   0xE1A05803         MOV      R5,R3, LSL #+16
   \   0000003C   0xE1510825         CMP      R1,R5, LSR #+16
   \   00000040   0x0A00000B         BEQ      ??NorFlash_GetDeviceSectorAddress_0
    263                          done = 1;
    264                          break;
    265                      }
    266                      address+= (pNorFlashInfo->cfiDescription.norFlashCfiDeviceGeometry.eraseRegionInfo[i].Z) * 256 ;
   \   00000044   0xE5D06026         LDRB     R6,[R0, #+38]
   \   00000048   0xE5D05025         LDRB     R5,[R0, #+37]
   \   0000004C   0xE1856406         ORR      R6,R5,R6, LSL #+8
   \   00000050   0xE0822406         ADD      R2,R2,R6, LSL #+8
    267                      sectorId++;
   \   00000054   0xE2833001         ADD      R3,R3,#+1
    268                  }
   \   00000058   0xE2844001         ADD      R4,R4,#+1
   \                     ??NorFlash_GetDeviceSectorAddress_2:
   \   0000005C   0xE1A05804         MOV      R5,R4, LSL #+16
   \   00000060   0xE15E0825         CMP      LR,R5, LSR #+16
   \   00000064   0xCAFFFFF3         BGT      ??NorFlash_GetDeviceSectorAddress_3
    269                  if (done) break;
    270              }
   \   00000068   0xE2800004         ADD      R0,R0,#+4
   \   0000006C   0xE25CC001         SUBS     R12,R12,#+1
   \   00000070   0x1AFFFFE8         BNE      ??NorFlash_GetDeviceSectorAddress_1
    271              
    272              return address;
   \                     ??NorFlash_GetDeviceSectorAddress_0:
   \   00000074   0xE1A00002         MOV      R0,R2
   \   00000078   0xE8BD4070         POP      {R4-R6,LR}
   \   0000007C   0xE12FFF1E         BX       LR               ;; return
    273          }
    274          
    275          //------------------------------------------------------------------------------
    276          /// Convert address to byte addressing.
    277          /// \param pNorFlashInfo  Pointer to a NorFlashInfo instance.
    278          /// \Param offset Address offset
    279          //------------------------------------------------------------------------------

   \                                 In section .text, align 4, keep-with-next
    280          unsigned int NorFlash_GetByteAddress(
    281             struct NorFlashInfo *pNorFlashInfo, unsigned int offset)
    282          {
    283              return (offset * pNorFlashInfo-> deviceChipWidth);
   \                     NorFlash_GetByteAddress:
   \   00000000   0xE5D02004         LDRB     R2,[R0, #+4]
   \   00000004   0xE0000192         MUL      R0,R2,R1
   \   00000008   0xE12FFF1E         BX       LR               ;; return
    284          }
    285          
    286          //------------------------------------------------------------------------------
    287          /// Convert address to byte addressing and return the address in chip.
    288          /// \param pNorFlashInfo  Pointer to a NorFlashInfo instance.
    289          /// \Param offset Address offset
    290          //------------------------------------------------------------------------------

   \                                 In section .text, align 4, keep-with-next
    291          unsigned int NorFlash_GetByteAddressInChip(
    292             struct NorFlashInfo *pNorFlashInfo, unsigned int offset)
    293          {
    294              return (pNorFlashInfo->baseAddress + (offset * pNorFlashInfo-> deviceChipWidth));
   \                     NorFlash_GetByteAddressInChip:
   \   00000000   0xE5902000         LDR      R2,[R0, #+0]
   \   00000004   0xE5D03004         LDRB     R3,[R0, #+4]
   \   00000008   0xE0202193         MLA      R0,R3,R1,R2
   \   0000000C   0xE12FFF1E         BX       LR               ;; return
    295          }
    296          
    297          
    298          //------------------------------------------------------------------------------
    299          /// Returns the address in chip.
    300          /// \param pNorFlashInfo  Pointer to a NorFlashInfo instance.
    301          /// \Param offset Address offset
    302          //------------------------------------------------------------------------------

   \                                 In section .text, align 4, keep-with-next
    303          unsigned int NorFlash_GetAddressInChip(struct NorFlashInfo *pNorFlashInfo, unsigned int offset)
    304          {
    305              return (pNorFlashInfo->baseAddress + offset);
   \                     NorFlash_GetAddressInChip:
   \   00000000   0xE5900000         LDR      R0,[R0, #+0]
   \   00000004   0xE0810000         ADD      R0,R1,R0
   \   00000008   0xE12FFF1E         BX       LR               ;; return
    306          }
    307          
    308          //------------------------------------------------------------------------------
    309          /// Returns bus width in bits of giving device.
    310          /// \param pNorFlashInfo  Pointer to a NorFlashInfo instance.
    311          //------------------------------------------------------------------------------

   \                                 In section .text, align 4, keep-with-next
    312          unsigned char NorFlash_GetDataBusWidth( struct NorFlashInfo *pNorFlashInfo)
    313          {
    314              return (pNorFlashInfo->deviceChipWidth * 8);
   \                     NorFlash_GetDataBusWidth:
   \   00000000   0xE5D00004         LDRB     R0,[R0, #+4]
   \   00000004   0xE1A00D80         LSL      R0,R0,#+27
   \   00000008   0xE1A00C20         LSR      R0,R0,#+24
   \   0000000C   0xE12FFF1E         BX       LR               ;; return
    315          }
    316              
    317          //------------------------------------------------------------------------------
    318          /// Returns the size of the whole device in bytes 
    319          /// \param pNorFlashInfo  Pointer to a NorFlashInfo instance.
    320          //------------------------------------------------------------------------------

   \                                 In section .text, align 4, keep-with-next
    321          unsigned long  NorFlash_GetDeviceSizeInBytes(
    322             struct NorFlashInfo *pNorFlashInfo)
    323          {
    324              return ((unsigned long) 2 << ((pNorFlashInfo->cfiDescription.norFlashCfiDeviceGeometry.deviceSize) - 1));
   \                     NorFlash_GetDeviceSizeInBytes:
   \   00000000   0xE3A01002         MOV      R1,#+2
   \   00000004   0xE5D0001D         LDRB     R0,[R0, #+29]
   \   00000008   0xE2400001         SUB      R0,R0,#+1
   \   0000000C   0xE1A00011         LSL      R0,R1,R0
   \   00000010   0xE12FFF1E         BX       LR               ;; return
    325          }
    326          
    327          //------------------------------------------------------------------------------
    328          /// Looks for query struct in Norflash common flash interface.
    329          /// If found, the model variable is filled with the correct values.
    330          /// This function returns 0 if a matching model has been found; otherwise it
    331          /// returns NorCommon_ERROR_UNKNOWNMODEL.
    332          //------------------------------------------------------------------------------
    333          

   \                                 In section .bss, align 4
    334              unsigned char abcd[100];
   \                     abcd:
   \   00000000                      DS8 100

   \                                 In section .text, align 4, keep-with-next
    335          unsigned char NorFlash_CFI_Detect(
    336              struct NorFlash *pNorFlash, 
    337              unsigned char hardwareBusWidth)
    338          {
   \                     NorFlash_CFI_Detect:
   \   00000000   0xE92D40F8         PUSH     {R3-R7,LR}
   \   00000004   0xE1A04000         MOV      R4,R0
    339              
    340              unsigned char i;
    341              unsigned char *pCfi = (unsigned char*)(&(pNorFlash->norFlashInfo.cfiDescription));
   \   00000008   0xE284500A         ADD      R5,R4,#+10
    342              unsigned int address;
    343              
    344              
    345              /*
    346              pNorFlash->norFlashInfo.cfiCompatible = 0;
    347              pNorFlash->norFlashInfo.deviceChipWidth = hardwareBusWidth;
    348              address = CFI_QUERY_OFFSET;
    349              
    350              for(i = 0; i< sizeof(struct NorFlashInfo) ; i++){
    351                  WriteCommand(8, NorFlash_GetByteAddressInChip(&(pNorFlash->norFlashInfo), CFI_QUERY_ADDRESS), CFI_QUERY_COMMAND);
    352                  ReadRawData(8, NorFlash_GetByteAddressInChip(&(pNorFlash->norFlashInfo), address), pCfi);
    353                  address++;
    354                  pCfi++;
    355                  
    356              }
    357              */
    358              
    359              
    360              pNorFlash->norFlashInfo.cfiCompatible = 0;
   \   0000000C   0xE3A00000         MOV      R0,#+0
   \   00000010   0xE5C40009         STRB     R0,[R4, #+9]
    361              pNorFlash->norFlashInfo.deviceChipWidth = hardwareBusWidth;
   \   00000014   0xE5C41008         STRB     R1,[R4, #+8]
    362              address = 0x20;
   \   00000018   0xE3A06020         MOV      R6,#+32
    363              
    364              for(i = 0; i< sizeof(struct NorFlashInfo) ; i++){
   \   0000001C   0xE3A07064         MOV      R7,#+100
    365                  WriteCommand(8, NorFlash_GetByteAddressInChip(&(pNorFlash->norFlashInfo), 0xAA), CFI_QUERY_COMMAND);
   \                     ??NorFlash_CFI_Detect_0:
   \   00000020   0xE3A010AA         MOV      R1,#+170
   \   00000024   0xE2840004         ADD      R0,R4,#+4
   \   00000028   0x........         BL       NorFlash_GetByteAddressInChip
   \   0000002C   0xE3A02098         MOV      R2,#+152
   \   00000030   0xE1A01000         MOV      R1,R0
   \   00000034   0xE3A00008         MOV      R0,#+8
   \   00000038   0x........         BL       WriteCommand
    366                  ReadRawData(8, NorFlash_GetByteAddressInChip(&(pNorFlash->norFlashInfo), address), pCfi);
   \   0000003C   0xE1A01006         MOV      R1,R6
   \   00000040   0xE2840004         ADD      R0,R4,#+4
   \   00000044   0x........         BL       NorFlash_GetByteAddressInChip
   \   00000048   0xE1A01000         MOV      R1,R0
   \   0000004C   0xE1A02005         MOV      R2,R5
   \   00000050   0xE3A00008         MOV      R0,#+8
   \   00000054   0x........         BL       ReadRawData
    367                  address+=2;
   \   00000058   0xE2866002         ADD      R6,R6,#+2
    368                  pCfi++;
   \   0000005C   0xE2855001         ADD      R5,R5,#+1
    369                  
    370              }
   \   00000060   0xE2577001         SUBS     R7,R7,#+1
   \   00000064   0x1AFFFFED         BNE      ??NorFlash_CFI_Detect_0
    371              
    372          
    373              // Check the query-unique ASCII string "QRY"
    374              if( (pNorFlash->norFlashInfo.cfiDescription.norFlashCfiQueryInfo.queryUniqueString[0] != 'Q' )
    375                  || (pNorFlash->norFlashInfo.cfiDescription.norFlashCfiQueryInfo.queryUniqueString[1] != 'R') 
    376                  || (pNorFlash->norFlashInfo.cfiDescription.norFlashCfiQueryInfo.queryUniqueString[2] != 'Y') ) {
   \   00000068   0xE5D4000A         LDRB     R0,[R4, #+10]
   \   0000006C   0xE3500051         CMP      R0,#+81
   \   00000070   0x05D4000B         LDRBEQ   R0,[R4, #+11]
   \   00000074   0x03500052         CMPEQ    R0,#+82
   \   00000078   0x05D4000C         LDRBEQ   R0,[R4, #+12]
   \   0000007C   0x03500059         CMPEQ    R0,#+89
   \   00000080   0x1A00001C         BNE      ??NorFlash_CFI_Detect_1
    377                  return NorCommon_ERROR_UNKNOWNMODEL;
    378              }
    379              
    380          #ifdef DUMP_CFI    
    381              // NorFlash_CFI_DumpConfigruation(&(pNorFlash->norFlashInfo.cfiDescription)); // CF 정보를 출력 한다.
    382          #endif
    383          
    384              
    385              if ((pNorFlash->norFlashInfo.cfiDescription.norFlashCfiQueryInfo.primaryCode) == CMD_SET_AMD) {
   \   00000084   0xE5D4100E         LDRB     R1,[R4, #+14]
   \   00000088   0xE5D4000D         LDRB     R0,[R4, #+13]
   \   0000008C   0xE1801401         ORR      R1,R0,R1, LSL #+8
   \   00000090   0xE3510002         CMP      R1,#+2
   \   00000094   0x1A00000B         BNE      ??NorFlash_CFI_Detect_2
    386                  pNorFlash->pOperations = &amdOperations;
   \   00000098   0x........         LDR      R0,??DataTable1_26
   \                     ??NorFlash_CFI_Detect_3:
   \   0000009C   0xE5840000         STR      R0,[R4, #+0]
    387              }
    388              else if ((pNorFlash->norFlashInfo.cfiDescription.norFlashCfiQueryInfo.primaryCode == CMD_SET_INTEL_EXT)
    389               || (pNorFlash->norFlashInfo.cfiDescription.norFlashCfiQueryInfo.primaryCode == CMD_SET_INTEL)) {
    390                  pNorFlash->pOperations = &intelOperations;
    391              }
    392              else {
    393                  return NorCommon_ERROR_UNKNOWNMODEL;
    394              }
    395              
    396              pNorFlash->norFlashInfo.cfiCompatible = 1;
   \   000000A0   0xE3A00001         MOV      R0,#+1
   \   000000A4   0xE5C40009         STRB     R0,[R4, #+9]
    397              
    398              
    399              pNorFlash->pOperations = &amdOperations;
   \   000000A8   0x........         LDR      R0,??DataTable1_26
   \   000000AC   0xE5840000         STR      R0,[R4, #+0]
    400              pNorFlash->norFlashInfo.cfiCompatible = 1;
    401              NORFLASH_Reset(pNorFlash, 0);
   \   000000B0   0xE3A01000         MOV      R1,#+0
   \   000000B4   0xE1A00004         MOV      R0,R4
   \   000000B8   0x........         BL       NORFLASH_Reset
    402              return 0;
   \   000000BC   0xE3A00000         MOV      R0,#+0
   \                     ??NorFlash_CFI_Detect_4:
   \   000000C0   0xE8BD40F2         POP      {R1,R4-R7,LR}
   \   000000C4   0xE12FFF1E         BX       LR               ;; return
   \                     ??NorFlash_CFI_Detect_2:
   \   000000C8   0xE5D4100E         LDRB     R1,[R4, #+14]
   \   000000CC   0xE5D4000D         LDRB     R0,[R4, #+13]
   \   000000D0   0xE1801401         ORR      R1,R0,R1, LSL #+8
   \   000000D4   0xE3510001         CMP      R1,#+1
   \   000000D8   0x0A000004         BEQ      ??NorFlash_CFI_Detect_5
   \   000000DC   0xE5D4100E         LDRB     R1,[R4, #+14]
   \   000000E0   0xE5D4000D         LDRB     R0,[R4, #+13]
   \   000000E4   0xE1801401         ORR      R1,R0,R1, LSL #+8
   \   000000E8   0xE3510003         CMP      R1,#+3
   \   000000EC   0x1A000001         BNE      ??NorFlash_CFI_Detect_1
   \                     ??NorFlash_CFI_Detect_5:
   \   000000F0   0x........         LDR      R0,??DataTable1_27
   \   000000F4   0xEAFFFFE8         B        ??NorFlash_CFI_Detect_3
   \                     ??NorFlash_CFI_Detect_1:
   \   000000F8   0xE3A00001         MOV      R0,#+1
   \   000000FC   0xEAFFFFEF         B        ??NorFlash_CFI_Detect_4
    403          }

   \                                 In section .text, align 4, keep-with-next
   \                     ??DataTable1:
   \   00000000   0x........         DC32     `?<Constant "Common Flash Interfac...">`

   \                                 In section .text, align 4, keep-with-next
   \                     ??DataTable1_1:
   \   00000000   0x........         DC32     `?<Constant "0x10  %04Xh  Query Un...">`

   \                                 In section .text, align 4, keep-with-next
   \                     ??DataTable1_2:
   \   00000000   0x........         DC32     `?<Constant "0x11  %04Xh  \\n\\r">`

   \                                 In section .text, align 4, keep-with-next
   \                     ??DataTable1_3:
   \   00000000   0x........         DC32     `?<Constant "0x12  %04Xh  \\n\\r">`

   \                                 In section .text, align 4, keep-with-next
   \                     ??DataTable1_4:
   \   00000000   0x........         DC32     `?<Constant "0x13  %04Xh  Primary ...">`

   \                                 In section .text, align 4, keep-with-next
   \                     ??DataTable1_5:
   \   00000000   0x........         DC32     `?<Constant "0x15  %04Xh  Address ...">`

   \                                 In section .text, align 4, keep-with-next
   \                     ??DataTable1_6:
   \   00000000   0x........         DC32     `?<Constant "0x17  %04Xh  Alternat...">`

   \                                 In section .text, align 4, keep-with-next
   \                     ??DataTable1_7:
   \   00000000   0x........         DC32     `?<Constant "0x19  %04Xh  Address ...">`

   \                                 In section .text, align 4, keep-with-next
   \                     ??DataTable1_8:
   \   00000000   0x........         DC32     `?<Constant "0x1B  %04Xh  VCC min ...">`

   \                                 In section .text, align 4, keep-with-next
   \                     ??DataTable1_9:
   \   00000000   0x........         DC32     `?<Constant "0x1C  %04Xh  VCC max ...">`

   \                                 In section .text, align 4, keep-with-next
   \                     ??DataTable1_10:
   \   00000000   0x........         DC32     `?<Constant "0x1D  %04Xh  VPP min ...">`

   \                                 In section .text, align 4, keep-with-next
   \                     ??DataTable1_11:
   \   00000000   0x........         DC32     `?<Constant "0x1E  %04Xh  VPP max ...">`

   \                                 In section .text, align 4, keep-with-next
   \                     ??DataTable1_12:
   \   00000000   0x........         DC32     `?<Constant "0x1F  %04Xh  Typical ...">`

   \                                 In section .text, align 4, keep-with-next
   \                     ??DataTable1_13:
   \   00000000   0x........         DC32     `?<Constant "0x20  %04Xh  Typical ...">`

   \                                 In section .text, align 4, keep-with-next
   \                     ??DataTable1_14:
   \   00000000   0x........         DC32     `?<Constant "0x21  %04Xh  Typical ...">`

   \                                 In section .text, align 4, keep-with-next
   \                     ??DataTable1_15:
   \   00000000   0x........         DC32     `?<Constant "0x22  %04Xh  Typical ...">`

   \                                 In section .text, align 4, keep-with-next
   \                     ??DataTable1_16:
   \   00000000   0x........         DC32     `?<Constant "0x23  %04Xh  Max. tim...">`

   \                                 In section .text, align 4, keep-with-next
   \                     ??DataTable1_17:
   \   00000000   0x........         DC32     `?<Constant "0x24  %04Xh  Max. tim...">`

   \                                 In section .text, align 4, keep-with-next
   \                     ??DataTable1_18:
   \   00000000   0x........         DC32     `?<Constant "0x25  %04Xh  Max. tim...">`

   \                                 In section .text, align 4, keep-with-next
   \                     ??DataTable1_19:
   \   00000000   0x........         DC32     `?<Constant "0x26  %04Xh  Max. tim...">`

   \                                 In section .text, align 4, keep-with-next
   \                     ??DataTable1_20:
   \   00000000   0x........         DC32     `?<Constant "0x27  %04Xh  Device S...">`

   \                                 In section .text, align 4, keep-with-next
   \                     ??DataTable1_21:
   \   00000000   0x........         DC32     `?<Constant "0x28  %04Xh  Flash De...">`

   \                                 In section .text, align 4, keep-with-next
   \                     ??DataTable1_22:
   \   00000000   0x........         DC32     `?<Constant "0x2A  %04Xh  Max. num...">`

   \                                 In section .text, align 4, keep-with-next
   \                     ??DataTable1_23:
   \   00000000   0x........         DC32     `?<Constant "0x2C  %04Xh  Number o...">`

   \                                 In section .text, align 4, keep-with-next
   \                     ??DataTable1_24:
   \   00000000   0x........         DC32     `?<Constant "0x%2X  %04Xh  Number ...">`

   \                                 In section .text, align 4, keep-with-next
   \                     ??DataTable1_25:
   \   00000000   0x........         DC32     `?<Constant "0x%2X  %04Xh  (z) tim...">`

   \                                 In section .text, align 4, keep-with-next
   \                     ??DataTable1_26:
   \   00000000   0x........         DC32     amdOperations

   \                                 In section .text, align 4, keep-with-next
   \                     ??DataTable1_27:
   \   00000000   0x........         DC32     intelOperations

   \                                 In section .rodata, align 4
   \                     `?<Constant "Common Flash Interfac...">`:
   \   00000000   0x43 0x6F          DC8 "Common Flash Interface Definition Table\012\015"
   \              0x6D 0x6D    
   \              0x6F 0x6E    
   \              0x20 0x46    
   \              0x6C 0x61    
   \              0x73 0x68    
   \              0x20 0x49    
   \              0x6E 0x74    
   \              0x65 0x72    
   \              0x66 0x61    
   \              0x63 0x65    
   \              0x20 0x44    
   \              0x65 0x66    
   \              0x69 0x6E    
   \              0x69 0x74    
   \              0x69 0x6F    
   \              0x6E 0x20    
   \              0x54 0x61    
   \              0x62 0x6C    
   \              0x65 0x0A    
   \              0x0D 0x00    
   \   0000002A   0x00 0x00          DC8 0, 0

   \                                 In section .rodata, align 4
   \                     `?<Constant "0x10  %04Xh  Query Un...">`:
   \   00000000   0x30 0x78          DC8 "0x10  %04Xh  Query Unique ASCII string\012\015"
   \              0x31 0x30    
   \              0x20 0x20    
   \              0x25 0x30    
   \              0x34 0x58    
   \              0x68 0x20    
   \              0x20 0x51    
   \              0x75 0x65    
   \              0x72 0x79    
   \              0x20 0x55    
   \              0x6E 0x69    
   \              0x71 0x75    
   \              0x65 0x20    
   \              0x41 0x53    
   \              0x43 0x49    
   \              0x49 0x20    
   \              0x73 0x74    
   \              0x72 0x69    
   \              0x6E 0x67    
   \              0x0A 0x0D    
   \              0x00         
   \   00000029   0x00 0x00          DC8 0, 0, 0
   \              0x00         

   \                                 In section .rodata, align 4
   \                     `?<Constant "0x11  %04Xh  \\n\\r">`:
   \   00000000   0x30 0x78          DC8 "0x11  %04Xh  \012\015"
   \              0x31 0x31    
   \              0x20 0x20    
   \              0x25 0x30    
   \              0x34 0x58    
   \              0x68 0x20    
   \              0x20 0x0A    
   \              0x0D 0x00    

   \                                 In section .rodata, align 4
   \                     `?<Constant "0x12  %04Xh  \\n\\r">`:
   \   00000000   0x30 0x78          DC8 "0x12  %04Xh  \012\015"
   \              0x31 0x32    
   \              0x20 0x20    
   \              0x25 0x30    
   \              0x34 0x58    
   \              0x68 0x20    
   \              0x20 0x0A    
   \              0x0D 0x00    

   \                                 In section .rodata, align 4
   \                     `?<Constant "0x13  %04Xh  Primary ...">`:
   \   00000000   0x30 0x78          DC8 "0x13  %04Xh  Primary OEM Command Set\012\015"
   \              0x31 0x33    
   \              0x20 0x20    
   \              0x25 0x30    
   \              0x34 0x58    
   \              0x68 0x20    
   \              0x20 0x50    
   \              0x72 0x69    
   \              0x6D 0x61    
   \              0x72 0x79    
   \              0x20 0x4F    
   \              0x45 0x4D    
   \              0x20 0x43    
   \              0x6F 0x6D    
   \              0x6D 0x61    
   \              0x6E 0x64    
   \              0x20 0x53    
   \              0x65 0x74    
   \              0x0A 0x0D    
   \              0x00         
   \   00000027   0x00               DC8 0

   \                                 In section .rodata, align 4
   \                     `?<Constant "0x15  %04Xh  Address ...">`:
   \   00000000   0x30 0x78          DC8 "0x15  %04Xh  Address for Primary Extended Table\012\015"
   \              0x31 0x35    
   \              0x20 0x20    
   \              0x25 0x30    
   \              0x34 0x58    
   \              0x68 0x20    
   \              0x20 0x41    
   \              0x64 0x64    
   \              0x72 0x65    
   \              0x73 0x73    
   \              0x20 0x66    
   \              0x6F 0x72    
   \              0x20 0x50    
   \              0x72 0x69    
   \              0x6D 0x61    
   \              0x72 0x79    
   \              0x20 0x45    
   \              0x78 0x74    
   \              0x65 0x6E    
   \              0x64 0x65    
   \              0x64 0x20    
   \              0x54 0x61    
   \              0x62 0x6C    
   \              0x65 0x0A    
   \              0x0D 0x00    
   \   00000032   0x00 0x00          DC8 0, 0

   \                                 In section .rodata, align 4
   \                     `?<Constant "0x17  %04Xh  Alternat...">`:
   \   00000000   0x30 0x78          DC8 "0x17  %04Xh  Alternate OEM Command Set\012\015"
   \              0x31 0x37    
   \              0x20 0x20    
   \              0x25 0x30    
   \              0x34 0x58    
   \              0x68 0x20    
   \              0x20 0x41    
   \              0x6C 0x74    
   \              0x65 0x72    
   \              0x6E 0x61    
   \              0x74 0x65    
   \              0x20 0x4F    
   \              0x45 0x4D    
   \              0x20 0x43    
   \              0x6F 0x6D    
   \              0x6D 0x61    
   \              0x6E 0x64    
   \              0x20 0x53    
   \              0x65 0x74    
   \              0x0A 0x0D    
   \              0x00         
   \   00000029   0x00 0x00          DC8 0, 0, 0
   \              0x00         

   \                                 In section .rodata, align 4
   \                     `?<Constant "0x19  %04Xh  Address ...">`:
   \   00000000   0x30 0x78          DC8 30H, 78H, 31H, 39H, 20H, 20H, 25H, 30H
   \              0x31 0x39    
   \              0x20 0x20    
   \              0x25 0x30    
   \   00000008   0x34 0x58          DC8 34H, 58H, 68H, 20H, 20H, 41H, 64H, 64H
   \              0x68 0x20    
   \              0x20 0x41    
   \              0x64 0x64    
   \   00000010   0x72 0x65          DC8 72H, 65H, 73H, 73H, 20H, 66H, 6FH, 72H
   \              0x73 0x73    
   \              0x20 0x66    
   \              0x6F 0x72    
   \   00000018   0x20 0x41          DC8 20H, 41H, 6CH, 74H, 65H, 72H, 6EH, 61H
   \              0x6C 0x74    
   \              0x65 0x72    
   \              0x6E 0x61    
   \   00000020   0x74 0x65          DC8 74H, 65H, 20H, 4FH, 45H, 4DH, 20H, 45H
   \              0x20 0x4F    
   \              0x45 0x4D    
   \              0x20 0x45    
   \   00000028   0x78 0x74          DC8 78H, 74H, 65H, 6EH, 64H, 65H, 64H, 20H
   \              0x65 0x6E    
   \              0x64 0x65    
   \              0x64 0x20    
   \   00000030   0x54 0x61          DC8 54H, 61H, 62H, 6CH, 65H, 0AH, 0DH, 0
   \              0x62 0x6C    
   \              0x65 0x0A    
   \              0x0D 0x00    

   \                                 In section .rodata, align 4
   \                     `?<Constant "0x1B  %04Xh  VCC min ...">`:
   \   00000000   0x30 0x78          DC8 "0x1B  %04Xh  VCC min write/erase\012\015"
   \              0x31 0x42    
   \              0x20 0x20    
   \              0x25 0x30    
   \              0x34 0x58    
   \              0x68 0x20    
   \              0x20 0x56    
   \              0x43 0x43    
   \              0x20 0x6D    
   \              0x69 0x6E    
   \              0x20 0x77    
   \              0x72 0x69    
   \              0x74 0x65    
   \              0x2F 0x65    
   \              0x72 0x61    
   \              0x73 0x65    
   \              0x0A 0x0D    
   \              0x00         
   \   00000023   0x00               DC8 0

   \                                 In section .rodata, align 4
   \                     `?<Constant "0x1C  %04Xh  VCC max ...">`:
   \   00000000   0x30 0x78          DC8 "0x1C  %04Xh  VCC max write/erase\012\015"
   \              0x31 0x43    
   \              0x20 0x20    
   \              0x25 0x30    
   \              0x34 0x58    
   \              0x68 0x20    
   \              0x20 0x56    
   \              0x43 0x43    
   \              0x20 0x6D    
   \              0x61 0x78    
   \              0x20 0x77    
   \              0x72 0x69    
   \              0x74 0x65    
   \              0x2F 0x65    
   \              0x72 0x61    
   \              0x73 0x65    
   \              0x0A 0x0D    
   \              0x00         
   \   00000023   0x00               DC8 0

   \                                 In section .rodata, align 4
   \                     `?<Constant "0x1D  %04Xh  VPP min ...">`:
   \   00000000   0x30 0x78          DC8 "0x1D  %04Xh  VPP min voltage\012\015"
   \              0x31 0x44    
   \              0x20 0x20    
   \              0x25 0x30    
   \              0x34 0x58    
   \              0x68 0x20    
   \              0x20 0x56    
   \              0x50 0x50    
   \              0x20 0x6D    
   \              0x69 0x6E    
   \              0x20 0x76    
   \              0x6F 0x6C    
   \              0x74 0x61    
   \              0x67 0x65    
   \              0x0A 0x0D    
   \              0x00         
   \   0000001F   0x00               DC8 0

   \                                 In section .rodata, align 4
   \                     `?<Constant "0x1E  %04Xh  VPP max ...">`:
   \   00000000   0x30 0x78          DC8 "0x1E  %04Xh  VPP max voltage\012\015"
   \              0x31 0x45    
   \              0x20 0x20    
   \              0x25 0x30    
   \              0x34 0x58    
   \              0x68 0x20    
   \              0x20 0x56    
   \              0x50 0x50    
   \              0x20 0x6D    
   \              0x61 0x78    
   \              0x20 0x76    
   \              0x6F 0x6C    
   \              0x74 0x61    
   \              0x67 0x65    
   \              0x0A 0x0D    
   \              0x00         
   \   0000001F   0x00               DC8 0

   \                                 In section .rodata, align 4
   \                     `?<Constant "0x1F  %04Xh  Typical ...">`:
   \   00000000   0x30 0x78          DC8 30H, 78H, 31H, 46H, 20H, 20H, 25H, 30H
   \              0x31 0x46    
   \              0x20 0x20    
   \              0x25 0x30    
   \   00000008   0x34 0x58          DC8 34H, 58H, 68H, 20H, 20H, 54H, 79H, 70H
   \              0x68 0x20    
   \              0x20 0x54    
   \              0x79 0x70    
   \   00000010   0x69 0x63          DC8 69H, 63H, 61H, 6CH, 20H, 74H, 69H, 6DH
   \              0x61 0x6C    
   \              0x20 0x74    
   \              0x69 0x6D    
   \   00000018   0x65 0x6F          DC8 65H, 6FH, 75H, 74H, 20H, 70H, 65H, 72H
   \              0x75 0x74    
   \              0x20 0x70    
   \              0x65 0x72    
   \   00000020   0x20 0x73          DC8 20H, 73H, 69H, 6EH, 67H, 6CH, 65H, 20H
   \              0x69 0x6E    
   \              0x67 0x6C    
   \              0x65 0x20    
   \   00000028   0x77 0x6F          DC8 77H, 6FH, 72H, 64H, 20H, 77H, 72H, 69H
   \              0x72 0x64    
   \              0x20 0x77    
   \              0x72 0x69    
   \   00000030   0x74 0x65          DC8 74H, 65H, 0AH, 0DH, 0
   \              0x0A 0x0D    
   \              0x00         
   \   00000035   0x00 0x00          DC8 0, 0, 0
   \              0x00         

   \                                 In section .rodata, align 4
   \                     `?<Constant "0x20  %04Xh  Typical ...">`:
   \   00000000   0x30 0x78          DC8 30H, 78H, 32H, 30H, 20H, 20H, 25H, 30H
   \              0x32 0x30    
   \              0x20 0x20    
   \              0x25 0x30    
   \   00000008   0x34 0x58          DC8 34H, 58H, 68H, 20H, 20H, 54H, 79H, 70H
   \              0x68 0x20    
   \              0x20 0x54    
   \              0x79 0x70    
   \   00000010   0x69 0x63          DC8 69H, 63H, 61H, 6CH, 20H, 74H, 69H, 6DH
   \              0x61 0x6C    
   \              0x20 0x74    
   \              0x69 0x6D    
   \   00000018   0x65 0x6F          DC8 65H, 6FH, 75H, 74H, 20H, 66H, 6FH, 72H
   \              0x75 0x74    
   \              0x20 0x66    
   \              0x6F 0x72    
   \   00000020   0x20 0x4D          DC8 20H, 4DH, 69H, 6EH, 2EH, 20H, 73H, 69H
   \              0x69 0x6E    
   \              0x2E 0x20    
   \              0x73 0x69    
   \   00000028   0x7A 0x65          DC8 7AH, 65H, 20H, 62H, 75H, 66H, 66H, 65H
   \              0x20 0x62    
   \              0x75 0x66    
   \              0x66 0x65    
   \   00000030   0x72 0x20          DC8 72H, 20H, 77H, 72H, 69H, 74H, 65H, 0AH
   \              0x77 0x72    
   \              0x69 0x74    
   \              0x65 0x0A    
   \   00000038   0x0D 0x00          DC8 0DH, 0
   \   0000003A   0x00 0x00          DC8 0, 0

   \                                 In section .rodata, align 4
   \                     `?<Constant "0x21  %04Xh  Typical ...">`:
   \   00000000   0x30 0x78          DC8 30H, 78H, 32H, 31H, 20H, 20H, 25H, 30H
   \              0x32 0x31    
   \              0x20 0x20    
   \              0x25 0x30    
   \   00000008   0x34 0x58          DC8 34H, 58H, 68H, 20H, 20H, 54H, 79H, 70H
   \              0x68 0x20    
   \              0x20 0x54    
   \              0x79 0x70    
   \   00000010   0x69 0x63          DC8 69H, 63H, 61H, 6CH, 20H, 74H, 69H, 6DH
   \              0x61 0x6C    
   \              0x20 0x74    
   \              0x69 0x6D    
   \   00000018   0x65 0x6F          DC8 65H, 6FH, 75H, 74H, 20H, 70H, 65H, 72H
   \              0x75 0x74    
   \              0x20 0x70    
   \              0x65 0x72    
   \   00000020   0x20 0x69          DC8 20H, 69H, 6EH, 64H, 69H, 76H, 69H, 64H
   \              0x6E 0x64    
   \              0x69 0x76    
   \              0x69 0x64    
   \   00000028   0x75 0x61          DC8 75H, 61H, 6CH, 20H, 62H, 6CH, 6FH, 63H
   \              0x6C 0x20    
   \              0x62 0x6C    
   \              0x6F 0x63    
   \   00000030   0x6B 0x20          DC8 6BH, 20H, 65H, 72H, 61H, 73H, 65H, 0AH
   \              0x65 0x72    
   \              0x61 0x73    
   \              0x65 0x0A    
   \   00000038   0x0D 0x00          DC8 0DH, 0
   \   0000003A   0x00 0x00          DC8 0, 0

   \                                 In section .rodata, align 4
   \                     `?<Constant "0x22  %04Xh  Typical ...">`:
   \   00000000   0x30 0x78          DC8 30H, 78H, 32H, 32H, 20H, 20H, 25H, 30H
   \              0x32 0x32    
   \              0x20 0x20    
   \              0x25 0x30    
   \   00000008   0x34 0x58          DC8 34H, 58H, 68H, 20H, 20H, 54H, 79H, 70H
   \              0x68 0x20    
   \              0x20 0x54    
   \              0x79 0x70    
   \   00000010   0x69 0x63          DC8 69H, 63H, 61H, 6CH, 20H, 74H, 69H, 6DH
   \              0x61 0x6C    
   \              0x20 0x74    
   \              0x69 0x6D    
   \   00000018   0x65 0x6F          DC8 65H, 6FH, 75H, 74H, 20H, 66H, 6FH, 72H
   \              0x75 0x74    
   \              0x20 0x66    
   \              0x6F 0x72    
   \   00000020   0x20 0x66          DC8 20H, 66H, 75H, 6CH, 6CH, 20H, 63H, 68H
   \              0x75 0x6C    
   \              0x6C 0x20    
   \              0x63 0x68    
   \   00000028   0x69 0x70          DC8 69H, 70H, 20H, 65H, 72H, 61H, 73H, 65H
   \              0x20 0x65    
   \              0x72 0x61    
   \              0x73 0x65    
   \   00000030   0x0A 0x0D          DC8 0AH, 0DH, 0
   \              0x00         
   \   00000033   0x00               DC8 0

   \                                 In section .rodata, align 4
   \                     `?<Constant "0x23  %04Xh  Max. tim...">`:
   \   00000000   0x30 0x78          DC8 "0x23  %04Xh  Max. timeout for word write\012\015"
   \              0x32 0x33    
   \              0x20 0x20    
   \              0x25 0x30    
   \              0x34 0x58    
   \              0x68 0x20    
   \              0x20 0x4D    
   \              0x61 0x78    
   \              0x2E 0x20    
   \              0x74 0x69    
   \              0x6D 0x65    
   \              0x6F 0x75    
   \              0x74 0x20    
   \              0x66 0x6F    
   \              0x72 0x20    
   \              0x77 0x6F    
   \              0x72 0x64    
   \              0x20 0x77    
   \              0x72 0x69    
   \              0x74 0x65    
   \              0x0A 0x0D    
   \              0x00         
   \   0000002B   0x00               DC8 0

   \                                 In section .rodata, align 4
   \                     `?<Constant "0x24  %04Xh  Max. tim...">`:
   \   00000000   0x30 0x78          DC8 "0x24  %04Xh  Max. timeout for buffer write\012\015"
   \              0x32 0x34    
   \              0x20 0x20    
   \              0x25 0x30    
   \              0x34 0x58    
   \              0x68 0x20    
   \              0x20 0x4D    
   \              0x61 0x78    
   \              0x2E 0x20    
   \              0x74 0x69    
   \              0x6D 0x65    
   \              0x6F 0x75    
   \              0x74 0x20    
   \              0x66 0x6F    
   \              0x72 0x20    
   \              0x62 0x75    
   \              0x66 0x66    
   \              0x65 0x72    
   \              0x20 0x77    
   \              0x72 0x69    
   \              0x74 0x65    
   \              0x0A 0x0D    
   \              0x00         
   \   0000002D   0x00 0x00          DC8 0, 0, 0
   \              0x00         

   \                                 In section .rodata, align 4
   \                     `?<Constant "0x25  %04Xh  Max. tim...">`:
   \   00000000   0x30 0x78          DC8 30H, 78H, 32H, 35H, 20H, 20H, 25H, 30H
   \              0x32 0x35    
   \              0x20 0x20    
   \              0x25 0x30    
   \   00000008   0x34 0x58          DC8 34H, 58H, 68H, 20H, 20H, 4DH, 61H, 78H
   \              0x68 0x20    
   \              0x20 0x4D    
   \              0x61 0x78    
   \   00000010   0x2E 0x20          DC8 2EH, 20H, 74H, 69H, 6DH, 65H, 6FH, 75H
   \              0x74 0x69    
   \              0x6D 0x65    
   \              0x6F 0x75    
   \   00000018   0x74 0x20          DC8 74H, 20H, 70H, 65H, 72H, 20H, 69H, 6EH
   \              0x70 0x65    
   \              0x72 0x20    
   \              0x69 0x6E    
   \   00000020   0x64 0x69          DC8 64H, 69H, 76H, 69H, 64H, 75H, 61H, 6CH
   \              0x76 0x69    
   \              0x64 0x75    
   \              0x61 0x6C    
   \   00000028   0x20 0x62          DC8 20H, 62H, 6CH, 6FH, 63H, 6BH, 20H, 65H
   \              0x6C 0x6F    
   \              0x63 0x6B    
   \              0x20 0x65    
   \   00000030   0x72 0x61          DC8 72H, 61H, 73H, 65H, 0AH, 0DH, 0
   \              0x73 0x65    
   \              0x0A 0x0D    
   \              0x00         
   \   00000037   0x00               DC8 0

   \                                 In section .rodata, align 4
   \                     `?<Constant "0x26  %04Xh  Max. tim...">`:
   \   00000000   0x30 0x78          DC8 "0x26  %04Xh  Max. timeout for full chip erase\012\015"
   \              0x32 0x36    
   \              0x20 0x20    
   \              0x25 0x30    
   \              0x34 0x58    
   \              0x68 0x20    
   \              0x20 0x4D    
   \              0x61 0x78    
   \              0x2E 0x20    
   \              0x74 0x69    
   \              0x6D 0x65    
   \              0x6F 0x75    
   \              0x74 0x20    
   \              0x66 0x6F    
   \              0x72 0x20    
   \              0x66 0x75    
   \              0x6C 0x6C    
   \              0x20 0x63    
   \              0x68 0x69    
   \              0x70 0x20    
   \              0x65 0x72    
   \              0x61 0x73    
   \              0x65 0x0A    
   \              0x0D 0x00    

   \                                 In section .rodata, align 4
   \                     `?<Constant "0x27  %04Xh  Device S...">`:
   \   00000000   0x30 0x78          DC8 "0x27  %04Xh  Device Size = 2N byte\012\015"
   \              0x32 0x37    
   \              0x20 0x20    
   \              0x25 0x30    
   \              0x34 0x58    
   \              0x68 0x20    
   \              0x20 0x44    
   \              0x65 0x76    
   \              0x69 0x63    
   \              0x65 0x20    
   \              0x53 0x69    
   \              0x7A 0x65    
   \              0x20 0x3D    
   \              0x20 0x32    
   \              0x4E 0x20    
   \              0x62 0x79    
   \              0x74 0x65    
   \              0x0A 0x0D    
   \              0x00         
   \   00000025   0x00 0x00          DC8 0, 0, 0
   \              0x00         

   \                                 In section .rodata, align 4
   \                     `?<Constant "0x28  %04Xh  Flash De...">`:
   \   00000000   0x30 0x78          DC8 "0x28  %04Xh  Flash Device Interface description\012\015"
   \              0x32 0x38    
   \              0x20 0x20    
   \              0x25 0x30    
   \              0x34 0x58    
   \              0x68 0x20    
   \              0x20 0x46    
   \              0x6C 0x61    
   \              0x73 0x68    
   \              0x20 0x44    
   \              0x65 0x76    
   \              0x69 0x63    
   \              0x65 0x20    
   \              0x49 0x6E    
   \              0x74 0x65    
   \              0x72 0x66    
   \              0x61 0x63    
   \              0x65 0x20    
   \              0x64 0x65    
   \              0x73 0x63    
   \              0x72 0x69    
   \              0x70 0x74    
   \              0x69 0x6F    
   \              0x6E 0x0A    
   \              0x0D 0x00    
   \   00000032   0x00 0x00          DC8 0, 0

   \                                 In section .rodata, align 4
   \                     `?<Constant "0x2A  %04Xh  Max. num...">`:
   \   00000000   0x30 0x78          DC8 30H, 78H, 32H, 41H, 20H, 20H, 25H, 30H
   \              0x32 0x41    
   \              0x20 0x20    
   \              0x25 0x30    
   \   00000008   0x34 0x58          DC8 34H, 58H, 68H, 20H, 20H, 4DH, 61H, 78H
   \              0x68 0x20    
   \              0x20 0x4D    
   \              0x61 0x78    
   \   00000010   0x2E 0x20          DC8 2EH, 20H, 6EH, 75H, 6DH, 62H, 65H, 72H
   \              0x6E 0x75    
   \              0x6D 0x62    
   \              0x65 0x72    
   \   00000018   0x20 0x6F          DC8 20H, 6FH, 66H, 20H, 62H, 79H, 74H, 65H
   \              0x66 0x20    
   \              0x62 0x79    
   \              0x74 0x65    
   \   00000020   0x20 0x69          DC8 20H, 69H, 6EH, 20H, 6DH, 75H, 6CH, 74H
   \              0x6E 0x20    
   \              0x6D 0x75    
   \              0x6C 0x74    
   \   00000028   0x69 0x2D          DC8 69H, 2DH, 62H, 79H, 74H, 65H, 20H, 77H
   \              0x62 0x79    
   \              0x74 0x65    
   \              0x20 0x77    
   \   00000030   0x72 0x69          DC8 72H, 69H, 74H, 65H, 0AH, 0DH, 0
   \              0x74 0x65    
   \              0x0A 0x0D    
   \              0x00         
   \   00000037   0x00               DC8 0

   \                                 In section .rodata, align 4
   \                     `?<Constant "0x2C  %04Xh  Number o...">`:
   \   00000000   0x30 0x78          DC8 30H, 78H, 32H, 43H, 20H, 20H, 25H, 30H
   \              0x32 0x43    
   \              0x20 0x20    
   \              0x25 0x30    
   \   00000008   0x34 0x58          DC8 34H, 58H, 68H, 20H, 20H, 4EH, 75H, 6DH
   \              0x68 0x20    
   \              0x20 0x4E    
   \              0x75 0x6D    
   \   00000010   0x62 0x65          DC8 62H, 65H, 72H, 20H, 6FH, 66H, 20H, 45H
   \              0x72 0x20    
   \              0x6F 0x66    
   \              0x20 0x45    
   \   00000018   0x72 0x61          DC8 72H, 61H, 73H, 65H, 20H, 42H, 6CH, 6FH
   \              0x73 0x65    
   \              0x20 0x42    
   \              0x6C 0x6F    
   \   00000020   0x63 0x6B          DC8 63H, 6BH, 20H, 52H, 65H, 67H, 69H, 6FH
   \              0x20 0x52    
   \              0x65 0x67    
   \              0x69 0x6F    
   \   00000028   0x6E 0x73          DC8 6EH, 73H, 20H, 77H, 69H, 74H, 68H, 69H
   \              0x20 0x77    
   \              0x69 0x74    
   \              0x68 0x69    
   \   00000030   0x6E 0x20          DC8 6EH, 20H, 64H, 65H, 76H, 69H, 63H, 65H
   \              0x64 0x65    
   \              0x76 0x69    
   \              0x63 0x65    
   \   00000038   0x0A 0x0D          DC8 0AH, 0DH, 0
   \              0x00         
   \   0000003B   0x00               DC8 0

   \                                 In section .rodata, align 4
   \                     `?<Constant "0x%2X  %04Xh  Number ...">`:
   \   00000000   0x30 0x78          DC8 30H, 78H, 25H, 32H, 58H, 20H, 20H, 25H
   \              0x25 0x32    
   \              0x58 0x20    
   \              0x20 0x25    
   \   00000008   0x30 0x34          DC8 30H, 34H, 58H, 68H, 20H, 20H, 4EH, 75H
   \              0x58 0x68    
   \              0x20 0x20    
   \              0x4E 0x75    
   \   00000010   0x6D 0x62          DC8 6DH, 62H, 65H, 72H, 20H, 6FH, 66H, 20H
   \              0x65 0x72    
   \              0x20 0x6F    
   \              0x66 0x20    
   \   00000018   0x45 0x72          DC8 45H, 72H, 61H, 73H, 65H, 20H, 42H, 6CH
   \              0x61 0x73    
   \              0x65 0x20    
   \              0x42 0x6C    
   \   00000020   0x6F 0x63          DC8 6FH, 63H, 6BH, 73H, 20H, 6FH, 66H, 20H
   \              0x6B 0x73    
   \              0x20 0x6F    
   \              0x66 0x20    
   \   00000028   0x69 0x64          DC8 69H, 64H, 65H, 6EH, 74H, 69H, 63H, 61H
   \              0x65 0x6E    
   \              0x74 0x69    
   \              0x63 0x61    
   \   00000030   0x6C 0x20          DC8 6CH, 20H, 73H, 69H, 7AH, 65H, 20H, 77H
   \              0x73 0x69    
   \              0x7A 0x65    
   \              0x20 0x77    
   \   00000038   0x69 0x74          DC8 69H, 74H, 68H, 69H, 6EH, 20H, 72H, 65H
   \              0x68 0x69    
   \              0x6E 0x20    
   \              0x72 0x65    
   \   00000040   0x67 0x69          DC8 67H, 69H, 6FH, 6EH, 20H, 25H, 78H, 20H
   \              0x6F 0x6E    
   \              0x20 0x25    
   \              0x78 0x20    
   \   00000048   0x0A 0x0D          DC8 0AH, 0DH, 0
   \              0x00         
   \   0000004B   0x00               DC8 0

   \                                 In section .rodata, align 4
   \                     `?<Constant "0x%2X  %04Xh  (z) tim...">`:
   \   00000000   0x30 0x78          DC8 30H, 78H, 25H, 32H, 58H, 20H, 20H, 25H
   \              0x25 0x32    
   \              0x58 0x20    
   \              0x20 0x25    
   \   00000008   0x30 0x34          DC8 30H, 34H, 58H, 68H, 20H, 20H, 28H, 7AH
   \              0x58 0x68    
   \              0x20 0x20    
   \              0x28 0x7A    
   \   00000010   0x29 0x20          DC8 29H, 20H, 74H, 69H, 6DH, 65H, 73H, 20H
   \              0x74 0x69    
   \              0x6D 0x65    
   \              0x73 0x20    
   \   00000018   0x32 0x35          DC8 32H, 35H, 36H, 20H, 62H, 79H, 74H, 65H
   \              0x36 0x20    
   \              0x62 0x79    
   \              0x74 0x65    
   \   00000020   0x73 0x20          DC8 73H, 20H, 77H, 69H, 74H, 68H, 69H, 6EH
   \              0x77 0x69    
   \              0x74 0x68    
   \              0x69 0x6E    
   \   00000028   0x20 0x72          DC8 20H, 72H, 65H, 67H, 69H, 6FH, 6EH, 20H
   \              0x65 0x67    
   \              0x69 0x6F    
   \              0x6E 0x20    
   \   00000030   0x25 0x78          DC8 25H, 78H, 20H, 0AH, 0DH, 0
   \              0x20 0x0A    
   \              0x0D 0x00    
   \   00000036   0x00 0x00          DC8 0, 0
    404          

   Maximum stack usage in bytes:

   .cstack Function
   ------- --------
       24  NorFlash_CFI_Detect
             24 -> NORFLASH_Reset
             24 -> NorFlash_GetByteAddressInChip
             24 -> ReadRawData
             24 -> WriteCommand
       16  NorFlash_CFI_DumpConfigruation
             16 -> printf
        0  NorFlash_GetAddressInChip
        0  NorFlash_GetByteAddress
        0  NorFlash_GetByteAddressInChip
        0  NorFlash_GetDataBusWidth
       16  NorFlash_GetDeviceBlockSize
        0  NorFlash_GetDeviceMaxBlockSize
        0  NorFlash_GetDeviceMinBlockSize
        0  NorFlash_GetDeviceNumOfBlocks
       16  NorFlash_GetDeviceSectorAddress
       12  NorFlash_GetDeviceSectorInRegion
        0  NorFlash_GetDeviceSizeInBytes


   Section sizes:

   Bytes  Function/Label
   -----  --------------
      56  ?<Constant "0x%2X  %04Xh  (z) tim...">
      76  ?<Constant "0x%2X  %04Xh  Number ...">
      44  ?<Constant "0x10  %04Xh  Query Un...">
      16  ?<Constant "0x11  %04Xh  \n\r">
      16  ?<Constant "0x12  %04Xh  \n\r">
      40  ?<Constant "0x13  %04Xh  Primary ...">
      52  ?<Constant "0x15  %04Xh  Address ...">
      44  ?<Constant "0x17  %04Xh  Alternat...">
      56  ?<Constant "0x19  %04Xh  Address ...">
      36  ?<Constant "0x1B  %04Xh  VCC min ...">
      36  ?<Constant "0x1C  %04Xh  VCC max ...">
      32  ?<Constant "0x1D  %04Xh  VPP min ...">
      32  ?<Constant "0x1E  %04Xh  VPP max ...">
      56  ?<Constant "0x1F  %04Xh  Typical ...">
      60  ?<Constant "0x20  %04Xh  Typical ...">
      60  ?<Constant "0x21  %04Xh  Typical ...">
      52  ?<Constant "0x22  %04Xh  Typical ...">
      44  ?<Constant "0x23  %04Xh  Max. tim...">
      48  ?<Constant "0x24  %04Xh  Max. tim...">
      56  ?<Constant "0x25  %04Xh  Max. tim...">
      48  ?<Constant "0x26  %04Xh  Max. tim...">
      40  ?<Constant "0x27  %04Xh  Device S...">
      52  ?<Constant "0x28  %04Xh  Flash De...">
      56  ?<Constant "0x2A  %04Xh  Max. num...">
      60  ?<Constant "0x2C  %04Xh  Number o...">
      44  ?<Constant "Common Flash Interfac...">
       4  ??DataTable1
       4  ??DataTable1_1
       4  ??DataTable1_10
       4  ??DataTable1_11
       4  ??DataTable1_12
       4  ??DataTable1_13
       4  ??DataTable1_14
       4  ??DataTable1_15
       4  ??DataTable1_16
       4  ??DataTable1_17
       4  ??DataTable1_18
       4  ??DataTable1_19
       4  ??DataTable1_2
       4  ??DataTable1_20
       4  ??DataTable1_21
       4  ??DataTable1_22
       4  ??DataTable1_23
       4  ??DataTable1_24
       4  ??DataTable1_25
       4  ??DataTable1_26
       4  ??DataTable1_27
       4  ??DataTable1_3
       4  ??DataTable1_4
       4  ??DataTable1_5
       4  ??DataTable1_6
       4  ??DataTable1_7
       4  ??DataTable1_8
       4  ??DataTable1_9
     256  NorFlash_CFI_Detect
     456  NorFlash_CFI_DumpConfigruation
      12  NorFlash_GetAddressInChip
      12  NorFlash_GetByteAddress
      16  NorFlash_GetByteAddressInChip
      16  NorFlash_GetDataBusWidth
     148  NorFlash_GetDeviceBlockSize
      88  NorFlash_GetDeviceMaxBlockSize
      88  NorFlash_GetDeviceMinBlockSize
      56  NorFlash_GetDeviceNumOfBlocks
     128  NorFlash_GetDeviceSectorAddress
     120  NorFlash_GetDeviceSectorInRegion
      20  NorFlash_GetDeviceSizeInBytes
     100  abcd
      24  amdOperations
      24  intelOperations

 
   100 bytes in section .bss
 1 260 bytes in section .rodata
 1 528 bytes in section .text
 
 1 528 bytes of CODE  memory
 1 260 bytes of CONST memory
   100 bytes of DATA  memory

Errors: none
Warnings: none
