TMS320C3x/4x COFF AssemblerVersion 5.11     Mon Apr 29 17:36:35 2013
Copyright (c) 1987-1999 Texas Instruments Incorporatedc:\lang\tms320c3x\511\bin\asm30.exe -l debug3x.asm debug3x.obj -tC:\Users\JDS\AppData\Local\Temp\debug3x.tmp 

debug3x.asm                                                          PAGE    1

        1                   ;******************************************************************************
        2                   ;* TMS320C3x/4x ANSI C Code Generator                            Version 5.11 *
        3                   ;* Date/Time created: Mon Apr 29 17:36:34 2013                                *
        4                   ;******************************************************************************
        5                           .regalias       ; enable floating point register aliases
        6          0000000b fp      .set    ar3
        7          0000000b FP      .set    ar3
        8                   ;******************************************************************************
        9                   ;* GLOBAL FILE PARAMETERS                                                     *
       10                   ;*                                                                            *
       11                   ;*   Optimization       : Always Choose Smaller Code Size                     *
       12                   ;*   Memory             : Small Memory Model                                  *
       13                   ;*   Float-to-Int       : Normal Conversions (round toward zero)              *
       14                   ;*   Multiply           : in Hardware (24 bits max)                           *
       15                   ;*   Memory Info        : Unmapped Memory Exists                              *
       16                   ;*   Repeat Loops       : Use RPTS and/or RPTB                                *
       17                   ;*   Calls              : Normal Library ASM calls                            *
       18                   ;*   Debug Info         : Optimized TI Debug Information                      *
       19                   ;******************************************************************************
       20                   ;       c:\lang\tms320c3x\511\bin\ac30.exe debug3x.c C:\Users\JDS\AppData\Local\Temp\debug3x.if 
       21                           .file   "debug3x.c"
       22 00000000                  .sect    ".text"
       23                   
       24                           .global _c_int06
       25                           .sym    _c_int06,_c_int06,32,2,0
       26                           .func   13
       27                   ;******************************************************************************
       28                   ;* FUNCTION NAME: _c_int06                                                    *
       29                   ;*                                                                            *
       30                   ;*   Architecture       : TMS320C30                                           *
       31                   ;*   Calling Convention : Stack Parameter Convention                          *
       32                   ;*   Function Uses Regs : r0,ar0,st                                           *
       33                   ;*   Regs Saved         : f0,r0,ar0,pc                                        *
       34                   ;*   Stack Frame        : Full (w/ debug)                                     *
       35                   ;*   Total Frame Size   : 2 Call + 0 Parm + 2 Auto + 3 SOE = 7 words          *
       36                   ;******************************************************************************
       37 00000000          _c_int06:
       38                           .sym    _nRXData,1,15,1,32
       39                           .sym    _nTXData,2,15,1,32
       40                           .line   1
       41                   ;----------------------------------------------------------------------
       42                   ;  13 | void c_int06()                                                         
       43                   ;  15 | unsigned long nRXData;                                                 
       44                   ;  16 | unsigned long nTXData;                                                 
       45                   ;----------------------------------------------------------------------
       46 00000000 0f350000         push      st
       47 00000001 0f2b0000         push      fp
       48 00000002 500b0014         ldiu      sp,fp
       49 00000003 02740002         addi      2,sp
       50 00000004 0f200000         push      r0
       51 00000005 0fa00000         pushf     f0
       52 00000006 0f280000         push      ar0
       53                           .line   6
       54                   ;----------------------------------------------------------------------
TMS320C3x/4x COFF AssemblerVersion 5.11     Mon Apr 29 17:36:35 2013
Copyright (c) 1987-1999 Texas Instruments Incorporatedc:\lang\tms320c3x\511\bin\asm30.exe -l debug3x.asm debug3x.obj -tC:\Users\JDS\AppData\Local\Temp\debug3x.tmp 

debug3x.asm                                                          PAGE    2

       55                   ;  18 | nRXData = *(unsigned long *)0x80804c;                                  
       56                   ;  20 | switch(nRXData >> 24)                                                  
       57                   ;  22 |         case 0x00:                                                     
       58                   ;----------------------------------------------------------------------
       59 00000007 6a20001e         bud       L12
       60 00000008 50280002-        ldiu      @CL1,ar0
       61 00000009 5040c000         ldiu      *ar0,r0
       62 0000000a 15400301         sti       r0,*+fp(1)
       63                   ;*      Branch Occurs to L12 
       64 0000000b          L2:        
       65                           .line   11
       66                   ;----------------------------------------------------------------------
       67                   ;  23 | nTXData = *(unsigned long *)nRXData;                                   
       68                   ;----------------------------------------------------------------------
       69 0000000b 50480301         ldiu      *+fp(1),ar0
       70 0000000c 5040c000         ldiu      *ar0,r0
       71 0000000d 15400302         sti       r0,*+fp(2)
       72                           .line   12
       73                   ;----------------------------------------------------------------------
       74                   ;  24 | break;                                                                 
       75                   ;  26 | case 0x1D:                                                             
       76                   ;----------------------------------------------------------------------
       77 0000000e 6a00002d         bu        L20
       78                   ;*      Branch Occurs to L20 
       79 0000000f          L3:        
       80                           .line   15
       81                   ;----------------------------------------------------------------------
       82                   ;  27 | nTXData = DEBUG_3X_ID_VALUE;                                           
       83                   ;----------------------------------------------------------------------
       84 0000000f 50200003-        ldiu      @CL2,r0
       85 00000010 15400302         sti       r0,*+fp(2)
       86                           .line   16
       87                   ;----------------------------------------------------------------------
       88                   ;  28 | break;                                                                 
       89                   ;  30 | case 0x88:                                                             
       90                   ;----------------------------------------------------------------------
       91 00000011 6a00002a         bu        L20
       92                   ;*      Branch Occurs to L20 
       93 00000012          L4:        
       94                           .line   19
       95                   ;----------------------------------------------------------------------
       96                   ;  31 | nTXData = 0x12345678;                                                  
       97                   ;----------------------------------------------------------------------
       98 00000012 50200003-        ldiu      @CL2,r0
       99 00000013 15400302         sti       r0,*+fp(2)
      100                           .line   20
      101                   ;----------------------------------------------------------------------
      102                   ;  32 | break;                                                                 
      103                   ;  34 | case 0xAD:                                                             
      104                   ;----------------------------------------------------------------------
      105 00000014 6a000027         bu        L20
      106                   ;*      Branch Occurs to L20 
      107 00000015          L5:        
      108                           .line   23
TMS320C3x/4x COFF AssemblerVersion 5.11     Mon Apr 29 17:36:35 2013
Copyright (c) 1987-1999 Texas Instruments Incorporatedc:\lang\tms320c3x\511\bin\asm30.exe -l debug3x.asm debug3x.obj -tC:\Users\JDS\AppData\Local\Temp\debug3x.tmp 

debug3x.asm                                                          PAGE    3

      109                   ;----------------------------------------------------------------------
      110                   ;  35 | _glDebugAddr = nRXData & 0xffffff;                                     
      111                   ;----------------------------------------------------------------------
      112 00000015 50200004-        ldiu      @CL3,r0
      113 00000016 02c00301         and       *+fp(1),r0
      114 00000017 15200001-        sti       r0,@__glDebugAddr+0
      115                           .line   24
      116                   ;----------------------------------------------------------------------
      117                   ;  36 | nTXData = _glDebugAddr;                                                
      118                   ;----------------------------------------------------------------------
      119 00000018 15400302         sti       r0,*+fp(2)
      120                           .line   25
      121                   ;----------------------------------------------------------------------
      122                   ;  37 | break;                                                                 
      123                   ;  39 | case 0xD1:                                                             
      124                   ;----------------------------------------------------------------------
      125 00000019 6a000022         bu        L20
      126                   ;*      Branch Occurs to L20 
      127 0000001a          L6:        
      128                           .line   28
      129                   ;----------------------------------------------------------------------
      130                   ;  40 | _glDebugData = (nRXData << 16) & 0xffff0000;                           
      131                   ;----------------------------------------------------------------------
      132 0000001a 50400301         ldiu      *+fp(1),r0
      133 0000001b 03e00010         ash       16,r0
      134 0000001c 0360ffff         andn      65535,r0
      135 0000001d 15200000-        sti       r0,@__glDebugData+0
      136                           .line   29
      137                   ;----------------------------------------------------------------------
      138                   ;  41 | nTXData = _glDebugData;                                                
      139                   ;----------------------------------------------------------------------
      140 0000001e 15400302         sti       r0,*+fp(2)
      141                           .line   30
      142                   ;----------------------------------------------------------------------
      143                   ;  42 | break;                                                                 
      144                   ;  44 | case 0xD0:                                                             
      145                   ;----------------------------------------------------------------------
      146 0000001f 6a00001c         bu        L20
      147                   ;*      Branch Occurs to L20 
      148 00000020          L7:        
      149                           .line   33
      150                   ;----------------------------------------------------------------------
      151                   ;  45 | _glDebugData |= (nRXData & 0xffff);                                    
      152                   ;----------------------------------------------------------------------
      153 00000020 50400301         ldiu      *+fp(1),r0
      154 00000021 02e0ffff         and       65535,r0
      155 00000022 10200000-        or        @__glDebugData+0,r0
      156 00000023 15200000-        sti       r0,@__glDebugData+0
      157                           .line   34
      158                   ;----------------------------------------------------------------------
      159                   ;  46 | nTXData = _glDebugData;                                                
      160                   ;----------------------------------------------------------------------
      161 00000024 15400302         sti       r0,*+fp(2)
      162                           .line   35
TMS320C3x/4x COFF AssemblerVersion 5.11     Mon Apr 29 17:36:35 2013
Copyright (c) 1987-1999 Texas Instruments Incorporatedc:\lang\tms320c3x\511\bin\asm30.exe -l debug3x.asm debug3x.obj -tC:\Users\JDS\AppData\Local\Temp\debug3x.tmp 

debug3x.asm                                                          PAGE    4

      163                   ;----------------------------------------------------------------------
      164                   ;  47 | break;                                                                 
      165                   ;  49 | case 0x33:                                                             
      166                   ;----------------------------------------------------------------------
      167 00000025 6a000016         bu        L20
      168                   ;*      Branch Occurs to L20 
      169                           .line   38
      170                   ;----------------------------------------------------------------------
      171                   ;  50 | *(unsigned long *)_glDebugAddr = _glDebugData;                         
      172                   ;----------------------------------------------------------------------
      173 00000026          L9:        
      174 00000026 1540c000         sti       r0,*ar0
      175                           .line   39
      176                   ;----------------------------------------------------------------------
      177                   ;  51 | break;                                                                 
      178                   ;  53 | default:                                                               
      179                   ;----------------------------------------------------------------------
      180 00000027 6a000014         bu        L20
      181                   ;*      Branch Occurs to L20 
      182                           .line   42
      183                   ;----------------------------------------------------------------------
      184                   ;  54 | nTXData = 0xffffffff;                                                  
      185                   ;----------------------------------------------------------------------
      186                           .line   43
      187                   ;----------------------------------------------------------------------
      188                   ;  55 | break;                                                                 
      189                   ;----------------------------------------------------------------------
      190 00000028          L12:        
      191                           .line   8
      192 00000028 50400301         ldiu      *+fp(1),r0
      193 00000029 09e0ffe8         lsh       -24,r0
      194 0000002a 6a05ffe0         beq       L2
      195                   ;*      Branch Occurs to L2 
      196 0000002b 04e0001d         cmpi      29,r0
      197 0000002c 6a05ffe2         beq       L3
      198                   ;*      Branch Occurs to L3 
      199 0000002d 04e00033         cmpi      51,r0
      200 0000002e 6a25fff5         beqd      L9
      201 0000002f 0c800000         nop
      202 00000030 52a80001-        ldieq     @__glDebugAddr+0,ar0
      203 00000031 52a00000-        ldieq     @__glDebugData+0,r0
      204                   ;*      Branch Occurs to L9 
      205 00000032 04e00088         cmpi      136,r0
      206 00000033 6a05ffde         beq       L4
      207                   ;*      Branch Occurs to L4 
      208 00000034 04e000ad         cmpi      173,r0
      209 00000035 6a05ffdf         beq       L5
      210                   ;*      Branch Occurs to L5 
      211 00000036 04e000d0         cmpi      208,r0
      212 00000037 6a05ffe8         beq       L7
      213                   ;*      Branch Occurs to L7 
      214 00000038 04e000d1         cmpi      209,r0
      215 00000039 6a05ffe0         beq       L6
      216                   ;*      Branch Occurs to L6 
TMS320C3x/4x COFF AssemblerVersion 5.11     Mon Apr 29 17:36:35 2013
Copyright (c) 1987-1999 Texas Instruments Incorporatedc:\lang\tms320c3x\511\bin\asm30.exe -l debug3x.asm debug3x.obj -tC:\Users\JDS\AppData\Local\Temp\debug3x.tmp 

debug3x.asm                                                          PAGE    5

      217 0000003a 50200005-        ldiu      @CL4,r0
      218 0000003b 15400302         sti       r0,*+fp(2)
      219 0000003c          L20:        
      220                           .line   46
      221                   ;----------------------------------------------------------------------
      222                   ;  58 | *(unsigned long *)0x808048 = nTXData;                                  
      223                   ;----------------------------------------------------------------------
      224 0000003c 50280006-        ldiu      @CL5,ar0
      225 0000003d 50400302         ldiu      *+fp(2),r0
      226 0000003e 1540c000         sti       r0,*ar0
      227                           .line   47
      228 0000003f 0e280000         pop       ar0
      229 00000040 0ea00000         popf      f0
      230 00000041 0e200000         pop       r0
      231 00000042 18740002         subi      2,sp
      232 00000043 0e2b0000         pop       fp
      233 00000044 0e350000         pop       st
      234 00000045 78000000         reti
      235                                                                   ; Return From Interrupt
      236                           .endfunc        59,000000101h,2
      237                   
      238                   
      239 00000046                  .sect    ".text"
      240                   
      241                           .global _Debug3xInit
      242                           .sym    _Debug3xInit,_Debug3xInit,32,2,0
      243                           .func   80
      244                   ;******************************************************************************
      245                   ;* FUNCTION NAME: _Debug3xInit                                                *
      246                   ;*                                                                            *
      247                   ;*   Architecture       : TMS320C30                                           *
      248                   ;*   Calling Convention : Stack Parameter Convention                          *
      249                   ;*   Function Uses Regs : r0,ar0,st                                           *
      250                   ;*   Regs Saved         :                                                     *
      251                   ;*   Stack Frame        : Full (w/ debug)                                     *
      252                   ;*   Total Frame Size   : 2 Call + 1 Parm + 1 Auto + 0 SOE = 4 words          *
      253                   ;******************************************************************************
      254 00000046          _Debug3xInit:
      255                           .sym    _nKind,-2,12,9,32
      256                           .sym    _nTemp,1,4,1,32
      257                           .line   1
      258                   ;----------------------------------------------------------------------
      259                   ;  80 | void Debug3xInit(unsigned char nKind)                                  
      260                   ;----------------------------------------------------------------------
      261 00000046 0f2b0000         push      fp
      262 00000047 500b0014         ldiu      sp,fp
      263 00000048 02740001         addi      1,sp
      264                           .line   2
      265                   ;----------------------------------------------------------------------
      266                   ;  82 | int nTemp;                                                             
      267                   ;----------------------------------------------------------------------
      268                           .line   5
      269                   ;----------------------------------------------------------------------
      270                   ;  84 | *(unsigned long *)0x808042 = 0x111;                                    
TMS320C3x/4x COFF AssemblerVersion 5.11     Mon Apr 29 17:36:35 2013
Copyright (c) 1987-1999 Texas Instruments Incorporatedc:\lang\tms320c3x\511\bin\asm30.exe -l debug3x.asm debug3x.obj -tC:\Users\JDS\AppData\Local\Temp\debug3x.tmp 

debug3x.asm                                                          PAGE    6

      271                   ;----------------------------------------------------------------------
      272 00000049 50280007-        ldiu      @CL6,ar0
      273 0000004a 50600111         ldiu      273,r0
      274 0000004b 1540c000         sti       r0,*ar0
      275                           .line   6
      276                   ;----------------------------------------------------------------------
      277                   ;  85 | *(unsigned long *)0x808040 = 0x0e3c0000;                               
      278                   ;----------------------------------------------------------------------
      279 0000004c 50280008-        ldiu      @CL7,ar0
      280 0000004d 50200009-        ldiu      @CL8,r0
      281 0000004e 1540c000         sti       r0,*ar0
      282                           .line   7
      283                   ;----------------------------------------------------------------------
      284                   ;  86 | nTemp = *(unsigned long *)0x80804c;                                    
      285                   ;  88 | switch(nKind)                                                          
      286                   ;  90 | default:                                                               
      287                   ;  94 | case TMS320C31:                                                        
      288                   ;  95 | case TMS320C33:                                                        
      289                   ;----------------------------------------------------------------------
      290 0000004f 6a20000b         bud       L28
      291 00000050 50280002-        ldiu      @CL1,ar0
      292 00000051 5040c000         ldiu      *ar0,r0
      293 00000052 15400301         sti       r0,*+fp(1)
      294                   ;*      Branch Occurs to L28 
      295 00000053          L24:        
      296                           .line   17
      297                   ;----------------------------------------------------------------------
      298                   ;  96 | (*(unsigned long *)0x809fc6) = 0x60000000 | (int)c_int06;              
      299                   ;----------------------------------------------------------------------
      300 00000053 5020000b-        ldiu      @CL10,r0
      301 00000054 5028000a-        ldiu      @CL9,ar0
      302 00000055 1020000c-        or        @CL11,r0
      303 00000056 1540c000         sti       r0,*ar0
      304                           .line   18
      305                   ;----------------------------------------------------------------------
      306                   ;  97 | break;                                                                 
      307                   ; 102 | case TMS320C32:                                                        
      308                   ;----------------------------------------------------------------------
      309 00000057 6a000010         bu        L32
      310                   ;*      Branch Occurs to L32 
      311                           .line   24
      312                   ;----------------------------------------------------------------------
      313                   ; 103 | (*(unsigned long *)0x87fe06) = 0x60000000 | (int)c_int06;              
      314                   ; 105 | // 인터럽트 벡터를 다시 구성한다.                                      
      315                   ;----------------------------------------------------------------------
      316 00000058          L26:        
      317 00000058 1020000c-        or        @CL11,r0
      318 00000059 1540c000         sti       r0,*ar0
      319                           .line   27
      320                   ;----------------------------------------------------------------------
      321                   ; 106 | asm("   LDI     87feh, IF ");                                          
      322                   ;----------------------------------------------------------------------
      323 0000005a 087787fe    LDI     87feh, IF 
      324                           .line   28
TMS320C3x/4x COFF AssemblerVersion 5.11     Mon Apr 29 17:36:35 2013
Copyright (c) 1987-1999 Texas Instruments Incorporatedc:\lang\tms320c3x\511\bin\asm30.exe -l debug3x.asm debug3x.obj -tC:\Users\JDS\AppData\Local\Temp\debug3x.tmp 

debug3x.asm                                                          PAGE    7

      325                   ;----------------------------------------------------------------------
      326                   ; 107 | asm("   LSH     10h, IF ");     // 0x87fe0000 <---------------         
      327                   ;----------------------------------------------------------------------
      328 0000005b 09f70010    LSH     10h, IF 
      329                           .line   29
      330                   ;----------------------------------------------------------------------
      331                   ; 108 | break;                                                                 
      332                   ; 111 | // 인터럽트를 활성화 시킨다.                                           
      333                   ;----------------------------------------------------------------------
      334 0000005c 6a00000b         bu        L32
      335                   ;*      Branch Occurs to L32 
      336 0000005d          L28:        
      337                           .line   9
      338 0000005d 50400b02         ldiu      *-fp(2),r0
      339 0000005e 04e0001f         cmpi      31,r0
      340 0000005f 6a05fff3         beq       L24
      341                   ;*      Branch Occurs to L24 
      342 00000060 04e00020         cmpi      32,r0
      343 00000061 6a25fff4         beqd      L26
      344 00000062 0c800000         nop
      345 00000063 52a0000b-        ldieq     @CL10,r0
      346 00000064 52a8000d-        ldieq     @CL12,ar0
      347                   ;*      Branch Occurs to L26 
      348 00000065 04e00021         cmpi      33,r0
      349 00000066 6a05ffec         beq       L24
      350                   ;*      Branch Occurs to L24 
      351 00000067 6a00ffeb         bu        L24
      352                   ;*      Branch Occurs to L24 
      353 00000068          L32:        
      354                           .line   33
      355                   ;----------------------------------------------------------------------
      356                   ; 112 | asm("   OR      0020h,IE");                                            
      357                   ;----------------------------------------------------------------------
      358 00000068 10760020         OR      0020h,IE
      359                           .line   34
      360 00000069 50480b01         ldiu      *-fp(1),ar0
      361 0000006a 504bc300         ldiu      *fp,fp
      362 0000006b 18740003         subi      3,sp
      363 0000006c 68000008         bu        ar0
      364                   ;*      Branch Occurs to ar0 
      365                           .endfunc        113,000000000h,1
      366                   
      367                   
      368                   
      369                           .global __glDebugData
      370 00000000                  .bss    __glDebugData,1
      371                           .sym    __glDebugData,__glDebugData,15,2,32
      372                   
      373                           .global __glDebugAddr
      374 00000001                  .bss    __glDebugAddr,1
      375                           .sym    __glDebugAddr,__glDebugAddr,15,2,32
      376                   ;******************************************************************************
      377                   ;* CONSTANT TABLE                                                             *
      378                   ;******************************************************************************
TMS320C3x/4x COFF AssemblerVersion 5.11     Mon Apr 29 17:36:35 2013
Copyright (c) 1987-1999 Texas Instruments Incorporatedc:\lang\tms320c3x\511\bin\asm30.exe -l debug3x.asm debug3x.obj -tC:\Users\JDS\AppData\Local\Temp\debug3x.tmp 

debug3x.asm                                                          PAGE    8

      379 00000000                  .sect   ".const"
      380 00000002                  .bss    CL1,1
      381 00000003                  .bss    CL2,1
      382 00000004                  .bss    CL3,1
      383 00000005                  .bss    CL4,1
      384 00000006                  .bss    CL5,1
      385 00000007                  .bss    CL6,1
      386 00000008                  .bss    CL7,1
      387 00000009                  .bss    CL8,1
      388 0000000a                  .bss    CL9,1
      389 0000000b                  .bss    CL10,1
      390 0000000c                  .bss    CL11,1
      391 0000000d                  .bss    CL12,1
      392                   
      393 00000000                  .sect   ".cinit"
      394 00000000 0000000c         .field          12,32
      395 00000001 00000002-        .field          CL1+0,32
      396 00000002 0080804c         .field          8421452,32
      397 00000003 12345678         .field          305419896,32
      398 00000004 00ffffff         .field          16777215,32
      399 00000005 ffffffff         .field          -1,32
      400 00000006 00808048         .field          8421448,32
      401 00000007 00808042         .field          8421442,32
      402 00000008 00808040         .field          8421440,32
      403 00000009 0e3c0000         .field          238813184,32
      404 0000000a 00809fc6         .field          8429510,32
      405 0000000b 60000000         .field          1610612736,32
      406 0000000c 00000000'        .field          _c_int06,32
      407 0000000d 0087fe06         .field          8912390,32
      408                   
      409 0000006d                  .sect   ".text"

 No Errors,  No Warnings
