TMS320C3x/4x COFF AssemblerVersion 5.11     Mon Apr 29 17:36:35 2013
Copyright (c) 1987-1999 Texas Instruments Incorporatedc:\lang\tms320c3x\511\bin\asm30.exe -l en29lv040.asm en29lv040.obj -tC:\Users\JDS\AppData\Local\Temp\en29lv040.tmp 

en29lv040.asm                                                        PAGE    1

        1                   ;******************************************************************************
        2                   ;* TMS320C3x/4x ANSI C Code Generator                            Version 5.11 *
        3                   ;* Date/Time created: Mon Apr 29 17:36:35 2013                                *
        4                   ;******************************************************************************
        5                           .regalias       ; enable floating point register aliases
        6          0000000b fp      .set    ar3
        7          0000000b FP      .set    ar3
        8                   ;******************************************************************************
        9                   ;* GLOBAL FILE PARAMETERS                                                     *
       10                   ;*                                                                            *
       11                   ;*   Optimization       : Always Choose Smaller Code Size                     *
       12                   ;*   Memory             : Small Memory Model                                  *
       13                   ;*   Float-to-Int       : Normal Conversions (round toward zero)              *
       14                   ;*   Multiply           : in Hardware (24 bits max)                           *
       15                   ;*   Memory Info        : Unmapped Memory Exists                              *
       16                   ;*   Repeat Loops       : Use RPTS and/or RPTB                                *
       17                   ;*   Calls              : Normal Library ASM calls                            *
       18                   ;*   Debug Info         : Optimized TI Debug Information                      *
       19                   ;******************************************************************************
       20                   ;       c:\lang\tms320c3x\511\bin\ac30.exe en29lv040.c C:\Users\JDS\AppData\Local\Temp\en29lv040.if 
       21                           .file   "en29lv040.c"
       22                           .file   "def.h"
       23                           .sym    _WORD,0,13,13,32
       24                           .sym    _USHORT,0,13,13,32
       25                           .sym    _BYTE,0,12,13,32
       26                           .sym    _UCHAR,0,12,13,32
       27                           .sym    _UINT,0,14,13,32
       28                           .sym    _BOOL,0,4,13,32
       29                           .sym    _DWORD,0,15,13,32
       30                           .file   "en29lv040.h"
       31                           .file   "en29lv040.c"
       32 00000000                  .sect    ".text"
       33                   
       34                           .global _en29_Init
       35                           .sym    _en29_Init,_en29_Init,32,2,0
       36                           .func   7
       37                   ;******************************************************************************
       38                   ;* FUNCTION NAME: _en29_Init                                                  *
       39                   ;*                                                                            *
       40                   ;*   Architecture       : TMS320C30                                           *
       41                   ;*   Calling Convention : Stack Parameter Convention                          *
       42                   ;*   Function Uses Regs :                                                     *
       43                   ;*   Regs Saved         :                                                     *
       44                   ;*   Stack Frame        : Full (w/ debug)                                     *
       45                   ;*   Total Frame Size   : 2 Call + 0 Parm + 0 Auto + 0 SOE = 2 words          *
       46                   ;******************************************************************************
       47 00000000          _en29_Init:
       48                           .line   1
       49                   ;----------------------------------------------------------------------
       50                   ;   7 | void en29_Init()                                                       
       51                   ;----------------------------------------------------------------------
       52 00000000 0f2b0000         push      fp
       53 00000001 500b0014         ldiu      sp,fp
       54                           .line   3
TMS320C3x/4x COFF AssemblerVersion 5.11     Mon Apr 29 17:36:35 2013
Copyright (c) 1987-1999 Texas Instruments Incorporatedc:\lang\tms320c3x\511\bin\asm30.exe -l en29lv040.asm en29lv040.obj -tC:\Users\JDS\AppData\Local\Temp\en29lv040.tmp 

en29lv040.asm                                                        PAGE    2

       55 00000002 50410b01         ldiu      *-fp(1),r1
       56 00000003 504bc300         ldiu      *fp,fp
       57 00000004 18740002         subi      2,sp
       58 00000005 68000001         bu        r1
       59                   ;*      Branch Occurs to r1 
       60                           .endfunc        9,000000000h,0
       61                   
       62                   
       63 00000006                  .sect    ".text"
       64                   
       65                           .global _en29_AllErase
       66                           .sym    _en29_AllErase,_en29_AllErase,44,2,0
       67                           .func   14
       68                   ;******************************************************************************
       69                   ;* FUNCTION NAME: _en29_AllErase                                              *
       70                   ;*                                                                            *
       71                   ;*   Architecture       : TMS320C30                                           *
       72                   ;*   Calling Convention : Stack Parameter Convention                          *
       73                   ;*   Function Uses Regs : r0,ar0,ir0                                          *
       74                   ;*   Regs Saved         :                                                     *
       75                   ;*   Stack Frame        : Full (w/ debug)                                     *
       76                   ;*   Total Frame Size   : 2 Call + 0 Parm + 1 Auto + 0 SOE = 3 words          *
       77                   ;******************************************************************************
       78 00000006          _en29_AllErase:
       79                           .sym    _pAddr,1,28,1,32
       80                           .line   1
       81                   ;----------------------------------------------------------------------
       82                   ;  14 | UCHAR en29_AllErase()                                                  
       83                   ;----------------------------------------------------------------------
       84 00000006 0f2b0000         push      fp
       85 00000007 500b0014         ldiu      sp,fp
       86 00000008 02740001         addi      1,sp
       87                           .line   3
       88                   ;----------------------------------------------------------------------
       89                   ;  16 | UCHAR *pAddr = (UCHAR *)EN29LV040_BASE;                                
       90                   ;----------------------------------------------------------------------
       91 00000009 50200000-        ldiu      @CL1,r0
       92 0000000a 15400301         sti       r0,*+fp(1)
       93                           .line   4
       94                   ;----------------------------------------------------------------------
       95                   ;  17 | pAddr[0x555] = 0xaa;                                                   
       96                   ;----------------------------------------------------------------------
       97 0000000b 50680555         ldiu      1365,ar0
       98 0000000c 50110000         ldiu      r0,ir0
       99 0000000d 506000aa         ldiu      170,r0
      100 0000000e 15404000         sti       r0,*+ar0(ir0)
      101                           .line   5
      102                   ;----------------------------------------------------------------------
      103                   ;  18 | pAddr[0x2aa] = 0x55;                                                   
      104                   ;----------------------------------------------------------------------
      105 0000000f 506802aa         ldiu      682,ar0
      106 00000010 50510301         ldiu      *+fp(1),ir0
      107 00000011 50600055         ldiu      85,r0
      108 00000012 15404000         sti       r0,*+ar0(ir0)
TMS320C3x/4x COFF AssemblerVersion 5.11     Mon Apr 29 17:36:35 2013
Copyright (c) 1987-1999 Texas Instruments Incorporatedc:\lang\tms320c3x\511\bin\asm30.exe -l en29lv040.asm en29lv040.obj -tC:\Users\JDS\AppData\Local\Temp\en29lv040.tmp 

en29lv040.asm                                                        PAGE    3

      109                           .line   6
      110                   ;----------------------------------------------------------------------
      111                   ;  19 | pAddr[0x555] = 0x80;                                                   
      112                   ;----------------------------------------------------------------------
      113 00000013 50680555         ldiu      1365,ar0
      114 00000014 50510301         ldiu      *+fp(1),ir0
      115 00000015 50600080         ldiu      128,r0
      116 00000016 15404000         sti       r0,*+ar0(ir0)
      117                           .line   7
      118                   ;----------------------------------------------------------------------
      119                   ;  20 | pAddr[0x555] = 0xaa;                                                   
      120                   ;----------------------------------------------------------------------
      121 00000017 50510301         ldiu      *+fp(1),ir0
      122 00000018 506000aa         ldiu      170,r0
      123 00000019 15404000         sti       r0,*+ar0(ir0)
      124                           .line   8
      125                   ;----------------------------------------------------------------------
      126                   ;  21 | pAddr[0x2aa] = 0x55;                                                   
      127                   ;----------------------------------------------------------------------
      128 0000001a 506802aa         ldiu      682,ar0
      129 0000001b 50510301         ldiu      *+fp(1),ir0
      130 0000001c 50600055         ldiu      85,r0
      131 0000001d 15404000         sti       r0,*+ar0(ir0)
      132                           .line   9
      133                   ;----------------------------------------------------------------------
      134                   ;  22 | pAddr[0x555] = 0x10;                                                   
      135                   ;  24 | //while(WORD_L(pAddr[0x00000]) != 0xff);                               
      136                   ;----------------------------------------------------------------------
      137 0000001e 50510301         ldiu      *+fp(1),ir0
      138 0000001f 50680555         ldiu      1365,ar0
      139 00000020 50600010         ldiu      16,r0
      140 00000021 15404000         sti       r0,*+ar0(ir0)
      141                           .line   13
      142                   ;----------------------------------------------------------------------
      143                   ;  26 | return TRUE;                                                           
      144                   ;----------------------------------------------------------------------
      145 00000022 50600001         ldiu      1,r0
      146                           .line   14
      147 00000023 50510b01         ldiu      *-fp(1),ir0
      148 00000024 504bc300         ldiu      *fp,fp
      149 00000025 18740003         subi      3,sp
      150 00000026 68000011         bu        ir0
      151                   ;*      Branch Occurs to ir0 
      152                           .endfunc        27,000000000h,1
      153                   
      154                   
      155 00000027                  .sect    ".text"
      156                   
      157                           .global _en29_SectorErase
      158                           .sym    _en29_SectorErase,_en29_SectorErase,44,2,0
      159                           .func   33
      160                   ;******************************************************************************
      161                   ;* FUNCTION NAME: _en29_SectorErase                                           *
      162                   ;*                                                                            *
TMS320C3x/4x COFF AssemblerVersion 5.11     Mon Apr 29 17:36:35 2013
Copyright (c) 1987-1999 Texas Instruments Incorporatedc:\lang\tms320c3x\511\bin\asm30.exe -l en29lv040.asm en29lv040.obj -tC:\Users\JDS\AppData\Local\Temp\en29lv040.tmp 

en29lv040.asm                                                        PAGE    4

      163                   ;*   Architecture       : TMS320C30                                           *
      164                   ;*   Calling Convention : Stack Parameter Convention                          *
      165                   ;*   Function Uses Regs : r0,r1,ar0,ir0,st                                    *
      166                   ;*   Regs Saved         :                                                     *
      167                   ;*   Stack Frame        : Full (w/ debug)                                     *
      168                   ;*   Total Frame Size   : 2 Call + 1 Parm + 1 Auto + 0 SOE = 4 words          *
      169                   ;******************************************************************************
      170 00000027          _en29_SectorErase:
      171                           .sym    _nAddr,-2,14,9,32
      172                           .sym    _pAddr,1,28,1,32
      173                           .line   1
      174                   ;----------------------------------------------------------------------
      175                   ;  33 | UCHAR en29_SectorErase(UINT nAddr)                                     
      176                   ;----------------------------------------------------------------------
      177 00000027 0f2b0000         push      fp
      178 00000028 500b0014         ldiu      sp,fp
      179 00000029 02740001         addi      1,sp
      180                           .line   2
      181                           .line   3
      182                   ;----------------------------------------------------------------------
      183                   ;  35 | UCHAR *pAddr = (UCHAR *)EN29LV040_BASE;                                
      184                   ;----------------------------------------------------------------------
      185 0000002a 50200000-        ldiu      @CL1,r0
      186 0000002b 15400301         sti       r0,*+fp(1)
      187                           .line   4
      188                   ;----------------------------------------------------------------------
      189                   ;  36 | pAddr[0x555] = 0xaa;                                                   
      190                   ;----------------------------------------------------------------------
      191 0000002c 50680555         ldiu      1365,ar0
      192 0000002d 50110000         ldiu      r0,ir0
      193 0000002e 506000aa         ldiu      170,r0
      194 0000002f 15404000         sti       r0,*+ar0(ir0)
      195                           .line   5
      196                   ;----------------------------------------------------------------------
      197                   ;  37 | pAddr[0x2aa] = 0x55;                                                   
      198                   ;----------------------------------------------------------------------
      199 00000030 506802aa         ldiu      682,ar0
      200 00000031 50510301         ldiu      *+fp(1),ir0
      201 00000032 50600055         ldiu      85,r0
      202 00000033 15404000         sti       r0,*+ar0(ir0)
      203                           .line   6
      204                   ;----------------------------------------------------------------------
      205                   ;  38 | pAddr[0x555] = 0x80;                                                   
      206                   ;----------------------------------------------------------------------
      207 00000034 50680555         ldiu      1365,ar0
      208 00000035 50510301         ldiu      *+fp(1),ir0
      209 00000036 50600080         ldiu      128,r0
      210 00000037 15404000         sti       r0,*+ar0(ir0)
      211                           .line   7
      212                   ;----------------------------------------------------------------------
      213                   ;  39 | pAddr[0x555] = 0xaa;                                                   
      214                   ;----------------------------------------------------------------------
      215 00000038 50510301         ldiu      *+fp(1),ir0
      216 00000039 506000aa         ldiu      170,r0
TMS320C3x/4x COFF AssemblerVersion 5.11     Mon Apr 29 17:36:35 2013
Copyright (c) 1987-1999 Texas Instruments Incorporatedc:\lang\tms320c3x\511\bin\asm30.exe -l en29lv040.asm en29lv040.obj -tC:\Users\JDS\AppData\Local\Temp\en29lv040.tmp 

en29lv040.asm                                                        PAGE    5

      217 0000003a 15404000         sti       r0,*+ar0(ir0)
      218                           .line   8
      219                   ;----------------------------------------------------------------------
      220                   ;  40 | pAddr[0x2aa] = 0x55;                                                   
      221                   ;----------------------------------------------------------------------
      222 0000003b 506802aa         ldiu      682,ar0
      223 0000003c 50510301         ldiu      *+fp(1),ir0
      224 0000003d 50600055         ldiu      85,r0
      225 0000003e 15404000         sti       r0,*+ar0(ir0)
      226                           .line   9
      227                   ;----------------------------------------------------------------------
      228                   ;  41 | pAddr[nAddr] = 0x30;                                                   
      229                   ;----------------------------------------------------------------------
      230 0000003f 50480b02         ldiu      *-fp(2),ar0
      231 00000040 50510301         ldiu      *+fp(1),ir0
      232 00000041 50610030         ldiu      48,r1
      233 00000042 15414000         sti       r1,*+ar0(ir0)
      234 00000043 506000ff         ldiu      255,r0
      235 00000044          L8:        
      236                           .line   11
      237                   ;----------------------------------------------------------------------
      238                   ;  43 | while(WORD_L(pAddr[nAddr]) != 0xff);                                   
      239                   ;----------------------------------------------------------------------
      240 00000044 50510301         ldiu      *+fp(1),ir0
      241 00000045 50480b02         ldiu      *-fp(2),ar0
      242 00000046 21a14000         and3      r0,*+ar0(ir0),r1
      243 00000047 04e100ff         cmpi      255,r1
      244 00000048 6a06fffb         bne       L8
      245                   ;*      Branch Occurs to L8 
      246                           .line   13
      247                   ;----------------------------------------------------------------------
      248                   ;  45 | return TRUE;                                                           
      249                   ;----------------------------------------------------------------------
      250 00000049 50600001         ldiu      1,r0
      251                           .line   14
      252 0000004a 50510b01         ldiu      *-fp(1),ir0
      253 0000004b 504bc300         ldiu      *fp,fp
      254 0000004c 18740003         subi      3,sp
      255 0000004d 68000011         bu        ir0
      256                   ;*      Branch Occurs to ir0 
      257                           .endfunc        46,000000000h,1
      258                   
      259                   
      260 0000004e                  .sect    ".text"
      261                   
      262                           .global _en29_WriteByte
      263                           .sym    _en29_WriteByte,_en29_WriteByte,32,2,0
      264                           .func   51
      265                   ;******************************************************************************
      266                   ;* FUNCTION NAME: _en29_WriteByte                                             *
      267                   ;*                                                                            *
      268                   ;*   Architecture       : TMS320C30                                           *
      269                   ;*   Calling Convention : Stack Parameter Convention                          *
      270                   ;*   Function Uses Regs : r0,r1,r2,ar0,ir0,st                                 *
TMS320C3x/4x COFF AssemblerVersion 5.11     Mon Apr 29 17:36:35 2013
Copyright (c) 1987-1999 Texas Instruments Incorporatedc:\lang\tms320c3x\511\bin\asm30.exe -l en29lv040.asm en29lv040.obj -tC:\Users\JDS\AppData\Local\Temp\en29lv040.tmp 

en29lv040.asm                                                        PAGE    6

      271                   ;*   Regs Saved         :                                                     *
      272                   ;*   Stack Frame        : Full (w/ debug)                                     *
      273                   ;*   Total Frame Size   : 2 Call + 2 Parm + 1 Auto + 0 SOE = 5 words          *
      274                   ;******************************************************************************
      275 0000004e          _en29_WriteByte:
      276                           .sym    _nAddr,-2,14,9,32
      277                           .sym    _nDat,-3,12,9,32
      278                           .sym    _pAddr,1,28,1,32
      279                           .line   1
      280                   ;----------------------------------------------------------------------
      281                   ;  51 | void en29_WriteByte(UINT nAddr,UCHAR nDat)                             
      282                   ;----------------------------------------------------------------------
      283 0000004e 0f2b0000         push      fp
      284 0000004f 500b0014         ldiu      sp,fp
      285 00000050 02740001         addi      1,sp
      286                           .line   2
      287                           .line   3
      288                   ;----------------------------------------------------------------------
      289                   ;  53 | UCHAR *pAddr = (UCHAR *)EN29LV040_BASE;                                
      290                   ;----------------------------------------------------------------------
      291 00000051 50200000-        ldiu      @CL1,r0
      292 00000052 15400301         sti       r0,*+fp(1)
      293                           .line   4
      294                   ;----------------------------------------------------------------------
      295                   ;  54 | pAddr[0x555] = 0xaa;                                                   
      296                   ;----------------------------------------------------------------------
      297 00000053 50680555         ldiu      1365,ar0
      298 00000054 50110000         ldiu      r0,ir0
      299 00000055 506000aa         ldiu      170,r0
      300 00000056 15404000         sti       r0,*+ar0(ir0)
      301                           .line   5
      302                   ;----------------------------------------------------------------------
      303                   ;  55 | pAddr[0x2aa] = 0x55;                                                   
      304                   ;----------------------------------------------------------------------
      305 00000057 506802aa         ldiu      682,ar0
      306 00000058 50510301         ldiu      *+fp(1),ir0
      307 00000059 50600055         ldiu      85,r0
      308 0000005a 15404000         sti       r0,*+ar0(ir0)
      309                           .line   6
      310                   ;----------------------------------------------------------------------
      311                   ;  56 | pAddr[0x555] = 0xa0;                                                   
      312                   ;----------------------------------------------------------------------
      313 0000005b 50680555         ldiu      1365,ar0
      314 0000005c 50510301         ldiu      *+fp(1),ir0
      315 0000005d 506000a0         ldiu      160,r0
      316 0000005e 15404000         sti       r0,*+ar0(ir0)
      317                           .line   7
      318                   ;----------------------------------------------------------------------
      319                   ;  57 | pAddr[nAddr] = WORD_L(nDat);                                           
      320                   ;----------------------------------------------------------------------
      321 0000005f 506000ff         ldiu      255,r0
      322 00000060 02c00b03         and       *-fp(3),r0
      323 00000061 50480b02         ldiu      *-fp(2),ar0
      324 00000062 50510301         ldiu      *+fp(1),ir0
TMS320C3x/4x COFF AssemblerVersion 5.11     Mon Apr 29 17:36:35 2013
Copyright (c) 1987-1999 Texas Instruments Incorporatedc:\lang\tms320c3x\511\bin\asm30.exe -l en29lv040.asm en29lv040.obj -tC:\Users\JDS\AppData\Local\Temp\en29lv040.tmp 

en29lv040.asm                                                        PAGE    7

      325 00000063 506200ff         ldiu      255,r2
      326 00000064 15404000         sti       r0,*+ar0(ir0)
      327 00000065          L13:        
      328                           .line   9
      329                   ;----------------------------------------------------------------------
      330                   ;  59 | while(WORD_L(pAddr[nAddr]) !=WORD_L(nDat));                            
      331                   ;----------------------------------------------------------------------
      332 00000065 506000ff         ldiu      255,r0
      333 00000066 50510301         ldiu      *+fp(1),ir0
      334 00000067 50480b02         ldiu      *-fp(2),ar0
      335 00000068 02c00b03         and       *-fp(3),r0
      336 00000069 21a14002         and3      r2,*+ar0(ir0),r1
      337 0000006a 23800100         cmpi3     r0,r1
      338 0000006b 6a06fff9         bne       L13
      339                   ;*      Branch Occurs to L13 
      340                           .line   10
      341 0000006c 50510b01         ldiu      *-fp(1),ir0
      342 0000006d 504bc300         ldiu      *fp,fp
      343 0000006e 18740003         subi      3,sp
      344 0000006f 68000011         bu        ir0
      345                   ;*      Branch Occurs to ir0 
      346                           .endfunc        60,000000000h,1
      347                   
      348                   
      349 00000070                  .sect    ".text"
      350                   
      351                           .global _en29_ReadByte
      352                           .sym    _en29_ReadByte,_en29_ReadByte,44,2,0
      353                           .func   65
      354                   ;******************************************************************************
      355                   ;* FUNCTION NAME: _en29_ReadByte                                              *
      356                   ;*                                                                            *
      357                   ;*   Architecture       : TMS320C30                                           *
      358                   ;*   Calling Convention : Stack Parameter Convention                          *
      359                   ;*   Function Uses Regs : r0,ar0,ir0                                          *
      360                   ;*   Regs Saved         :                                                     *
      361                   ;*   Stack Frame        : Full (w/ debug)                                     *
      362                   ;*   Total Frame Size   : 2 Call + 1 Parm + 1 Auto + 0 SOE = 4 words          *
      363                   ;******************************************************************************
      364 00000070          _en29_ReadByte:
      365                           .sym    _nAddr,-2,14,9,32
      366                           .sym    _pAddr,1,28,1,32
      367                           .line   1
      368                   ;----------------------------------------------------------------------
      369                   ;  65 | UCHAR en29_ReadByte(UINT nAddr)                                        
      370                   ;----------------------------------------------------------------------
      371 00000070 0f2b0000         push      fp
      372 00000071 500b0014         ldiu      sp,fp
      373 00000072 02740001         addi      1,sp
      374                           .line   2
      375                           .line   3
      376                   ;----------------------------------------------------------------------
      377                   ;  67 | UCHAR *pAddr = (UCHAR *)EN29LV040_BASE;                                
      378                   ;----------------------------------------------------------------------
TMS320C3x/4x COFF AssemblerVersion 5.11     Mon Apr 29 17:36:35 2013
Copyright (c) 1987-1999 Texas Instruments Incorporatedc:\lang\tms320c3x\511\bin\asm30.exe -l en29lv040.asm en29lv040.obj -tC:\Users\JDS\AppData\Local\Temp\en29lv040.tmp 

en29lv040.asm                                                        PAGE    8

      379 00000073 50200000-        ldiu      @CL1,r0
      380 00000074 15400301         sti       r0,*+fp(1)
      381                           .line   4
      382                   ;----------------------------------------------------------------------
      383                   ;  68 | return WORD_L(pAddr[nAddr]);                                           
      384                   ;----------------------------------------------------------------------
      385 00000075 50110000         ldiu      r0,ir0
      386 00000076 50480b02         ldiu      *-fp(2),ar0
      387 00000077 506000ff         ldiu      255,r0
      388 00000078 21a04000         and3      r0,*+ar0(ir0),r0
      389                           .line   5
      390 00000079 50510b01         ldiu      *-fp(1),ir0
      391 0000007a 504bc300         ldiu      *fp,fp
      392 0000007b 18740003         subi      3,sp
      393 0000007c 68000011         bu        ir0
      394                   ;*      Branch Occurs to ir0 
      395                           .endfunc        69,000000000h,1
      396                   
      397                   
      398                   ;******************************************************************************
      399                   ;* CONSTANT TABLE                                                             *
      400                   ;******************************************************************************
      401 00000000                  .sect   ".const"
      402 00000000                  .bss    CL1,1
      403                   
      404 00000000                  .sect   ".cinit"
      405 00000000 00000001         .field          1,32
      406 00000001 00000000-        .field          CL1+0,32
      407 00000002 00400000         .field          4194304,32
      408                   
      409 0000007d                  .sect   ".text"

 No Errors,  No Warnings
